2024-11-02 04:26:05,392 - INFO - Extraindo backup\completo_backup_projeto-projeto contagem de tokens-20241102_042603-ffff2066-versao-0020.zip para backup_restaurado\completo_backup_projeto-projeto contagem de tokens-20241102_042603-ffff2066-versao-0020
2024-11-02 04:26:05,523 - INFO - Backup restaurado com sucesso: completo_backup_projeto-projeto contagem de tokens-20241102_042603-ffff2066-versao-0020.zip
2024-11-02 04:26:05,523 - INFO - Extraindo backup\completo_backup_projeto-projeto contagem de tokens-20241102_041743-dfb13754-versao-0019.zip para backup_restaurado\completo_backup_projeto-projeto contagem de tokens-20241102_041743-dfb13754-versao-0019
2024-11-02 04:26:10,434 - INFO - Backup restaurado com sucesso: completo_backup_projeto-projeto contagem de tokens-20241102_041743-dfb13754-versao-0019.zip
2024-11-02 04:26:10,435 - INFO - Extraindo backup\completo_backup_projeto-projeto contagem de tokens-20241102_041536-df73a0f2-versao-0018.zip para backup_restaurado\completo_backup_projeto-projeto contagem de tokens-20241102_041536-df73a0f2-versao-0018
2024-11-02 04:26:13,755 - INFO - Backup restaurado com sucesso: completo_backup_projeto-projeto contagem de tokens-20241102_041536-df73a0f2-versao-0018.zip
2024-11-02 04:26:13,756 - INFO - Extraindo backup\completo_backup_projeto-projeto contagem de tokens-20241102_041125-e18d332e-versao-0017.zip para backup_restaurado\completo_backup_projeto-projeto contagem de tokens-20241102_041125-e18d332e-versao-0017
2024-11-02 04:26:14,000 - INFO - Backup restaurado com sucesso: completo_backup_projeto-projeto contagem de tokens-20241102_041125-e18d332e-versao-0017.zip
2024-11-02 04:26:14,000 - INFO - Extraindo backup\completo_backup_projeto-projeto contagem de tokens-20241102_041118-b4b1b289-versao-0016.zip para backup_restaurado\completo_backup_projeto-projeto contagem de tokens-20241102_041118-b4b1b289-versao-0016
2024-11-02 04:26:14,260 - INFO - Backup restaurado com sucesso: completo_backup_projeto-projeto contagem de tokens-20241102_041118-b4b1b289-versao-0016.zip
2024-11-02 04:26:14,260 - INFO - Extraindo backup\completo_backup_projeto-projeto contagem de tokens-20241102_041100-ab332c19-versao-0015.zip para backup_restaurado\completo_backup_projeto-projeto contagem de tokens-20241102_041100-ab332c19-versao-0015
2024-11-02 04:26:14,512 - INFO - Backup restaurado com sucesso: completo_backup_projeto-projeto contagem de tokens-20241102_041100-ab332c19-versao-0015.zip
2024-11-02 04:26:14,512 - INFO - Extraindo backup\completo_backup_projeto-projeto contagem de tokens-20241102_040232-eeb1af6d-versao-0014.zip para backup_restaurado\completo_backup_projeto-projeto contagem de tokens-20241102_040232-eeb1af6d-versao-0014
2024-11-02 04:26:14,756 - INFO - Backup restaurado com sucesso: completo_backup_projeto-projeto contagem de tokens-20241102_040232-eeb1af6d-versao-0014.zip
2024-11-02 04:26:14,758 - INFO - Extraindo backup\completo_backup_projeto-projeto contagem de tokens-20241102_040222-cd3317f4-versao-0013.zip para backup_restaurado\completo_backup_projeto-projeto contagem de tokens-20241102_040222-cd3317f4-versao-0013
2024-11-02 04:26:14,991 - INFO - Backup restaurado com sucesso: completo_backup_projeto-projeto contagem de tokens-20241102_040222-cd3317f4-versao-0013.zip
2024-11-02 04:26:14,992 - INFO - Extraindo backup\completo_backup_projeto-projeto contagem de tokens-20241102_040140-747c4777-versao-0012.zip para backup_restaurado\completo_backup_projeto-projeto contagem de tokens-20241102_040140-747c4777-versao-0012
2024-11-02 04:26:15,257 - INFO - Backup restaurado com sucesso: completo_backup_projeto-projeto contagem de tokens-20241102_040140-747c4777-versao-0012.zip
2024-11-02 04:26:15,257 - INFO - Extraindo backup\completo_backup_projeto-projeto contagem de tokens-20241102_035438-04146c02-versao-0011.zip para backup_restaurado\completo_backup_projeto-projeto contagem de tokens-20241102_035438-04146c02-versao-0011
2024-11-02 04:26:15,432 - INFO - Backup restaurado com sucesso: completo_backup_projeto-projeto contagem de tokens-20241102_035438-04146c02-versao-0011.zip
2024-11-02 04:26:15,433 - INFO - Extraindo backup\completo_backup_projeto-projeto contagem de tokens-20241102_035433-25962567-versao-0010.zip para backup_restaurado\completo_backup_projeto-projeto contagem de tokens-20241102_035433-25962567-versao-0010
2024-11-02 04:26:15,519 - INFO - Backup restaurado com sucesso: completo_backup_projeto-projeto contagem de tokens-20241102_035433-25962567-versao-0010.zip
2024-11-02 04:26:15,520 - INFO - Extraindo backup\completo_backup_projeto-projeto contagem de tokens-20241102_035331-034e861b-versao-0009.zip para backup_restaurado\completo_backup_projeto-projeto contagem de tokens-20241102_035331-034e861b-versao-0009
2024-11-02 04:26:15,640 - INFO - Backup restaurado com sucesso: completo_backup_projeto-projeto contagem de tokens-20241102_035331-034e861b-versao-0009.zip
2024-11-02 04:26:15,641 - INFO - Extraindo backup\completo_backup_projeto-projeto contagem de tokens-20241102_035201-c4fd0ef7-versao-0008.zip para backup_restaurado\completo_backup_projeto-projeto contagem de tokens-20241102_035201-c4fd0ef7-versao-0008
2024-11-02 04:26:15,748 - INFO - Backup restaurado com sucesso: completo_backup_projeto-projeto contagem de tokens-20241102_035201-c4fd0ef7-versao-0008.zip
2024-11-02 04:26:15,748 - INFO - Extraindo backup\completo_backup_projeto-projeto contagem de tokens-20241102_035009-b4ec8d66-versao-0007.zip para backup_restaurado\completo_backup_projeto-projeto contagem de tokens-20241102_035009-b4ec8d66-versao-0007
2024-11-02 04:26:15,868 - INFO - Backup restaurado com sucesso: completo_backup_projeto-projeto contagem de tokens-20241102_035009-b4ec8d66-versao-0007.zip
2024-11-02 04:26:15,868 - INFO - Extraindo backup\completo_backup_projeto-projeto contagem de tokens-20241102_034927-a6c763fc-versao-0006.zip para backup_restaurado\completo_backup_projeto-projeto contagem de tokens-20241102_034927-a6c763fc-versao-0006
2024-11-02 04:26:15,992 - INFO - Backup restaurado com sucesso: completo_backup_projeto-projeto contagem de tokens-20241102_034927-a6c763fc-versao-0006.zip
2024-11-02 04:26:15,997 - INFO - Extraindo backup\completo_backup_projeto-projeto contagem de tokens-20241102_032606-43e38bca-versao-0005.zip para backup_restaurado\completo_backup_projeto-projeto contagem de tokens-20241102_032606-43e38bca-versao-0005
2024-11-02 04:26:16,021 - INFO - Backup restaurado com sucesso: completo_backup_projeto-projeto contagem de tokens-20241102_032606-43e38bca-versao-0005.zip
2024-11-02 04:26:16,021 - INFO - Extraindo backup\completo_backup_projeto-projeto contagem de tokens-20241102_032136-04c27e3d-versao-0004.zip para backup_restaurado\completo_backup_projeto-projeto contagem de tokens-20241102_032136-04c27e3d-versao-0004
2024-11-02 04:26:16,090 - INFO - Backup restaurado com sucesso: completo_backup_projeto-projeto contagem de tokens-20241102_032136-04c27e3d-versao-0004.zip
2024-11-02 04:26:16,090 - INFO - Extraindo backup\completo_backup_projeto-projeto contagem de tokens-20241102_030201-aba6a2c4-versao-0003.zip para backup_restaurado\completo_backup_projeto-projeto contagem de tokens-20241102_030201-aba6a2c4-versao-0003
2024-11-02 04:26:16,118 - INFO - Backup restaurado com sucesso: completo_backup_projeto-projeto contagem de tokens-20241102_030201-aba6a2c4-versao-0003.zip
2024-11-02 04:26:16,118 - INFO - Extraindo backup\completo_backup_projeto-projeto contagem de tokens-20241102_024615-12074e44-versao-0002.zip para backup_restaurado\completo_backup_projeto-projeto contagem de tokens-20241102_024615-12074e44-versao-0002
2024-11-02 04:26:16,146 - INFO - Backup restaurado com sucesso: completo_backup_projeto-projeto contagem de tokens-20241102_024615-12074e44-versao-0002.zip
2024-11-02 04:26:16,146 - INFO - Extraindo backup\completo_backup_projeto-projeto contagem de tokens-20241102_024443-830124be-versao-0001.zip para backup_restaurado\completo_backup_projeto-projeto contagem de tokens-20241102_024443-830124be-versao-0001
2024-11-02 04:26:16,167 - INFO - Backup restaurado com sucesso: completo_backup_projeto-projeto contagem de tokens-20241102_024443-830124be-versao-0001.zip
2024-11-02 04:26:16,168 - INFO - 
Resumo da restauração:
2024-11-02 04:26:16,168 - INFO - Total de arquivos processados: 20
2024-11-02 04:26:16,168 - INFO - Restaurações bem-sucedidas: 20
2024-11-02 04:26:16,168 - INFO - Falhas: 0
