2024-11-02 03:49:29,591 - INFO - Iniciando processo de limpeza de duplicados...
2024-11-02 03:49:29,592 - INFO - Iniciando mapeamento de arquivos...
2024-11-02 03:49:30,587 - INFO - Total de arquivos encontrados: 201
2024-11-02 03:49:30,588 - INFO - Iniciando remoção de duplicados...
2024-11-02 03:49:30,588 - INFO - Removendo duplicado: backup_restaurado\completo_backup_projeto-projeto contagem de tokens-20241102_034927-a6c763fc-versao-0006\backup_restaurado\completo_backup_projeto-projeto contagem de tokens-20241102_024443-830124be-versao-0001\backup_projeto.py
2024-11-02 03:49:30,588 - INFO - Data modificação: 2024-11-02 03:49:28.304533
2024-11-02 03:49:30,588 - INFO - Tamanho: 0.00 MB
2024-11-02 03:49:30,588 - INFO - Removendo duplicado: backup_restaurado\completo_backup_projeto-projeto contagem de tokens-20241102_024615-12074e44-versao-0002\banco_tokens.py
2024-11-02 03:49:30,590 - INFO - Data modificação: 2024-11-02 03:49:28.424212
2024-11-02 03:49:30,590 - INFO - Tamanho: 0.00 MB
2024-11-02 03:49:30,591 - INFO - Removendo duplicado: backup_restaurado\completo_backup_projeto-projeto contagem de tokens-20241102_030201-aba6a2c4-versao-0003\banco_tokens.py
2024-11-02 03:49:30,591 - INFO - Data modificação: 2024-11-02 03:49:28.407258
2024-11-02 03:49:30,591 - INFO - Tamanho: 0.00 MB
2024-11-02 03:49:30,591 - INFO - Removendo duplicado: backup_restaurado\completo_backup_projeto-projeto contagem de tokens-20241102_032136-04c27e3d-versao-0004\banco_tokens.py
2024-11-02 03:49:30,591 - INFO - Data modificação: 2024-11-02 03:49:28.371354
2024-11-02 03:49:30,591 - INFO - Tamanho: 0.00 MB
2024-11-02 03:49:30,592 - INFO - Removendo duplicado: backup_restaurado\completo_backup_projeto-projeto contagem de tokens-20241102_032606-43e38bca-versao-0005\banco_tokens.py
2024-11-02 03:49:30,592 - INFO - Data modificação: 2024-11-02 03:49:28.353402
2024-11-02 03:49:30,592 - INFO - Tamanho: 0.00 MB
2024-11-02 03:49:30,592 - INFO - Removendo duplicado: backup_restaurado\completo_backup_projeto-projeto contagem de tokens-20241102_034927-a6c763fc-versao-0006\banco_tokens.py
2024-11-02 03:49:30,592 - INFO - Data modificação: 2024-11-02 03:49:28.287577
2024-11-02 03:49:30,592 - INFO - Tamanho: 0.00 MB
2024-11-02 03:49:30,593 - INFO - Removendo duplicado: backup_restaurado\completo_backup_projeto-projeto contagem de tokens-20241102_024615-12074e44-versao-0002\contador_tokens_menu.py
2024-11-02 03:49:30,593 - INFO - Data modificação: 2024-11-02 03:49:28.425210
2024-11-02 03:49:30,593 - INFO - Tamanho: 0.02 MB
2024-11-02 03:49:30,593 - INFO - Removendo duplicado: backup_restaurado\completo_backup_projeto-projeto contagem de tokens-20241102_030201-aba6a2c4-versao-0003\contador_tokens_menu.py
2024-11-02 03:49:30,593 - INFO - Data modificação: 2024-11-02 03:49:28.408255
2024-11-02 03:49:30,594 - INFO - Tamanho: 0.02 MB
2024-11-02 03:49:30,594 - INFO - Removendo duplicado: backup_restaurado\completo_backup_projeto-projeto contagem de tokens-20241102_032136-04c27e3d-versao-0004\contador_tokens_menu.py
2024-11-02 03:49:30,594 - INFO - Data modificação: 2024-11-02 03:49:28.372352
2024-11-02 03:49:30,594 - INFO - Tamanho: 0.02 MB
2024-11-02 03:49:30,594 - INFO - Removendo duplicado: backup_restaurado\completo_backup_projeto-projeto contagem de tokens-20241102_032606-43e38bca-versao-0005\contador_tokens_menu.py
2024-11-02 03:49:30,595 - INFO - Data modificação: 2024-11-02 03:49:28.353402
2024-11-02 03:49:30,595 - INFO - Tamanho: 0.02 MB
2024-11-02 03:49:30,595 - INFO - Removendo duplicado: backup_restaurado\completo_backup_projeto-projeto contagem de tokens-20241102_034927-a6c763fc-versao-0006\contador_tokens_menu.py
2024-11-02 03:49:30,595 - INFO - Data modificação: 2024-11-02 03:49:28.288575
2024-11-02 03:49:30,595 - INFO - Tamanho: 0.02 MB
2024-11-02 03:49:30,596 - INFO - Removendo duplicado: backup_restaurado\completo_backup_projeto-projeto contagem de tokens-20241102_024615-12074e44-versao-0002\gerador-dic-texto-yaml-v1.py
2024-11-02 03:49:30,596 - INFO - Data modificação: 2024-11-02 03:49:28.426207
2024-11-02 03:49:30,596 - INFO - Tamanho: 0.01 MB
2024-11-02 03:49:30,596 - INFO - Removendo duplicado: backup_restaurado\completo_backup_projeto-projeto contagem de tokens-20241102_030201-aba6a2c4-versao-0003\gerador-dic-texto-yaml-v1.py
2024-11-02 03:49:30,596 - INFO - Data modificação: 2024-11-02 03:49:28.409252
2024-11-02 03:49:30,596 - INFO - Tamanho: 0.01 MB
2024-11-02 03:49:30,597 - INFO - Removendo duplicado: backup_restaurado\completo_backup_projeto-projeto contagem de tokens-20241102_032136-04c27e3d-versao-0004\gerador-dic-texto-yaml-v1.py
2024-11-02 03:49:30,597 - INFO - Data modificação: 2024-11-02 03:49:28.372352
2024-11-02 03:49:30,597 - INFO - Tamanho: 0.01 MB
2024-11-02 03:49:30,597 - INFO - Removendo duplicado: backup_restaurado\completo_backup_projeto-projeto contagem de tokens-20241102_032606-43e38bca-versao-0005\gerador-dic-texto-yaml-v1.py
2024-11-02 03:49:30,598 - INFO - Data modificação: 2024-11-02 03:49:28.354399
2024-11-02 03:49:30,598 - INFO - Tamanho: 0.01 MB
2024-11-02 03:49:30,599 - INFO - Removendo duplicado: backup_restaurado\completo_backup_projeto-projeto contagem de tokens-20241102_034927-a6c763fc-versao-0006\gerador-dic-texto-yaml-v1.py
2024-11-02 03:49:30,599 - INFO - Data modificação: 2024-11-02 03:49:28.288575
2024-11-02 03:49:30,599 - INFO - Tamanho: 0.01 MB
2024-11-02 03:49:30,599 - INFO - Removendo duplicado: backup_restaurado\completo_backup_projeto-projeto contagem de tokens-20241102_024615-12074e44-versao-0002\gerador_yaml_embeddings-prompt-v2.py
2024-11-02 03:49:30,599 - INFO - Data modificação: 2024-11-02 03:49:28.426207
2024-11-02 03:49:30,599 - INFO - Tamanho: 0.01 MB
2024-11-02 03:49:30,600 - INFO - Removendo duplicado: backup_restaurado\completo_backup_projeto-projeto contagem de tokens-20241102_034927-a6c763fc-versao-0006\backup_restaurado\completo_backup_projeto-projeto contagem de tokens-20241102_024443-830124be-versao-0001\gerador_yaml_embeddings-prompt-v2.py
2024-11-02 03:49:30,600 - INFO - Data modificação: 2024-11-02 03:49:28.304533
2024-11-02 03:49:30,600 - INFO - Tamanho: 0.01 MB
2024-11-02 03:49:30,600 - INFO - Removendo duplicado: backup_restaurado\completo_backup_projeto-projeto contagem de tokens-20241102_024615-12074e44-versao-0002\gerador_yaml_embeddings.py
2024-11-02 03:49:30,600 - INFO - Data modificação: 2024-11-02 03:49:28.427204
2024-11-02 03:49:30,601 - INFO - Tamanho: 0.00 MB
2024-11-02 03:49:30,601 - INFO - Removendo duplicado: backup_restaurado\completo_backup_projeto-projeto contagem de tokens-20241102_030201-aba6a2c4-versao-0003\gerador_yaml_embeddings.py
2024-11-02 03:49:30,601 - INFO - Data modificação: 2024-11-02 03:49:28.410249
2024-11-02 03:49:30,601 - INFO - Tamanho: 0.00 MB
2024-11-02 03:49:30,601 - INFO - Removendo duplicado: backup_restaurado\completo_backup_projeto-projeto contagem de tokens-20241102_032136-04c27e3d-versao-0004\gerador_yaml_embeddings.py
2024-11-02 03:49:30,601 - INFO - Data modificação: 2024-11-02 03:49:28.374346
2024-11-02 03:49:30,602 - INFO - Tamanho: 0.00 MB
2024-11-02 03:49:30,602 - INFO - Removendo duplicado: backup_restaurado\completo_backup_projeto-projeto contagem de tokens-20241102_032606-43e38bca-versao-0005\gerador_yaml_embeddings.py
2024-11-02 03:49:30,602 - INFO - Data modificação: 2024-11-02 03:49:28.355397
2024-11-02 03:49:30,602 - INFO - Tamanho: 0.00 MB
2024-11-02 03:49:30,602 - INFO - Removendo duplicado: backup_restaurado\completo_backup_projeto-projeto contagem de tokens-20241102_034927-a6c763fc-versao-0006\gerador_yaml_embeddings.py
2024-11-02 03:49:30,602 - INFO - Data modificação: 2024-11-02 03:49:28.289573
2024-11-02 03:49:30,602 - INFO - Tamanho: 0.00 MB
2024-11-02 03:49:30,603 - INFO - Removendo duplicado: backup_restaurado\completo_backup_projeto-projeto contagem de tokens-20241102_024615-12074e44-versao-0002\resultados.json
2024-11-02 03:49:30,603 - INFO - Data modificação: 2024-11-02 03:49:28.428201
2024-11-02 03:49:30,603 - INFO - Tamanho: 0.03 MB
2024-11-02 03:49:30,603 - INFO - Removendo duplicado: backup_restaurado\completo_backup_projeto-projeto contagem de tokens-20241102_030201-aba6a2c4-versao-0003\resultados.json
2024-11-02 03:49:30,603 - INFO - Data modificação: 2024-11-02 03:49:28.411247
2024-11-02 03:49:30,603 - INFO - Tamanho: 0.03 MB
2024-11-02 03:49:30,604 - INFO - Removendo duplicado: backup_restaurado\completo_backup_projeto-projeto contagem de tokens-20241102_032136-04c27e3d-versao-0004\resultados.json
2024-11-02 03:49:30,604 - INFO - Data modificação: 2024-11-02 03:49:28.376340
2024-11-02 03:49:30,604 - INFO - Tamanho: 0.03 MB
2024-11-02 03:49:30,604 - INFO - Removendo duplicado: backup_restaurado\completo_backup_projeto-projeto contagem de tokens-20241102_032606-43e38bca-versao-0005\resultados.json
2024-11-02 03:49:30,604 - INFO - Data modificação: 2024-11-02 03:49:28.356394
2024-11-02 03:49:30,604 - INFO - Tamanho: 0.03 MB
2024-11-02 03:49:30,605 - INFO - Removendo duplicado: backup_restaurado\completo_backup_projeto-projeto contagem de tokens-20241102_034927-a6c763fc-versao-0006\json\resultados.json
2024-11-02 03:49:30,605 - INFO - Data modificação: 2024-11-02 03:49:28.345423
2024-11-02 03:49:30,605 - INFO - Tamanho: 0.03 MB
2024-11-02 03:49:30,605 - INFO - Removendo duplicado: backup_restaurado\completo_backup_projeto-projeto contagem de tokens-20241102_024615-12074e44-versao-0002\resultados.txt
2024-11-02 03:49:30,605 - INFO - Data modificação: 2024-11-02 03:49:28.428201
2024-11-02 03:49:30,605 - INFO - Tamanho: 0.01 MB
2024-11-02 03:49:30,606 - INFO - Removendo duplicado: backup_restaurado\completo_backup_projeto-projeto contagem de tokens-20241102_030201-aba6a2c4-versao-0003\resultados.txt
2024-11-02 03:49:30,606 - INFO - Data modificação: 2024-11-02 03:49:28.412245
2024-11-02 03:49:30,606 - INFO - Tamanho: 0.01 MB
2024-11-02 03:49:30,606 - INFO - Removendo duplicado: backup_restaurado\completo_backup_projeto-projeto contagem de tokens-20241102_032136-04c27e3d-versao-0004\resultados.txt
2024-11-02 03:49:30,606 - INFO - Data modificação: 2024-11-02 03:49:28.376340
2024-11-02 03:49:30,606 - INFO - Tamanho: 0.01 MB
2024-11-02 03:49:30,607 - INFO - Removendo duplicado: backup_restaurado\completo_backup_projeto-projeto contagem de tokens-20241102_032606-43e38bca-versao-0005\resultados.txt
2024-11-02 03:49:30,607 - INFO - Data modificação: 2024-11-02 03:49:28.357391
2024-11-02 03:49:30,607 - INFO - Tamanho: 0.01 MB
2024-11-02 03:49:30,607 - INFO - Removendo duplicado: backup_restaurado\completo_backup_projeto-projeto contagem de tokens-20241102_034927-a6c763fc-versao-0006\txt\resultados.txt
2024-11-02 03:49:30,607 - INFO - Data modificação: 2024-11-02 03:49:28.350410
2024-11-02 03:49:30,607 - INFO - Tamanho: 0.01 MB
2024-11-02 03:49:30,608 - INFO - Removendo duplicado: backup_restaurado\completo_backup_projeto-projeto contagem de tokens-20241102_024615-12074e44-versao-0002\resultados.yaml
2024-11-02 03:49:30,608 - INFO - Data modificação: 2024-11-02 03:49:28.429199
2024-11-02 03:49:30,608 - INFO - Tamanho: 0.02 MB
2024-11-02 03:49:30,608 - INFO - Removendo duplicado: backup_restaurado\completo_backup_projeto-projeto contagem de tokens-20241102_030201-aba6a2c4-versao-0003\resultados.yaml
2024-11-02 03:49:30,608 - INFO - Data modificação: 2024-11-02 03:49:28.412245
2024-11-02 03:49:30,608 - INFO - Tamanho: 0.02 MB
2024-11-02 03:49:30,609 - INFO - Removendo duplicado: backup_restaurado\completo_backup_projeto-projeto contagem de tokens-20241102_032136-04c27e3d-versao-0004\resultados.yaml
2024-11-02 03:49:30,609 - INFO - Data modificação: 2024-11-02 03:49:28.377337
2024-11-02 03:49:30,609 - INFO - Tamanho: 0.02 MB
2024-11-02 03:49:30,609 - INFO - Removendo duplicado: backup_restaurado\completo_backup_projeto-projeto contagem de tokens-20241102_032606-43e38bca-versao-0005\resultados.yaml
2024-11-02 03:49:30,609 - INFO - Data modificação: 2024-11-02 03:49:28.357391
2024-11-02 03:49:30,609 - INFO - Tamanho: 0.02 MB
2024-11-02 03:49:30,610 - INFO - Removendo duplicado: backup_restaurado\completo_backup_projeto-projeto contagem de tokens-20241102_034927-a6c763fc-versao-0006\resultados.yaml
2024-11-02 03:49:30,610 - INFO - Data modificação: 2024-11-02 03:49:28.292565
2024-11-02 03:49:30,610 - INFO - Tamanho: 0.02 MB
2024-11-02 03:49:30,610 - INFO - Removendo duplicado: backup_restaurado\completo_backup_projeto-projeto contagem de tokens-20241102_024615-12074e44-versao-0002\tokens_database.db
2024-11-02 03:49:30,610 - INFO - Data modificação: 2024-11-02 03:49:28.430196
2024-11-02 03:49:30,610 - INFO - Tamanho: 0.02 MB
2024-11-02 03:49:30,611 - INFO - Removendo duplicado: backup_restaurado\completo_backup_projeto-projeto contagem de tokens-20241102_030201-aba6a2c4-versao-0003\tokens_database.db
2024-11-02 03:49:30,611 - INFO - Data modificação: 2024-11-02 03:49:28.413243
2024-11-02 03:49:30,611 - INFO - Tamanho: 0.02 MB
2024-11-02 03:49:30,611 - INFO - Removendo duplicado: backup_restaurado\completo_backup_projeto-projeto contagem de tokens-20241102_032136-04c27e3d-versao-0004\tokens_database.db
2024-11-02 03:49:30,611 - INFO - Data modificação: 2024-11-02 03:49:28.378335
2024-11-02 03:49:30,611 - INFO - Tamanho: 0.02 MB
2024-11-02 03:49:30,612 - INFO - Removendo duplicado: backup_restaurado\completo_backup_projeto-projeto contagem de tokens-20241102_032606-43e38bca-versao-0005\tokens_database.db
2024-11-02 03:49:30,612 - INFO - Data modificação: 2024-11-02 03:49:28.358389
2024-11-02 03:49:30,612 - INFO - Tamanho: 0.02 MB
2024-11-02 03:49:30,612 - INFO - Removendo duplicado: backup_restaurado\completo_backup_projeto-projeto contagem de tokens-20241102_034927-a6c763fc-versao-0006\tokens_database.db
2024-11-02 03:49:30,612 - INFO - Data modificação: 2024-11-02 03:49:28.293562
2024-11-02 03:49:30,612 - INFO - Tamanho: 0.02 MB
2024-11-02 03:49:30,613 - INFO - Removendo duplicado: backup_restaurado\completo_backup_projeto-projeto contagem de tokens-20241102_024615-12074e44-versao-0002\tokens_database.db-x-tokens-1-embeddings.bin
2024-11-02 03:49:30,613 - INFO - Data modificação: 2024-11-02 03:49:28.430196
2024-11-02 03:49:30,613 - INFO - Tamanho: 0.00 MB
2024-11-02 03:49:30,613 - INFO - Removendo duplicado: backup_restaurado\completo_backup_projeto-projeto contagem de tokens-20241102_030201-aba6a2c4-versao-0003\tokens_database.db-x-tokens-1-embeddings.bin
2024-11-02 03:49:30,613 - INFO - Data modificação: 2024-11-02 03:49:28.414239
2024-11-02 03:49:30,613 - INFO - Tamanho: 0.00 MB
2024-11-02 03:49:30,614 - INFO - Removendo duplicado: backup_restaurado\completo_backup_projeto-projeto contagem de tokens-20241102_032136-04c27e3d-versao-0004\tokens_database.db-x-tokens-1-embeddings.bin
2024-11-02 03:49:30,614 - INFO - Data modificação: 2024-11-02 03:49:28.379332
2024-11-02 03:49:30,614 - INFO - Tamanho: 0.00 MB
2024-11-02 03:49:30,615 - INFO - Removendo duplicado: backup_restaurado\completo_backup_projeto-projeto contagem de tokens-20241102_032606-43e38bca-versao-0005\tokens_database.db-x-tokens-1-embeddings.bin
2024-11-02 03:49:30,615 - INFO - Data modificação: 2024-11-02 03:49:28.359386
2024-11-02 03:49:30,615 - INFO - Tamanho: 0.00 MB
2024-11-02 03:49:30,616 - INFO - Removendo duplicado: backup_restaurado\completo_backup_projeto-projeto contagem de tokens-20241102_034927-a6c763fc-versao-0006\tokens_database.db-x-tokens-1-embeddings.bin
2024-11-02 03:49:30,616 - INFO - Data modificação: 2024-11-02 03:49:28.294559
2024-11-02 03:49:30,616 - INFO - Tamanho: 0.00 MB
2024-11-02 03:49:30,616 - INFO - Removendo duplicado: backup_restaurado\completo_backup_projeto-projeto contagem de tokens-20241102_024443-830124be-versao-0001\yamls_textembedding_bruto_backups_original_limpeza_20241102_024250_275a3668.zip
2024-11-02 03:49:30,616 - INFO - Data modificação: 2024-11-02 03:49:28.441167
2024-11-02 03:49:30,616 - INFO - Tamanho: 0.04 MB
2024-11-02 03:49:30,616 - INFO - Removendo duplicado: backup_restaurado\completo_backup_projeto-projeto contagem de tokens-20241102_024615-12074e44-versao-0002\yamls_textembedding_bruto_backups_original_limpeza_20241102_024333_8d61281f.zip
2024-11-02 03:49:30,617 - INFO - Data modificação: 2024-11-02 03:49:28.432191
2024-11-02 03:49:30,617 - INFO - Tamanho: 0.04 MB
2024-11-02 03:49:30,617 - INFO - Removendo duplicado: backup_restaurado\completo_backup_projeto-projeto contagem de tokens-20241102_024615-12074e44-versao-0002\yamls_textembedding_bruto_backups_original_limpeza_20241102_024250_275a3668.zip
2024-11-02 03:49:30,617 - INFO - Data modificação: 2024-11-02 03:49:28.431194
2024-11-02 03:49:30,617 - INFO - Tamanho: 0.04 MB
2024-11-02 03:49:30,617 - INFO - Removendo duplicado: backup_restaurado\completo_backup_projeto-projeto contagem de tokens-20241102_030201-aba6a2c4-versao-0003\yamls_textembedding_bruto_backups_original_limpeza_20241102_024333_8d61281f.zip
2024-11-02 03:49:30,617 - INFO - Data modificação: 2024-11-02 03:49:28.417231
2024-11-02 03:49:30,618 - INFO - Tamanho: 0.04 MB
2024-11-02 03:49:30,618 - INFO - Removendo duplicado: backup_restaurado\completo_backup_projeto-projeto contagem de tokens-20241102_030201-aba6a2c4-versao-0003\yamls_textembedding_bruto_backups_original_limpeza_20241102_024250_275a3668.zip
2024-11-02 03:49:30,618 - INFO - Data modificação: 2024-11-02 03:49:28.416235
2024-11-02 03:49:30,618 - INFO - Tamanho: 0.04 MB
2024-11-02 03:49:30,618 - INFO - Removendo duplicado: backup_restaurado\completo_backup_projeto-projeto contagem de tokens-20241102_032136-04c27e3d-versao-0004\yamls_textembedding_bruto_backups_original_limpeza_20241102_024333_8d61281f.zip
2024-11-02 03:49:30,618 - INFO - Data modificação: 2024-11-02 03:49:28.380329
2024-11-02 03:49:30,618 - INFO - Tamanho: 0.04 MB
2024-11-02 03:49:30,619 - INFO - Removendo duplicado: backup_restaurado\completo_backup_projeto-projeto contagem de tokens-20241102_032136-04c27e3d-versao-0004\yamls_textembedding_bruto_backups_original_limpeza_20241102_024250_275a3668.zip
2024-11-02 03:49:30,619 - INFO - Data modificação: 2024-11-02 03:49:28.379332
2024-11-02 03:49:30,619 - INFO - Tamanho: 0.04 MB
2024-11-02 03:49:30,619 - INFO - Removendo duplicado: backup_restaurado\completo_backup_projeto-projeto contagem de tokens-20241102_032606-43e38bca-versao-0005\yamls_textembedding_bruto_backups_original_limpeza_20241102_024333_8d61281f.zip
2024-11-02 03:49:30,619 - INFO - Data modificação: 2024-11-02 03:49:28.360384
2024-11-02 03:49:30,619 - INFO - Tamanho: 0.04 MB
2024-11-02 03:49:30,619 - INFO - Removendo duplicado: backup_restaurado\completo_backup_projeto-projeto contagem de tokens-20241102_032606-43e38bca-versao-0005\yamls_textembedding_bruto_backups_original_limpeza_20241102_024250_275a3668.zip
2024-11-02 03:49:30,620 - INFO - Data modificação: 2024-11-02 03:49:28.359386
2024-11-02 03:49:30,620 - INFO - Tamanho: 0.04 MB
2024-11-02 03:49:30,620 - INFO - Removendo duplicado: backup_restaurado\completo_backup_projeto-projeto contagem de tokens-20241102_034927-a6c763fc-versao-0006\yamls_textembedding_bruto_backups_original_limpeza_20241102_024333_8d61281f.zip
2024-11-02 03:49:30,620 - INFO - Data modificação: 2024-11-02 03:49:28.296554
2024-11-02 03:49:30,620 - INFO - Tamanho: 0.04 MB
2024-11-02 03:49:30,621 - INFO - Removendo duplicado: backup_restaurado\completo_backup_projeto-projeto contagem de tokens-20241102_034927-a6c763fc-versao-0006\yamls_textembedding_bruto_backups_original_limpeza_20241102_024250_275a3668.zip
2024-11-02 03:49:30,621 - INFO - Data modificação: 2024-11-02 03:49:28.295557
2024-11-02 03:49:30,621 - INFO - Tamanho: 0.04 MB
2024-11-02 03:49:30,621 - INFO - Removendo duplicado: backup_restaurado\completo_backup_projeto-projeto contagem de tokens-20241102_024615-12074e44-versao-0002\zipar_yamls.py
2024-11-02 03:49:30,621 - INFO - Data modificação: 2024-11-02 03:49:28.433188
2024-11-02 03:49:30,621 - INFO - Tamanho: 0.00 MB
2024-11-02 03:49:30,622 - INFO - Removendo duplicado: backup_restaurado\completo_backup_projeto-projeto contagem de tokens-20241102_030201-aba6a2c4-versao-0003\zipar_yamls.py
2024-11-02 03:49:30,622 - INFO - Data modificação: 2024-11-02 03:49:28.422217
2024-11-02 03:49:30,622 - INFO - Tamanho: 0.00 MB
2024-11-02 03:49:30,622 - INFO - Removendo duplicado: backup_restaurado\completo_backup_projeto-projeto contagem de tokens-20241102_032136-04c27e3d-versao-0004\zipar_yamls.py
2024-11-02 03:49:30,622 - INFO - Data modificação: 2024-11-02 03:49:28.387311
2024-11-02 03:49:30,622 - INFO - Tamanho: 0.00 MB
2024-11-02 03:49:30,623 - INFO - Removendo duplicado: backup_restaurado\completo_backup_projeto-projeto contagem de tokens-20241102_032606-43e38bca-versao-0005\zipar_yamls.py
2024-11-02 03:49:30,623 - INFO - Data modificação: 2024-11-02 03:49:28.364373
2024-11-02 03:49:30,623 - INFO - Tamanho: 0.00 MB
2024-11-02 03:49:30,623 - INFO - Removendo duplicado: backup_restaurado\completo_backup_projeto-projeto contagem de tokens-20241102_034927-a6c763fc-versao-0006\zipar_yamls.py
2024-11-02 03:49:30,623 - INFO - Data modificação: 2024-11-02 03:49:28.303535
2024-11-02 03:49:30,623 - INFO - Tamanho: 0.00 MB
2024-11-02 03:49:30,624 - INFO - Removendo duplicado: backup_restaurado\completo_backup_projeto-projeto contagem de tokens-20241102_030201-aba6a2c4-versao-0003\backup_projeto.py
2024-11-02 03:49:30,624 - INFO - Data modificação: 2024-11-02 03:49:28.407258
2024-11-02 03:49:30,624 - INFO - Tamanho: 0.01 MB
2024-11-02 03:49:30,624 - INFO - Removendo duplicado: backup_restaurado\completo_backup_projeto-projeto contagem de tokens-20241102_032136-04c27e3d-versao-0004\backup_projeto.py
2024-11-02 03:49:30,624 - INFO - Data modificação: 2024-11-02 03:49:28.370357
2024-11-02 03:49:30,624 - INFO - Tamanho: 0.01 MB
2024-11-02 03:49:30,625 - INFO - Removendo duplicado: backup_restaurado\completo_backup_projeto-projeto contagem de tokens-20241102_032606-43e38bca-versao-0005\backup_projeto.py
2024-11-02 03:49:30,625 - INFO - Data modificação: 2024-11-02 03:49:28.352404
2024-11-02 03:49:30,625 - INFO - Tamanho: 0.01 MB
2024-11-02 03:49:30,625 - INFO - Removendo duplicado: backup_restaurado\completo_backup_projeto-projeto contagem de tokens-20241102_034927-a6c763fc-versao-0006\backup_projeto.py
2024-11-02 03:49:30,625 - INFO - Data modificação: 2024-11-02 03:49:28.286580
2024-11-02 03:49:30,625 - INFO - Tamanho: 0.01 MB
2024-11-02 03:49:30,626 - INFO - Removendo duplicado: backup_restaurado\completo_backup_projeto-projeto contagem de tokens-20241102_032136-04c27e3d-versao-0004\gerador_yaml_embeddings-prompt-v2.py
2024-11-02 03:49:30,626 - INFO - Data modificação: 2024-11-02 03:49:28.373349
2024-11-02 03:49:30,626 - INFO - Tamanho: 0.01 MB
2024-11-02 03:49:30,626 - INFO - Removendo duplicado: backup_restaurado\completo_backup_projeto-projeto contagem de tokens-20241102_032606-43e38bca-versao-0005\gerador_yaml_embeddings-prompt-v2.py
2024-11-02 03:49:30,626 - INFO - Data modificação: 2024-11-02 03:49:28.354399
2024-11-02 03:49:30,627 - INFO - Tamanho: 0.01 MB
2024-11-02 03:49:30,627 - INFO - Removendo duplicado: backup_restaurado\completo_backup_projeto-projeto contagem de tokens-20241102_034927-a6c763fc-versao-0006\gerador_yaml_embeddings-prompt-v2.py
2024-11-02 03:49:30,627 - INFO - Data modificação: 2024-11-02 03:49:28.289573
2024-11-02 03:49:30,627 - INFO - Tamanho: 0.01 MB
2024-11-02 03:49:30,627 - INFO - Removendo duplicado: backup_restaurado\completo_backup_projeto-projeto contagem de tokens-20241102_034927-a6c763fc-versao-0006\backup_restaurado\completo_backup_projeto-projeto contagem de tokens-20241102_030201-aba6a2c4-versao-0003\gerador_yaml_embeddings_stream_v1.py
2024-11-02 03:49:30,627 - INFO - Data modificação: 2024-11-02 03:49:28.305530
2024-11-02 03:49:30,627 - INFO - Tamanho: 0.01 MB
2024-11-02 03:49:30,628 - INFO - Removendo duplicado: backup_restaurado\completo_backup_projeto-projeto contagem de tokens-20241102_032136-04c27e3d-versao-0004\yamls_textembedding_bruto_backups_original_limpeza_20241102_024952_9dd2e439.zip
2024-11-02 03:49:30,628 - INFO - Data modificação: 2024-11-02 03:49:28.383322
2024-11-02 03:49:30,628 - INFO - Tamanho: 0.01 MB
2024-11-02 03:49:30,628 - INFO - Removendo duplicado: backup_restaurado\completo_backup_projeto-projeto contagem de tokens-20241102_032606-43e38bca-versao-0005\yamls_textembedding_bruto_backups_original_limpeza_20241102_024952_9dd2e439.zip
2024-11-02 03:49:30,628 - INFO - Data modificação: 2024-11-02 03:49:28.361381
2024-11-02 03:49:30,628 - INFO - Tamanho: 0.01 MB
2024-11-02 03:49:30,629 - INFO - Removendo duplicado: backup_restaurado\completo_backup_projeto-projeto contagem de tokens-20241102_034927-a6c763fc-versao-0006\yamls_textembedding_bruto_backups_original_limpeza_20241102_024952_9dd2e439.zip
2024-11-02 03:49:30,629 - INFO - Data modificação: 2024-11-02 03:49:28.296554
2024-11-02 03:49:30,629 - INFO - Tamanho: 0.01 MB
2024-11-02 03:49:30,629 - INFO - Removendo duplicado: backup_restaurado\completo_backup_projeto-projeto contagem de tokens-20241102_032136-04c27e3d-versao-0004\yamls_textembedding_bruto_backups_original_limpeza_20241102_025536_7fa0f8a1.zip
2024-11-02 03:49:30,629 - INFO - Data modificação: 2024-11-02 03:49:28.384319
2024-11-02 03:49:30,629 - INFO - Tamanho: 0.01 MB
2024-11-02 03:49:30,630 - INFO - Removendo duplicado: backup_restaurado\completo_backup_projeto-projeto contagem de tokens-20241102_032606-43e38bca-versao-0005\yamls_textembedding_bruto_backups_original_limpeza_20241102_025536_7fa0f8a1.zip
2024-11-02 03:49:30,630 - INFO - Data modificação: 2024-11-02 03:49:28.361381
2024-11-02 03:49:30,630 - INFO - Tamanho: 0.01 MB
2024-11-02 03:49:30,630 - INFO - Removendo duplicado: backup_restaurado\completo_backup_projeto-projeto contagem de tokens-20241102_034927-a6c763fc-versao-0006\yamls_textembedding_bruto_backups_original_limpeza_20241102_025536_7fa0f8a1.zip
2024-11-02 03:49:30,630 - INFO - Data modificação: 2024-11-02 03:49:28.297551
2024-11-02 03:49:30,631 - INFO - Tamanho: 0.01 MB
2024-11-02 03:49:30,631 - INFO - Removendo duplicado: backup_restaurado\completo_backup_projeto-projeto contagem de tokens-20241102_032136-04c27e3d-versao-0004\yamls_textembedding_bruto_backups_original_limpeza_20241102_030152_eac5b9a7.zip
2024-11-02 03:49:30,632 - INFO - Data modificação: 2024-11-02 03:49:28.386314
2024-11-02 03:49:30,632 - INFO - Tamanho: 0.06 MB
2024-11-02 03:49:30,632 - INFO - Removendo duplicado: backup_restaurado\completo_backup_projeto-projeto contagem de tokens-20241102_032606-43e38bca-versao-0005\yamls_textembedding_bruto_backups_original_limpeza_20241102_030152_eac5b9a7.zip
2024-11-02 03:49:30,632 - INFO - Data modificação: 2024-11-02 03:49:28.362379
2024-11-02 03:49:30,632 - INFO - Tamanho: 0.06 MB
2024-11-02 03:49:30,633 - INFO - Removendo duplicado: backup_restaurado\completo_backup_projeto-projeto contagem de tokens-20241102_034927-a6c763fc-versao-0006\yamls_textembedding_bruto_backups_original_limpeza_20241102_030152_eac5b9a7.zip
2024-11-02 03:49:30,633 - INFO - Data modificação: 2024-11-02 03:49:28.298550
2024-11-02 03:49:30,633 - INFO - Tamanho: 0.06 MB
2024-11-02 03:49:30,633 - INFO - Removendo duplicado: backup_restaurado\completo_backup_projeto-projeto contagem de tokens-20241102_034927-a6c763fc-versao-0006\backup_restaurado\completo_backup_projeto-projeto contagem de tokens-20241102_032136-04c27e3d-versao-0004\gerador_yaml_embeddings_stream_v1.py
2024-11-02 03:49:30,634 - INFO - Data modificação: 2024-11-02 03:49:28.306527
2024-11-02 03:49:30,634 - INFO - Tamanho: 0.02 MB
2024-11-02 03:49:30,634 - INFO - Removendo duplicado: backup_restaurado\completo_backup_projeto-projeto contagem de tokens-20241102_034927-a6c763fc-versao-0006\backup_restaurado\completo_backup_projeto-projeto contagem de tokens-20241102_032136-04c27e3d-versao-0004\generated-yaml-text-to-embedding\embedding_stream_v1_0576f31fa9.yaml
2024-11-02 03:49:30,634 - INFO - Data modificação: 2024-11-02 03:49:28.307525
2024-11-02 03:49:30,634 - INFO - Tamanho: 0.01 MB
2024-11-02 03:49:30,634 - INFO - Removendo duplicado: backup_restaurado\completo_backup_projeto-projeto contagem de tokens-20241102_034927-a6c763fc-versao-0006\backup_restaurado\completo_backup_projeto-projeto contagem de tokens-20241102_032136-04c27e3d-versao-0004\generated-yaml-text-to-embedding\embedding_stream_v1_063d25dc58.yaml
2024-11-02 03:49:30,635 - INFO - Data modificação: 2024-11-02 03:49:28.308522
2024-11-02 03:49:30,635 - INFO - Tamanho: 0.01 MB
2024-11-02 03:49:30,635 - INFO - Removendo duplicado: backup_restaurado\completo_backup_projeto-projeto contagem de tokens-20241102_034927-a6c763fc-versao-0006\backup_restaurado\completo_backup_projeto-projeto contagem de tokens-20241102_032136-04c27e3d-versao-0004\generated-yaml-text-to-embedding\embedding_stream_v1_0fd3931699.yaml
2024-11-02 03:49:30,635 - INFO - Data modificação: 2024-11-02 03:49:28.309519
2024-11-02 03:49:30,635 - INFO - Tamanho: 0.00 MB
2024-11-02 03:49:30,635 - INFO - Removendo duplicado: backup_restaurado\completo_backup_projeto-projeto contagem de tokens-20241102_034927-a6c763fc-versao-0006\backup_restaurado\completo_backup_projeto-projeto contagem de tokens-20241102_032136-04c27e3d-versao-0004\generated-yaml-text-to-embedding\embedding_stream_v1_1588e2d1e7.yaml
2024-11-02 03:49:30,635 - INFO - Data modificação: 2024-11-02 03:49:28.310516
2024-11-02 03:49:30,635 - INFO - Tamanho: 0.00 MB
2024-11-02 03:49:30,636 - INFO - Removendo duplicado: backup_restaurado\completo_backup_projeto-projeto contagem de tokens-20241102_034927-a6c763fc-versao-0006\backup_restaurado\completo_backup_projeto-projeto contagem de tokens-20241102_032136-04c27e3d-versao-0004\generated-yaml-text-to-embedding\embedding_stream_v1_164acfd1d8.yaml
2024-11-02 03:49:30,636 - INFO - Data modificação: 2024-11-02 03:49:28.311513
2024-11-02 03:49:30,636 - INFO - Tamanho: 0.00 MB
2024-11-02 03:49:30,636 - INFO - Removendo duplicado: backup_restaurado\completo_backup_projeto-projeto contagem de tokens-20241102_034927-a6c763fc-versao-0006\backup_restaurado\completo_backup_projeto-projeto contagem de tokens-20241102_032136-04c27e3d-versao-0004\generated-yaml-text-to-embedding\embedding_stream_v1_1a5caf07c5.yaml
2024-11-02 03:49:30,636 - INFO - Data modificação: 2024-11-02 03:49:28.311513
2024-11-02 03:49:30,636 - INFO - Tamanho: 0.00 MB
2024-11-02 03:49:30,636 - INFO - Removendo duplicado: backup_restaurado\completo_backup_projeto-projeto contagem de tokens-20241102_034927-a6c763fc-versao-0006\backup_restaurado\completo_backup_projeto-projeto contagem de tokens-20241102_032136-04c27e3d-versao-0004\generated-yaml-text-to-embedding\embedding_stream_v1_30e05afd48.yaml
2024-11-02 03:49:30,637 - INFO - Data modificação: 2024-11-02 03:49:28.312511
2024-11-02 03:49:30,637 - INFO - Tamanho: 0.01 MB
2024-11-02 03:49:30,637 - INFO - Removendo duplicado: backup_restaurado\completo_backup_projeto-projeto contagem de tokens-20241102_034927-a6c763fc-versao-0006\backup_restaurado\completo_backup_projeto-projeto contagem de tokens-20241102_032136-04c27e3d-versao-0004\generated-yaml-text-to-embedding\embedding_stream_v1_31ab824618.yaml
2024-11-02 03:49:30,637 - INFO - Data modificação: 2024-11-02 03:49:28.313509
2024-11-02 03:49:30,637 - INFO - Tamanho: 0.00 MB
2024-11-02 03:49:30,637 - INFO - Removendo duplicado: backup_restaurado\completo_backup_projeto-projeto contagem de tokens-20241102_034927-a6c763fc-versao-0006\backup_restaurado\completo_backup_projeto-projeto contagem de tokens-20241102_032136-04c27e3d-versao-0004\generated-yaml-text-to-embedding\embedding_stream_v1_3b255af689.yaml
2024-11-02 03:49:30,637 - INFO - Data modificação: 2024-11-02 03:49:28.314505
2024-11-02 03:49:30,638 - INFO - Tamanho: 0.00 MB
2024-11-02 03:49:30,638 - INFO - Removendo duplicado: backup_restaurado\completo_backup_projeto-projeto contagem de tokens-20241102_034927-a6c763fc-versao-0006\backup_restaurado\completo_backup_projeto-projeto contagem de tokens-20241102_032136-04c27e3d-versao-0004\generated-yaml-text-to-embedding\embedding_stream_v1_41cbaa4f1e.yaml
2024-11-02 03:49:30,638 - INFO - Data modificação: 2024-11-02 03:49:28.315503
2024-11-02 03:49:30,638 - INFO - Tamanho: 0.00 MB
2024-11-02 03:49:30,638 - INFO - Removendo duplicado: backup_restaurado\completo_backup_projeto-projeto contagem de tokens-20241102_034927-a6c763fc-versao-0006\backup_restaurado\completo_backup_projeto-projeto contagem de tokens-20241102_032136-04c27e3d-versao-0004\generated-yaml-text-to-embedding\embedding_stream_v1_428032746b.yaml
2024-11-02 03:49:30,638 - INFO - Data modificação: 2024-11-02 03:49:28.316500
2024-11-02 03:49:30,639 - INFO - Tamanho: 0.00 MB
2024-11-02 03:49:30,639 - INFO - Removendo duplicado: backup_restaurado\completo_backup_projeto-projeto contagem de tokens-20241102_034927-a6c763fc-versao-0006\backup_restaurado\completo_backup_projeto-projeto contagem de tokens-20241102_032136-04c27e3d-versao-0004\generated-yaml-text-to-embedding\embedding_stream_v1_48ac58e7d0.yaml
2024-11-02 03:49:30,639 - INFO - Data modificação: 2024-11-02 03:49:28.316500
2024-11-02 03:49:30,639 - INFO - Tamanho: 0.01 MB
2024-11-02 03:49:30,639 - INFO - Removendo duplicado: backup_restaurado\completo_backup_projeto-projeto contagem de tokens-20241102_034927-a6c763fc-versao-0006\backup_restaurado\completo_backup_projeto-projeto contagem de tokens-20241102_032136-04c27e3d-versao-0004\generated-yaml-text-to-embedding\embedding_stream_v1_5242367ba4.yaml
2024-11-02 03:49:30,639 - INFO - Data modificação: 2024-11-02 03:49:28.317498
2024-11-02 03:49:30,640 - INFO - Tamanho: 0.00 MB
2024-11-02 03:49:30,640 - INFO - Removendo duplicado: backup_restaurado\completo_backup_projeto-projeto contagem de tokens-20241102_034927-a6c763fc-versao-0006\backup_restaurado\completo_backup_projeto-projeto contagem de tokens-20241102_032136-04c27e3d-versao-0004\generated-yaml-text-to-embedding\embedding_stream_v1_61e27e10b4.yaml
2024-11-02 03:49:30,640 - INFO - Data modificação: 2024-11-02 03:49:28.320490
2024-11-02 03:49:30,640 - INFO - Tamanho: 0.00 MB
2024-11-02 03:49:30,640 - INFO - Removendo duplicado: backup_restaurado\completo_backup_projeto-projeto contagem de tokens-20241102_034927-a6c763fc-versao-0006\backup_restaurado\completo_backup_projeto-projeto contagem de tokens-20241102_032136-04c27e3d-versao-0004\generated-yaml-text-to-embedding\embedding_stream_v1_745dbcc3a8.yaml
2024-11-02 03:49:30,640 - INFO - Data modificação: 2024-11-02 03:49:28.321488
2024-11-02 03:49:30,640 - INFO - Tamanho: 0.00 MB
2024-11-02 03:49:30,641 - INFO - Removendo duplicado: backup_restaurado\completo_backup_projeto-projeto contagem de tokens-20241102_034927-a6c763fc-versao-0006\backup_restaurado\completo_backup_projeto-projeto contagem de tokens-20241102_032136-04c27e3d-versao-0004\generated-yaml-text-to-embedding\embedding_stream_v1_8dad440705.yaml
2024-11-02 03:49:30,641 - INFO - Data modificação: 2024-11-02 03:49:28.322484
2024-11-02 03:49:30,641 - INFO - Tamanho: 0.00 MB
2024-11-02 03:49:30,641 - INFO - Removendo duplicado: backup_restaurado\completo_backup_projeto-projeto contagem de tokens-20241102_034927-a6c763fc-versao-0006\backup_restaurado\completo_backup_projeto-projeto contagem de tokens-20241102_032136-04c27e3d-versao-0004\generated-yaml-text-to-embedding\embedding_stream_v1_8fe2b79d15.yaml
2024-11-02 03:49:30,641 - INFO - Data modificação: 2024-11-02 03:49:28.322484
2024-11-02 03:49:30,641 - INFO - Tamanho: 0.00 MB
2024-11-02 03:49:30,642 - INFO - Removendo duplicado: backup_restaurado\completo_backup_projeto-projeto contagem de tokens-20241102_034927-a6c763fc-versao-0006\backup_restaurado\completo_backup_projeto-projeto contagem de tokens-20241102_032136-04c27e3d-versao-0004\generated-yaml-text-to-embedding\embedding_stream_v1_901cd1ef4e.yaml
2024-11-02 03:49:30,642 - INFO - Data modificação: 2024-11-02 03:49:28.323482
2024-11-02 03:49:30,642 - INFO - Tamanho: 0.01 MB
2024-11-02 03:49:30,642 - INFO - Removendo duplicado: backup_restaurado\completo_backup_projeto-projeto contagem de tokens-20241102_034927-a6c763fc-versao-0006\backup_restaurado\completo_backup_projeto-projeto contagem de tokens-20241102_032136-04c27e3d-versao-0004\generated-yaml-text-to-embedding\embedding_stream_v1_90a43f12a9.yaml
2024-11-02 03:49:30,642 - INFO - Data modificação: 2024-11-02 03:49:28.324479
2024-11-02 03:49:30,642 - INFO - Tamanho: 0.01 MB
2024-11-02 03:49:30,643 - INFO - Removendo duplicado: backup_restaurado\completo_backup_projeto-projeto contagem de tokens-20241102_034927-a6c763fc-versao-0006\backup_restaurado\completo_backup_projeto-projeto contagem de tokens-20241102_032136-04c27e3d-versao-0004\generated-yaml-text-to-embedding\embedding_stream_v1_94c98019a1.yaml
2024-11-02 03:49:30,643 - INFO - Data modificação: 2024-11-02 03:49:28.324479
2024-11-02 03:49:30,643 - INFO - Tamanho: 0.00 MB
2024-11-02 03:49:30,643 - INFO - Removendo duplicado: backup_restaurado\completo_backup_projeto-projeto contagem de tokens-20241102_034927-a6c763fc-versao-0006\backup_restaurado\completo_backup_projeto-projeto contagem de tokens-20241102_032136-04c27e3d-versao-0004\generated-yaml-text-to-embedding\embedding_stream_v1_97d1890bcb.yaml
2024-11-02 03:49:30,643 - INFO - Data modificação: 2024-11-02 03:49:28.325478
2024-11-02 03:49:30,644 - INFO - Tamanho: 0.00 MB
2024-11-02 03:49:30,644 - INFO - Removendo duplicado: backup_restaurado\completo_backup_projeto-projeto contagem de tokens-20241102_034927-a6c763fc-versao-0006\backup_restaurado\completo_backup_projeto-projeto contagem de tokens-20241102_032136-04c27e3d-versao-0004\generated-yaml-text-to-embedding\embedding_stream_v1_9973978c0e.yaml
2024-11-02 03:49:30,644 - INFO - Data modificação: 2024-11-02 03:49:28.326474
2024-11-02 03:49:30,644 - INFO - Tamanho: 0.00 MB
2024-11-02 03:49:30,644 - INFO - Removendo duplicado: backup_restaurado\completo_backup_projeto-projeto contagem de tokens-20241102_034927-a6c763fc-versao-0006\backup_restaurado\completo_backup_projeto-projeto contagem de tokens-20241102_032136-04c27e3d-versao-0004\generated-yaml-text-to-embedding\embedding_stream_v1_a24a2f94ea.yaml
2024-11-02 03:49:30,644 - INFO - Data modificação: 2024-11-02 03:49:28.326474
2024-11-02 03:49:30,645 - INFO - Tamanho: 0.00 MB
2024-11-02 03:49:30,645 - INFO - Removendo duplicado: backup_restaurado\completo_backup_projeto-projeto contagem de tokens-20241102_034927-a6c763fc-versao-0006\backup_restaurado\completo_backup_projeto-projeto contagem de tokens-20241102_032136-04c27e3d-versao-0004\generated-yaml-text-to-embedding\embedding_stream_v1_aaf0eb7404.yaml
2024-11-02 03:49:30,645 - INFO - Data modificação: 2024-11-02 03:49:28.327471
2024-11-02 03:49:30,645 - INFO - Tamanho: 0.00 MB
2024-11-02 03:49:30,645 - INFO - Removendo duplicado: backup_restaurado\completo_backup_projeto-projeto contagem de tokens-20241102_034927-a6c763fc-versao-0006\backup_restaurado\completo_backup_projeto-projeto contagem de tokens-20241102_032136-04c27e3d-versao-0004\generated-yaml-text-to-embedding\embedding_stream_v1_b02a8aba3a.yaml
2024-11-02 03:49:30,645 - INFO - Data modificação: 2024-11-02 03:49:28.327471
2024-11-02 03:49:30,646 - INFO - Tamanho: 0.00 MB
2024-11-02 03:49:30,646 - INFO - Removendo duplicado: backup_restaurado\completo_backup_projeto-projeto contagem de tokens-20241102_034927-a6c763fc-versao-0006\backup_restaurado\completo_backup_projeto-projeto contagem de tokens-20241102_032136-04c27e3d-versao-0004\generated-yaml-text-to-embedding\embedding_stream_v1_b08cb54ade.yaml
2024-11-02 03:49:30,646 - INFO - Data modificação: 2024-11-02 03:49:28.328468
2024-11-02 03:49:30,646 - INFO - Tamanho: 0.00 MB
2024-11-02 03:49:30,646 - INFO - Removendo duplicado: backup_restaurado\completo_backup_projeto-projeto contagem de tokens-20241102_034927-a6c763fc-versao-0006\backup_restaurado\completo_backup_projeto-projeto contagem de tokens-20241102_032136-04c27e3d-versao-0004\generated-yaml-text-to-embedding\embedding_stream_v1_b309d1ab0a.yaml
2024-11-02 03:49:30,646 - INFO - Data modificação: 2024-11-02 03:49:28.329466
2024-11-02 03:49:30,647 - INFO - Tamanho: 0.00 MB
2024-11-02 03:49:30,647 - INFO - Removendo duplicado: backup_restaurado\completo_backup_projeto-projeto contagem de tokens-20241102_034927-a6c763fc-versao-0006\backup_restaurado\completo_backup_projeto-projeto contagem de tokens-20241102_032136-04c27e3d-versao-0004\generated-yaml-text-to-embedding\embedding_stream_v1_b78b8239ef.yaml
2024-11-02 03:49:30,647 - INFO - Data modificação: 2024-11-02 03:49:28.330463
2024-11-02 03:49:30,647 - INFO - Tamanho: 0.00 MB
2024-11-02 03:49:30,647 - INFO - Removendo duplicado: backup_restaurado\completo_backup_projeto-projeto contagem de tokens-20241102_034927-a6c763fc-versao-0006\backup_restaurado\completo_backup_projeto-projeto contagem de tokens-20241102_032136-04c27e3d-versao-0004\generated-yaml-text-to-embedding\embedding_stream_v1_c9fea8c335.yaml
2024-11-02 03:49:30,648 - INFO - Data modificação: 2024-11-02 03:49:28.330463
2024-11-02 03:49:30,648 - INFO - Tamanho: 0.00 MB
2024-11-02 03:49:30,648 - INFO - Removendo duplicado: backup_restaurado\completo_backup_projeto-projeto contagem de tokens-20241102_034927-a6c763fc-versao-0006\backup_restaurado\completo_backup_projeto-projeto contagem de tokens-20241102_032136-04c27e3d-versao-0004\generated-yaml-text-to-embedding\embedding_stream_v1_cbfd64a207.yaml
2024-11-02 03:49:30,649 - INFO - Data modificação: 2024-11-02 03:49:28.331460
2024-11-02 03:49:30,649 - INFO - Tamanho: 0.00 MB
2024-11-02 03:49:30,649 - INFO - Removendo duplicado: backup_restaurado\completo_backup_projeto-projeto contagem de tokens-20241102_034927-a6c763fc-versao-0006\backup_restaurado\completo_backup_projeto-projeto contagem de tokens-20241102_032606-43e38bca-versao-0005\gerador_yaml_embeddings_stream_v1.py
2024-11-02 03:49:30,650 - INFO - Data modificação: 2024-11-02 03:49:28.332458
2024-11-02 03:49:30,650 - INFO - Tamanho: 0.02 MB
2024-11-02 03:49:30,650 - INFO - Removendo duplicado: backup_restaurado\completo_backup_projeto-projeto contagem de tokens-20241102_034927-a6c763fc-versao-0006\yamls_textembedding_bruto_backups_original_limpeza_20241102_032144_0f5392c2.zip
2024-11-02 03:49:30,650 - INFO - Data modificação: 2024-11-02 03:49:28.301541
2024-11-02 03:49:30,650 - INFO - Tamanho: 0.05 MB
2024-11-02 03:49:30,651 - INFO - Removendo duplicado: backup_restaurado\completo_backup_projeto-projeto contagem de tokens-20241102_034927-a6c763fc-versao-0006\backup_restaurado\completo_backup_projeto-projeto contagem de tokens-20241102_032606-43e38bca-versao-0005\generated-yaml-text-to-embedding\embedding_stream_v1_904861821f.yaml
2024-11-02 03:49:30,651 - INFO - Data modificação: 2024-11-02 03:49:28.334452
2024-11-02 03:49:30,651 - INFO - Tamanho: 0.01 MB
2024-11-02 03:49:30,651 - INFO - Removendo duplicado: backup_restaurado\completo_backup_projeto-projeto contagem de tokens-20241102_034927-a6c763fc-versao-0006\backup_restaurado\completo_backup_projeto-projeto contagem de tokens-20241102_032606-43e38bca-versao-0005\generated-yaml-text-to-embedding\embedding_stream_v1_b2ea85825a.yaml
2024-11-02 03:49:30,651 - INFO - Data modificação: 2024-11-02 03:49:28.335450
2024-11-02 03:49:30,652 - INFO - Tamanho: 0.00 MB
2024-11-02 03:49:30,652 - INFO - Removendo duplicado: backup_restaurado\completo_backup_projeto-projeto contagem de tokens-20241102_034927-a6c763fc-versao-0006\backup_restaurado\completo_backup_projeto-projeto contagem de tokens-20241102_032606-43e38bca-versao-0005\generated-yaml-text-to-embedding\embedding_stream_v1_e4ed21811f.yaml
2024-11-02 03:49:30,652 - INFO - Data modificação: 2024-11-02 03:49:28.335450
2024-11-02 03:49:30,652 - INFO - Tamanho: 0.00 MB
2024-11-02 03:49:30,652 - INFO - Removendo duplicado: backup_restaurado\completo_backup_projeto-projeto contagem de tokens-20241102_034927-a6c763fc-versao-0006\backup_restaurado\completo_backup_projeto-projeto contagem de tokens-20241102_032606-43e38bca-versao-0005\generated-yaml-text-to-embedding\embedding_stream_v1_e7bbd6ab26.yaml
2024-11-02 03:49:30,653 - INFO - Data modificação: 2024-11-02 03:49:28.336448
2024-11-02 03:49:30,653 - INFO - Tamanho: 0.00 MB
2024-11-02 03:49:30,653 - INFO - Removendo duplicado: backup_restaurado\completo_backup_projeto-projeto contagem de tokens-20241102_034927-a6c763fc-versao-0006\generated-yaml-text-to-embedding\embedding_stream_v1_fceeecbd79.yaml
2024-11-02 03:49:30,653 - INFO - Data modificação: 2024-11-02 03:49:28.344426
2024-11-02 03:49:30,653 - INFO - Tamanho: 0.00 MB
2024-11-02 03:49:30,653 - INFO - Removendo duplicado: backup_restaurado\completo_backup_projeto-projeto contagem de tokens-20241102_034927-a6c763fc-versao-0006\generated-yaml-text-to-embedding\embedding_stream_v1_f15ebcf5b4.yaml
2024-11-02 03:49:30,653 - INFO - Data modificação: 2024-11-02 03:49:28.343429
2024-11-02 03:49:30,653 - INFO - Tamanho: 0.00 MB
2024-11-02 03:49:30,654 - INFO - Removendo duplicado: backup_restaurado\completo_backup_projeto-projeto contagem de tokens-20241102_034927-a6c763fc-versao-0006\generated-yaml-text-to-embedding\embedding_stream_v1_f574b46540.yaml
2024-11-02 03:49:30,654 - INFO - Data modificação: 2024-11-02 03:49:28.343429
2024-11-02 03:49:30,654 - INFO - Tamanho: 0.00 MB
2024-11-02 03:49:30,654 - INFO - Removendo duplicado: backup_restaurado\completo_backup_projeto-projeto contagem de tokens-20241102_034927-a6c763fc-versao-0006\generated-yaml-text-to-embedding\embedding_stream_v1_e2eb8c2ade.yaml
2024-11-02 03:49:30,654 - INFO - Data modificação: 2024-11-02 03:49:28.342431
2024-11-02 03:49:30,654 - INFO - Tamanho: 0.00 MB
2024-11-02 03:49:30,654 - INFO - Removendo duplicado: backup_restaurado\completo_backup_projeto-projeto contagem de tokens-20241102_034927-a6c763fc-versao-0006\generated-yaml-text-to-embedding\embedding_stream_v1_ebce04fc92.yaml
2024-11-02 03:49:30,654 - INFO - Data modificação: 2024-11-02 03:49:28.342431
2024-11-02 03:49:30,655 - INFO - Tamanho: 0.00 MB
2024-11-02 03:49:30,655 - INFO - Removendo duplicado: backup_restaurado\completo_backup_projeto-projeto contagem de tokens-20241102_034927-a6c763fc-versao-0006\generated-yaml-text-to-embedding\embedding_stream_v1_8953acc813.yaml
2024-11-02 03:49:30,655 - INFO - Data modificação: 2024-11-02 03:49:28.341434
2024-11-02 03:49:30,655 - INFO - Tamanho: 0.00 MB
2024-11-02 03:49:30,655 - INFO - Removendo duplicado: backup_restaurado\completo_backup_projeto-projeto contagem de tokens-20241102_034927-a6c763fc-versao-0006\generated-yaml-text-to-embedding\embedding_stream_v1_8ab041c6ee.yaml
2024-11-02 03:49:30,655 - INFO - Data modificação: 2024-11-02 03:49:28.341434
2024-11-02 03:49:30,655 - INFO - Tamanho: 0.00 MB
2024-11-02 03:49:30,655 - INFO - Removendo duplicado: backup_restaurado\completo_backup_projeto-projeto contagem de tokens-20241102_034927-a6c763fc-versao-0006\generated-yaml-text-to-embedding\embedding_stream_v1_5fd0236479.yaml
2024-11-02 03:49:30,656 - INFO - Data modificação: 2024-11-02 03:49:28.340436
2024-11-02 03:49:30,656 - INFO - Tamanho: 0.00 MB
2024-11-02 03:49:30,656 - INFO - Removendo duplicado: backup_restaurado\completo_backup_projeto-projeto contagem de tokens-20241102_034927-a6c763fc-versao-0006\generated-yaml-text-to-embedding\embedding_stream_v1_68e05b0b89.yaml
2024-11-02 03:49:30,656 - INFO - Data modificação: 2024-11-02 03:49:28.340436
2024-11-02 03:49:30,656 - INFO - Tamanho: 0.00 MB
2024-11-02 03:49:30,656 - INFO - Removendo duplicado: backup_restaurado\completo_backup_projeto-projeto contagem de tokens-20241102_034927-a6c763fc-versao-0006\generated-yaml-text-to-embedding\embedding_stream_v1_29b2a4cba2.yaml
2024-11-02 03:49:30,656 - INFO - Data modificação: 2024-11-02 03:49:28.338443
2024-11-02 03:49:30,656 - INFO - Tamanho: 0.00 MB
2024-11-02 03:49:30,657 - INFO - Removendo duplicado: backup_restaurado\completo_backup_projeto-projeto contagem de tokens-20241102_034927-a6c763fc-versao-0006\generated-yaml-text-to-embedding\embedding_stream_v1_2f7f36a9f7.yaml
2024-11-02 03:49:30,657 - INFO - Data modificação: 2024-11-02 03:49:28.338443
2024-11-02 03:49:30,657 - INFO - Tamanho: 0.00 MB
2024-11-02 03:49:30,657 - INFO - Removendo duplicado: backup_restaurado\completo_backup_projeto-projeto contagem de tokens-20241102_034927-a6c763fc-versao-0006\generated-yaml-text-to-embedding\embedding_stream_v1_090a85aacc.yaml
2024-11-02 03:49:30,657 - INFO - Data modificação: 2024-11-02 03:49:28.337445
2024-11-02 03:49:30,657 - INFO - Tamanho: 0.00 MB
2024-11-02 03:49:30,658 - INFO - Removendo pastas vazias...
2024-11-02 03:49:30,662 - INFO - Pasta vazia removida: backup_restaurado\completo_backup_projeto-projeto contagem de tokens-20241102_034927-a6c763fc-versao-0006\txt
2024-11-02 03:49:30,663 - INFO - Pasta vazia removida: backup_restaurado\completo_backup_projeto-projeto contagem de tokens-20241102_034927-a6c763fc-versao-0006\json
2024-11-02 03:49:30,664 - INFO - Pasta vazia removida: backup_restaurado\completo_backup_projeto-projeto contagem de tokens-20241102_034927-a6c763fc-versao-0006\backup_restaurado\completo_backup_projeto-projeto contagem de tokens-20241102_032606-43e38bca-versao-0005\generated-yaml-text-to-embedding
2024-11-02 03:49:30,664 - INFO - Pasta vazia removida: backup_restaurado\completo_backup_projeto-projeto contagem de tokens-20241102_034927-a6c763fc-versao-0006\backup_restaurado\completo_backup_projeto-projeto contagem de tokens-20241102_032606-43e38bca-versao-0005
2024-11-02 03:49:30,666 - INFO - Pasta vazia removida: backup_restaurado\completo_backup_projeto-projeto contagem de tokens-20241102_034927-a6c763fc-versao-0006\backup_restaurado\completo_backup_projeto-projeto contagem de tokens-20241102_032136-04c27e3d-versao-0004\generated-yaml-text-to-embedding
2024-11-02 03:49:30,666 - INFO - Pasta vazia removida: backup_restaurado\completo_backup_projeto-projeto contagem de tokens-20241102_034927-a6c763fc-versao-0006\backup_restaurado\completo_backup_projeto-projeto contagem de tokens-20241102_032136-04c27e3d-versao-0004
2024-11-02 03:49:30,667 - INFO - Pasta vazia removida: backup_restaurado\completo_backup_projeto-projeto contagem de tokens-20241102_034927-a6c763fc-versao-0006\backup_restaurado\completo_backup_projeto-projeto contagem de tokens-20241102_030201-aba6a2c4-versao-0003
2024-11-02 03:49:30,667 - INFO - Pasta vazia removida: backup_restaurado\completo_backup_projeto-projeto contagem de tokens-20241102_034927-a6c763fc-versao-0006\backup_restaurado\completo_backup_projeto-projeto contagem de tokens-20241102_024443-830124be-versao-0001
2024-11-02 03:49:30,667 - INFO - Pasta vazia removida: backup_restaurado\completo_backup_projeto-projeto contagem de tokens-20241102_034927-a6c763fc-versao-0006\backup_restaurado
2024-11-02 03:49:30,671 - INFO - 
Relatório Final de Limpeza:
2024-11-02 03:49:30,671 - INFO - Total de arquivos originais: 201
2024-11-02 03:49:30,671 - INFO - Arquivos removidos: 130
2024-11-02 03:49:30,671 - INFO - Espaço liberado: 1.53 MB
2024-11-02 03:49:30,671 - INFO - Arquivos únicos restantes: 71
2024-11-02 03:49:30,672 - INFO - Processo de limpeza concluído com sucesso!
