2024-11-02 03:50:12,592 - INFO - Iniciando processo de limpeza de duplicados...
2024-11-02 03:50:12,593 - INFO - Iniciando mapeamento de arquivos...
2024-11-02 03:50:13,900 - INFO - Total de arquivos encontrados: 285
2024-11-02 03:50:13,901 - INFO - Iniciando remoção de duplicados...
2024-11-02 03:50:13,901 - INFO - Removendo duplicado: backup_restaurado\completo_backup_projeto-projeto contagem de tokens-20241102_034927-a6c763fc-versao-0006\backup_restaurado\completo_backup_projeto-projeto contagem de tokens-20241102_024443-830124be-versao-0001\backup_projeto.py
2024-11-02 03:50:13,901 - INFO - Data modificação: 2024-11-02 03:50:11.273073
2024-11-02 03:50:13,901 - INFO - Tamanho: 0.00 MB
2024-11-02 03:50:13,903 - INFO - Removendo duplicado: backup_restaurado\completo_backup_projeto-projeto contagem de tokens-20241102_035009-b4ec8d66-versao-0007\backup_restaurado\completo_backup_projeto-projeto contagem de tokens-20241102_024443-830124be-versao-0001\backup_projeto.py
2024-11-02 03:50:13,905 - INFO - Data modificação: 2024-11-02 03:50:11.224625
2024-11-02 03:50:13,905 - INFO - Tamanho: 0.00 MB
2024-11-02 03:50:13,905 - INFO - Removendo duplicado: backup_restaurado\completo_backup_projeto-projeto contagem de tokens-20241102_024615-12074e44-versao-0002\banco_tokens.py
2024-11-02 03:50:13,905 - INFO - Data modificação: 2024-11-02 03:50:11.356849
2024-11-02 03:50:13,905 - INFO - Tamanho: 0.00 MB
2024-11-02 03:50:13,906 - INFO - Removendo duplicado: backup_restaurado\completo_backup_projeto-projeto contagem de tokens-20241102_030201-aba6a2c4-versao-0003\banco_tokens.py
2024-11-02 03:50:13,906 - INFO - Data modificação: 2024-11-02 03:50:11.344881
2024-11-02 03:50:13,906 - INFO - Tamanho: 0.00 MB
2024-11-02 03:50:13,906 - INFO - Removendo duplicado: backup_restaurado\completo_backup_projeto-projeto contagem de tokens-20241102_032136-04c27e3d-versao-0004\banco_tokens.py
2024-11-02 03:50:13,907 - INFO - Data modificação: 2024-11-02 03:50:11.322940
2024-11-02 03:50:13,907 - INFO - Tamanho: 0.00 MB
2024-11-02 03:50:13,907 - INFO - Removendo duplicado: backup_restaurado\completo_backup_projeto-projeto contagem de tokens-20241102_032606-43e38bca-versao-0005\banco_tokens.py
2024-11-02 03:50:13,907 - INFO - Data modificação: 2024-11-02 03:50:11.308978
2024-11-02 03:50:13,907 - INFO - Tamanho: 0.00 MB
2024-11-02 03:50:13,908 - INFO - Removendo duplicado: backup_restaurado\completo_backup_projeto-projeto contagem de tokens-20241102_034927-a6c763fc-versao-0006\banco_tokens.py
2024-11-02 03:50:13,908 - INFO - Data modificação: 2024-11-02 03:50:11.261526
2024-11-02 03:50:13,908 - INFO - Tamanho: 0.00 MB
2024-11-02 03:50:13,908 - INFO - Removendo duplicado: backup_restaurado\completo_backup_projeto-projeto contagem de tokens-20241102_035009-b4ec8d66-versao-0007\banco_tokens.py
2024-11-02 03:50:13,908 - INFO - Data modificação: 2024-11-02 03:50:11.209666
2024-11-02 03:50:13,908 - INFO - Tamanho: 0.00 MB
2024-11-02 03:50:13,909 - INFO - Removendo duplicado: backup_restaurado\completo_backup_projeto-projeto contagem de tokens-20241102_024615-12074e44-versao-0002\contador_tokens_menu.py
2024-11-02 03:50:13,909 - INFO - Data modificação: 2024-11-02 03:50:11.356849
2024-11-02 03:50:13,909 - INFO - Tamanho: 0.02 MB
2024-11-02 03:50:13,909 - INFO - Removendo duplicado: backup_restaurado\completo_backup_projeto-projeto contagem de tokens-20241102_030201-aba6a2c4-versao-0003\contador_tokens_menu.py
2024-11-02 03:50:13,909 - INFO - Data modificação: 2024-11-02 03:50:11.344881
2024-11-02 03:50:13,909 - INFO - Tamanho: 0.02 MB
2024-11-02 03:50:13,910 - INFO - Removendo duplicado: backup_restaurado\completo_backup_projeto-projeto contagem de tokens-20241102_032136-04c27e3d-versao-0004\contador_tokens_menu.py
2024-11-02 03:50:13,910 - INFO - Data modificação: 2024-11-02 03:50:11.322940
2024-11-02 03:50:13,910 - INFO - Tamanho: 0.02 MB
2024-11-02 03:50:13,910 - INFO - Removendo duplicado: backup_restaurado\completo_backup_projeto-projeto contagem de tokens-20241102_032606-43e38bca-versao-0005\contador_tokens_menu.py
2024-11-02 03:50:13,910 - INFO - Data modificação: 2024-11-02 03:50:11.308978
2024-11-02 03:50:13,910 - INFO - Tamanho: 0.02 MB
2024-11-02 03:50:13,910 - INFO - Removendo duplicado: backup_restaurado\completo_backup_projeto-projeto contagem de tokens-20241102_034927-a6c763fc-versao-0006\contador_tokens_menu.py
2024-11-02 03:50:13,911 - INFO - Data modificação: 2024-11-02 03:50:11.262104
2024-11-02 03:50:13,911 - INFO - Tamanho: 0.02 MB
2024-11-02 03:50:13,911 - INFO - Removendo duplicado: backup_restaurado\completo_backup_projeto-projeto contagem de tokens-20241102_035009-b4ec8d66-versao-0007\contador_tokens_menu.py
2024-11-02 03:50:13,911 - INFO - Data modificação: 2024-11-02 03:50:11.210662
2024-11-02 03:50:13,911 - INFO - Tamanho: 0.02 MB
2024-11-02 03:50:13,911 - INFO - Removendo duplicado: backup_restaurado\completo_backup_projeto-projeto contagem de tokens-20241102_024615-12074e44-versao-0002\gerador-dic-texto-yaml-v1.py
2024-11-02 03:50:13,911 - INFO - Data modificação: 2024-11-02 03:50:11.357847
2024-11-02 03:50:13,912 - INFO - Tamanho: 0.01 MB
2024-11-02 03:50:13,912 - INFO - Removendo duplicado: backup_restaurado\completo_backup_projeto-projeto contagem de tokens-20241102_030201-aba6a2c4-versao-0003\gerador-dic-texto-yaml-v1.py
2024-11-02 03:50:13,912 - INFO - Data modificação: 2024-11-02 03:50:11.345878
2024-11-02 03:50:13,912 - INFO - Tamanho: 0.01 MB
2024-11-02 03:50:13,912 - INFO - Removendo duplicado: backup_restaurado\completo_backup_projeto-projeto contagem de tokens-20241102_032136-04c27e3d-versao-0004\gerador-dic-texto-yaml-v1.py
2024-11-02 03:50:13,912 - INFO - Data modificação: 2024-11-02 03:50:11.323938
2024-11-02 03:50:13,912 - INFO - Tamanho: 0.01 MB
2024-11-02 03:50:13,913 - INFO - Removendo duplicado: backup_restaurado\completo_backup_projeto-projeto contagem de tokens-20241102_032606-43e38bca-versao-0005\gerador-dic-texto-yaml-v1.py
2024-11-02 03:50:13,913 - INFO - Data modificação: 2024-11-02 03:50:11.309975
2024-11-02 03:50:13,913 - INFO - Tamanho: 0.01 MB
2024-11-02 03:50:13,913 - INFO - Removendo duplicado: backup_restaurado\completo_backup_projeto-projeto contagem de tokens-20241102_034927-a6c763fc-versao-0006\gerador-dic-texto-yaml-v1.py
2024-11-02 03:50:13,913 - INFO - Data modificação: 2024-11-02 03:50:11.262104
2024-11-02 03:50:13,913 - INFO - Tamanho: 0.01 MB
2024-11-02 03:50:13,914 - INFO - Removendo duplicado: backup_restaurado\completo_backup_projeto-projeto contagem de tokens-20241102_035009-b4ec8d66-versao-0007\gerador-dic-texto-yaml-v1.py
2024-11-02 03:50:13,914 - INFO - Data modificação: 2024-11-02 03:50:11.211661
2024-11-02 03:50:13,914 - INFO - Tamanho: 0.01 MB
2024-11-02 03:50:13,914 - INFO - Removendo duplicado: backup_restaurado\completo_backup_projeto-projeto contagem de tokens-20241102_024615-12074e44-versao-0002\gerador_yaml_embeddings-prompt-v2.py
2024-11-02 03:50:13,914 - INFO - Data modificação: 2024-11-02 03:50:11.358843
2024-11-02 03:50:13,914 - INFO - Tamanho: 0.01 MB
2024-11-02 03:50:13,915 - INFO - Removendo duplicado: backup_restaurado\completo_backup_projeto-projeto contagem de tokens-20241102_034927-a6c763fc-versao-0006\backup_restaurado\completo_backup_projeto-projeto contagem de tokens-20241102_024443-830124be-versao-0001\gerador_yaml_embeddings-prompt-v2.py
2024-11-02 03:50:13,916 - INFO - Data modificação: 2024-11-02 03:50:11.274070
2024-11-02 03:50:13,916 - INFO - Tamanho: 0.01 MB
2024-11-02 03:50:13,916 - INFO - Removendo duplicado: backup_restaurado\completo_backup_projeto-projeto contagem de tokens-20241102_035009-b4ec8d66-versao-0007\backup_restaurado\completo_backup_projeto-projeto contagem de tokens-20241102_024443-830124be-versao-0001\gerador_yaml_embeddings-prompt-v2.py
2024-11-02 03:50:13,916 - INFO - Data modificação: 2024-11-02 03:50:11.225623
2024-11-02 03:50:13,916 - INFO - Tamanho: 0.01 MB
2024-11-02 03:50:13,917 - INFO - Removendo duplicado: backup_restaurado\completo_backup_projeto-projeto contagem de tokens-20241102_024615-12074e44-versao-0002\gerador_yaml_embeddings.py
2024-11-02 03:50:13,917 - INFO - Data modificação: 2024-11-02 03:50:11.358843
2024-11-02 03:50:13,917 - INFO - Tamanho: 0.00 MB
2024-11-02 03:50:13,917 - INFO - Removendo duplicado: backup_restaurado\completo_backup_projeto-projeto contagem de tokens-20241102_030201-aba6a2c4-versao-0003\gerador_yaml_embeddings.py
2024-11-02 03:50:13,917 - INFO - Data modificação: 2024-11-02 03:50:11.346876
2024-11-02 03:50:13,918 - INFO - Tamanho: 0.00 MB
2024-11-02 03:50:13,918 - INFO - Removendo duplicado: backup_restaurado\completo_backup_projeto-projeto contagem de tokens-20241102_032136-04c27e3d-versao-0004\gerador_yaml_embeddings.py
2024-11-02 03:50:13,918 - INFO - Data modificação: 2024-11-02 03:50:11.324935
2024-11-02 03:50:13,918 - INFO - Tamanho: 0.00 MB
2024-11-02 03:50:13,918 - INFO - Removendo duplicado: backup_restaurado\completo_backup_projeto-projeto contagem de tokens-20241102_032606-43e38bca-versao-0005\gerador_yaml_embeddings.py
2024-11-02 03:50:13,919 - INFO - Data modificação: 2024-11-02 03:50:11.310971
2024-11-02 03:50:13,919 - INFO - Tamanho: 0.00 MB
2024-11-02 03:50:13,919 - INFO - Removendo duplicado: backup_restaurado\completo_backup_projeto-projeto contagem de tokens-20241102_034927-a6c763fc-versao-0006\gerador_yaml_embeddings.py
2024-11-02 03:50:13,919 - INFO - Data modificação: 2024-11-02 03:50:11.263100
2024-11-02 03:50:13,919 - INFO - Tamanho: 0.00 MB
2024-11-02 03:50:13,919 - INFO - Removendo duplicado: backup_restaurado\completo_backup_projeto-projeto contagem de tokens-20241102_035009-b4ec8d66-versao-0007\gerador_yaml_embeddings.py
2024-11-02 03:50:13,919 - INFO - Data modificação: 2024-11-02 03:50:11.212658
2024-11-02 03:50:13,920 - INFO - Tamanho: 0.00 MB
2024-11-02 03:50:13,920 - INFO - Removendo duplicado: backup_restaurado\completo_backup_projeto-projeto contagem de tokens-20241102_024615-12074e44-versao-0002\resultados.json
2024-11-02 03:50:13,920 - INFO - Data modificação: 2024-11-02 03:50:11.359841
2024-11-02 03:50:13,920 - INFO - Tamanho: 0.03 MB
2024-11-02 03:50:13,920 - INFO - Removendo duplicado: backup_restaurado\completo_backup_projeto-projeto contagem de tokens-20241102_030201-aba6a2c4-versao-0003\resultados.json
2024-11-02 03:50:13,920 - INFO - Data modificação: 2024-11-02 03:50:11.347873
2024-11-02 03:50:13,921 - INFO - Tamanho: 0.03 MB
2024-11-02 03:50:13,921 - INFO - Removendo duplicado: backup_restaurado\completo_backup_projeto-projeto contagem de tokens-20241102_032136-04c27e3d-versao-0004\resultados.json
2024-11-02 03:50:13,921 - INFO - Data modificação: 2024-11-02 03:50:11.325932
2024-11-02 03:50:13,921 - INFO - Tamanho: 0.03 MB
2024-11-02 03:50:13,921 - INFO - Removendo duplicado: backup_restaurado\completo_backup_projeto-projeto contagem de tokens-20241102_032606-43e38bca-versao-0005\resultados.json
2024-11-02 03:50:13,921 - INFO - Data modificação: 2024-11-02 03:50:11.311970
2024-11-02 03:50:13,922 - INFO - Tamanho: 0.03 MB
2024-11-02 03:50:13,923 - INFO - Removendo duplicado: backup_restaurado\completo_backup_projeto-projeto contagem de tokens-20241102_034927-a6c763fc-versao-0006\json\resultados.json
2024-11-02 03:50:13,923 - INFO - Data modificação: 2024-11-02 03:50:11.303990
2024-11-02 03:50:13,923 - INFO - Tamanho: 0.03 MB
2024-11-02 03:50:13,923 - INFO - Removendo duplicado: backup_restaurado\completo_backup_projeto-projeto contagem de tokens-20241102_035009-b4ec8d66-versao-0007\json\resultados.json
2024-11-02 03:50:13,923 - INFO - Data modificação: 2024-11-02 03:50:11.256540
2024-11-02 03:50:13,924 - INFO - Tamanho: 0.03 MB
2024-11-02 03:50:13,924 - INFO - Removendo duplicado: backup_restaurado\completo_backup_projeto-projeto contagem de tokens-20241102_024615-12074e44-versao-0002\resultados.txt
2024-11-02 03:50:13,924 - INFO - Data modificação: 2024-11-02 03:50:11.359841
2024-11-02 03:50:13,924 - INFO - Tamanho: 0.01 MB
2024-11-02 03:50:13,924 - INFO - Removendo duplicado: backup_restaurado\completo_backup_projeto-projeto contagem de tokens-20241102_030201-aba6a2c4-versao-0003\resultados.txt
2024-11-02 03:50:13,924 - INFO - Data modificação: 2024-11-02 03:50:11.347873
2024-11-02 03:50:13,925 - INFO - Tamanho: 0.01 MB
2024-11-02 03:50:13,925 - INFO - Removendo duplicado: backup_restaurado\completo_backup_projeto-projeto contagem de tokens-20241102_032136-04c27e3d-versao-0004\resultados.txt
2024-11-02 03:50:13,925 - INFO - Data modificação: 2024-11-02 03:50:11.325932
2024-11-02 03:50:13,926 - INFO - Tamanho: 0.01 MB
2024-11-02 03:50:13,926 - INFO - Removendo duplicado: backup_restaurado\completo_backup_projeto-projeto contagem de tokens-20241102_032606-43e38bca-versao-0005\resultados.txt
2024-11-02 03:50:13,926 - INFO - Data modificação: 2024-11-02 03:50:11.312967
2024-11-02 03:50:13,926 - INFO - Tamanho: 0.01 MB
2024-11-02 03:50:13,927 - INFO - Removendo duplicado: backup_restaurado\completo_backup_projeto-projeto contagem de tokens-20241102_034927-a6c763fc-versao-0006\txt\resultados.txt
2024-11-02 03:50:13,927 - INFO - Data modificação: 2024-11-02 03:50:11.306982
2024-11-02 03:50:13,927 - INFO - Tamanho: 0.01 MB
2024-11-02 03:50:13,927 - INFO - Removendo duplicado: backup_restaurado\completo_backup_projeto-projeto contagem de tokens-20241102_035009-b4ec8d66-versao-0007\txt\resultados.txt
2024-11-02 03:50:13,927 - INFO - Data modificação: 2024-11-02 03:50:11.258535
2024-11-02 03:50:13,927 - INFO - Tamanho: 0.01 MB
2024-11-02 03:50:13,928 - INFO - Removendo duplicado: backup_restaurado\completo_backup_projeto-projeto contagem de tokens-20241102_024615-12074e44-versao-0002\resultados.yaml
2024-11-02 03:50:13,928 - INFO - Data modificação: 2024-11-02 03:50:11.360838
2024-11-02 03:50:13,928 - INFO - Tamanho: 0.02 MB
2024-11-02 03:50:13,928 - INFO - Removendo duplicado: backup_restaurado\completo_backup_projeto-projeto contagem de tokens-20241102_030201-aba6a2c4-versao-0003\resultados.yaml
2024-11-02 03:50:13,928 - INFO - Data modificação: 2024-11-02 03:50:11.348871
2024-11-02 03:50:13,928 - INFO - Tamanho: 0.02 MB
2024-11-02 03:50:13,929 - INFO - Removendo duplicado: backup_restaurado\completo_backup_projeto-projeto contagem de tokens-20241102_032136-04c27e3d-versao-0004\resultados.yaml
2024-11-02 03:50:13,929 - INFO - Data modificação: 2024-11-02 03:50:11.326930
2024-11-02 03:50:13,929 - INFO - Tamanho: 0.02 MB
2024-11-02 03:50:13,929 - INFO - Removendo duplicado: backup_restaurado\completo_backup_projeto-projeto contagem de tokens-20241102_032606-43e38bca-versao-0005\resultados.yaml
2024-11-02 03:50:13,929 - INFO - Data modificação: 2024-11-02 03:50:11.312967
2024-11-02 03:50:13,930 - INFO - Tamanho: 0.02 MB
2024-11-02 03:50:13,930 - INFO - Removendo duplicado: backup_restaurado\completo_backup_projeto-projeto contagem de tokens-20241102_034927-a6c763fc-versao-0006\resultados.yaml
2024-11-02 03:50:13,930 - INFO - Data modificação: 2024-11-02 03:50:11.266093
2024-11-02 03:50:13,930 - INFO - Tamanho: 0.02 MB
2024-11-02 03:50:13,930 - INFO - Removendo duplicado: backup_restaurado\completo_backup_projeto-projeto contagem de tokens-20241102_035009-b4ec8d66-versao-0007\resultados.yaml
2024-11-02 03:50:13,931 - INFO - Data modificação: 2024-11-02 03:50:11.215649
2024-11-02 03:50:13,931 - INFO - Tamanho: 0.02 MB
2024-11-02 03:50:13,932 - INFO - Removendo duplicado: backup_restaurado\completo_backup_projeto-projeto contagem de tokens-20241102_024615-12074e44-versao-0002\tokens_database.db
2024-11-02 03:50:13,932 - INFO - Data modificação: 2024-11-02 03:50:11.360838
2024-11-02 03:50:13,933 - INFO - Tamanho: 0.02 MB
2024-11-02 03:50:13,933 - INFO - Removendo duplicado: backup_restaurado\completo_backup_projeto-projeto contagem de tokens-20241102_030201-aba6a2c4-versao-0003\tokens_database.db
2024-11-02 03:50:13,933 - INFO - Data modificação: 2024-11-02 03:50:11.349869
2024-11-02 03:50:13,933 - INFO - Tamanho: 0.02 MB
2024-11-02 03:50:13,933 - INFO - Removendo duplicado: backup_restaurado\completo_backup_projeto-projeto contagem de tokens-20241102_032136-04c27e3d-versao-0004\tokens_database.db
2024-11-02 03:50:13,934 - INFO - Data modificação: 2024-11-02 03:50:11.326930
2024-11-02 03:50:13,934 - INFO - Tamanho: 0.02 MB
2024-11-02 03:50:13,938 - INFO - Removendo duplicado: backup_restaurado\completo_backup_projeto-projeto contagem de tokens-20241102_032606-43e38bca-versao-0005\tokens_database.db
2024-11-02 03:50:13,938 - INFO - Data modificação: 2024-11-02 03:50:11.313964
2024-11-02 03:50:13,938 - INFO - Tamanho: 0.02 MB
2024-11-02 03:50:13,938 - INFO - Removendo duplicado: backup_restaurado\completo_backup_projeto-projeto contagem de tokens-20241102_034927-a6c763fc-versao-0006\tokens_database.db
2024-11-02 03:50:13,939 - INFO - Data modificação: 2024-11-02 03:50:11.267090
2024-11-02 03:50:13,939 - INFO - Tamanho: 0.02 MB
2024-11-02 03:50:13,939 - INFO - Removendo duplicado: backup_restaurado\completo_backup_projeto-projeto contagem de tokens-20241102_035009-b4ec8d66-versao-0007\tokens_database.db
2024-11-02 03:50:13,939 - INFO - Data modificação: 2024-11-02 03:50:11.216646
2024-11-02 03:50:13,939 - INFO - Tamanho: 0.02 MB
2024-11-02 03:50:13,939 - INFO - Removendo duplicado: backup_restaurado\completo_backup_projeto-projeto contagem de tokens-20241102_024615-12074e44-versao-0002\tokens_database.db-x-tokens-1-embeddings.bin
2024-11-02 03:50:13,940 - INFO - Data modificação: 2024-11-02 03:50:11.361836
2024-11-02 03:50:13,940 - INFO - Tamanho: 0.00 MB
2024-11-02 03:50:13,940 - INFO - Removendo duplicado: backup_restaurado\completo_backup_projeto-projeto contagem de tokens-20241102_030201-aba6a2c4-versao-0003\tokens_database.db-x-tokens-1-embeddings.bin
2024-11-02 03:50:13,940 - INFO - Data modificação: 2024-11-02 03:50:11.350865
2024-11-02 03:50:13,940 - INFO - Tamanho: 0.00 MB
2024-11-02 03:50:13,940 - INFO - Removendo duplicado: backup_restaurado\completo_backup_projeto-projeto contagem de tokens-20241102_032136-04c27e3d-versao-0004\tokens_database.db-x-tokens-1-embeddings.bin
2024-11-02 03:50:13,941 - INFO - Data modificação: 2024-11-02 03:50:11.326930
2024-11-02 03:50:13,941 - INFO - Tamanho: 0.00 MB
2024-11-02 03:50:13,941 - INFO - Removendo duplicado: backup_restaurado\completo_backup_projeto-projeto contagem de tokens-20241102_032606-43e38bca-versao-0005\tokens_database.db-x-tokens-1-embeddings.bin
2024-11-02 03:50:13,941 - INFO - Data modificação: 2024-11-02 03:50:11.313964
2024-11-02 03:50:13,941 - INFO - Tamanho: 0.00 MB
2024-11-02 03:50:13,941 - INFO - Removendo duplicado: backup_restaurado\completo_backup_projeto-projeto contagem de tokens-20241102_034927-a6c763fc-versao-0006\tokens_database.db-x-tokens-1-embeddings.bin
2024-11-02 03:50:13,941 - INFO - Data modificação: 2024-11-02 03:50:11.268087
2024-11-02 03:50:13,941 - INFO - Tamanho: 0.00 MB
2024-11-02 03:50:13,942 - INFO - Removendo duplicado: backup_restaurado\completo_backup_projeto-projeto contagem de tokens-20241102_035009-b4ec8d66-versao-0007\tokens_database.db-x-tokens-1-embeddings.bin
2024-11-02 03:50:13,942 - INFO - Data modificação: 2024-11-02 03:50:11.216646
2024-11-02 03:50:13,942 - INFO - Tamanho: 0.00 MB
2024-11-02 03:50:13,942 - INFO - Removendo duplicado: backup_restaurado\completo_backup_projeto-projeto contagem de tokens-20241102_024443-830124be-versao-0001\yamls_textembedding_bruto_backups_original_limpeza_20241102_024250_275a3668.zip
2024-11-02 03:50:13,942 - INFO - Data modificação: 2024-11-02 03:50:11.371809
2024-11-02 03:50:13,942 - INFO - Tamanho: 0.04 MB
2024-11-02 03:50:13,943 - INFO - Removendo duplicado: backup_restaurado\completo_backup_projeto-projeto contagem de tokens-20241102_024615-12074e44-versao-0002\yamls_textembedding_bruto_backups_original_limpeza_20241102_024250_275a3668.zip
2024-11-02 03:50:13,943 - INFO - Data modificação: 2024-11-02 03:50:11.362834
2024-11-02 03:50:13,943 - INFO - Tamanho: 0.04 MB
2024-11-02 03:50:13,943 - INFO - Removendo duplicado: backup_restaurado\completo_backup_projeto-projeto contagem de tokens-20241102_024615-12074e44-versao-0002\yamls_textembedding_bruto_backups_original_limpeza_20241102_024333_8d61281f.zip
2024-11-02 03:50:13,943 - INFO - Data modificação: 2024-11-02 03:50:11.362834
2024-11-02 03:50:13,943 - INFO - Tamanho: 0.04 MB
2024-11-02 03:50:13,944 - INFO - Removendo duplicado: backup_restaurado\completo_backup_projeto-projeto contagem de tokens-20241102_030201-aba6a2c4-versao-0003\yamls_textembedding_bruto_backups_original_limpeza_20241102_024333_8d61281f.zip
2024-11-02 03:50:13,944 - INFO - Data modificação: 2024-11-02 03:50:11.351863
2024-11-02 03:50:13,944 - INFO - Tamanho: 0.04 MB
2024-11-02 03:50:13,944 - INFO - Removendo duplicado: backup_restaurado\completo_backup_projeto-projeto contagem de tokens-20241102_030201-aba6a2c4-versao-0003\yamls_textembedding_bruto_backups_original_limpeza_20241102_024250_275a3668.zip
2024-11-02 03:50:13,944 - INFO - Data modificação: 2024-11-02 03:50:11.350865
2024-11-02 03:50:13,944 - INFO - Tamanho: 0.04 MB
2024-11-02 03:50:13,945 - INFO - Removendo duplicado: backup_restaurado\completo_backup_projeto-projeto contagem de tokens-20241102_032136-04c27e3d-versao-0004\yamls_textembedding_bruto_backups_original_limpeza_20241102_024333_8d61281f.zip
2024-11-02 03:50:13,945 - INFO - Data modificação: 2024-11-02 03:50:11.328924
2024-11-02 03:50:13,945 - INFO - Tamanho: 0.04 MB
2024-11-02 03:50:13,945 - INFO - Removendo duplicado: backup_restaurado\completo_backup_projeto-projeto contagem de tokens-20241102_032136-04c27e3d-versao-0004\yamls_textembedding_bruto_backups_original_limpeza_20241102_024250_275a3668.zip
2024-11-02 03:50:13,945 - INFO - Data modificação: 2024-11-02 03:50:11.327927
2024-11-02 03:50:13,945 - INFO - Tamanho: 0.04 MB
2024-11-02 03:50:13,945 - INFO - Removendo duplicado: backup_restaurado\completo_backup_projeto-projeto contagem de tokens-20241102_032606-43e38bca-versao-0005\yamls_textembedding_bruto_backups_original_limpeza_20241102_024333_8d61281f.zip
2024-11-02 03:50:13,945 - INFO - Data modificação: 2024-11-02 03:50:11.315959
2024-11-02 03:50:13,946 - INFO - Tamanho: 0.04 MB
2024-11-02 03:50:13,946 - INFO - Removendo duplicado: backup_restaurado\completo_backup_projeto-projeto contagem de tokens-20241102_032606-43e38bca-versao-0005\yamls_textembedding_bruto_backups_original_limpeza_20241102_024250_275a3668.zip
2024-11-02 03:50:13,946 - INFO - Data modificação: 2024-11-02 03:50:11.314961
2024-11-02 03:50:13,946 - INFO - Tamanho: 0.04 MB
2024-11-02 03:50:13,946 - INFO - Removendo duplicado: backup_restaurado\completo_backup_projeto-projeto contagem de tokens-20241102_034927-a6c763fc-versao-0006\yamls_textembedding_bruto_backups_original_limpeza_20241102_024333_8d61281f.zip
2024-11-02 03:50:13,946 - INFO - Data modificação: 2024-11-02 03:50:11.269085
2024-11-02 03:50:13,946 - INFO - Tamanho: 0.04 MB
2024-11-02 03:50:13,947 - INFO - Removendo duplicado: backup_restaurado\completo_backup_projeto-projeto contagem de tokens-20241102_034927-a6c763fc-versao-0006\yamls_textembedding_bruto_backups_original_limpeza_20241102_024250_275a3668.zip
2024-11-02 03:50:13,947 - INFO - Data modificação: 2024-11-02 03:50:11.268087
2024-11-02 03:50:13,947 - INFO - Tamanho: 0.04 MB
2024-11-02 03:50:13,947 - INFO - Removendo duplicado: backup_restaurado\completo_backup_projeto-projeto contagem de tokens-20241102_035009-b4ec8d66-versao-0007\yamls_textembedding_bruto_backups_original_limpeza_20241102_024333_8d61281f.zip
2024-11-02 03:50:13,947 - INFO - Data modificação: 2024-11-02 03:50:11.218641
2024-11-02 03:50:13,947 - INFO - Tamanho: 0.04 MB
2024-11-02 03:50:13,948 - INFO - Removendo duplicado: backup_restaurado\completo_backup_projeto-projeto contagem de tokens-20241102_035009-b4ec8d66-versao-0007\yamls_textembedding_bruto_backups_original_limpeza_20241102_024250_275a3668.zip
2024-11-02 03:50:13,948 - INFO - Data modificação: 2024-11-02 03:50:11.217644
2024-11-02 03:50:13,949 - INFO - Tamanho: 0.04 MB
2024-11-02 03:50:13,949 - INFO - Removendo duplicado: backup_restaurado\completo_backup_projeto-projeto contagem de tokens-20241102_024615-12074e44-versao-0002\zipar_yamls.py
2024-11-02 03:50:13,949 - INFO - Data modificação: 2024-11-02 03:50:11.363830
2024-11-02 03:50:13,949 - INFO - Tamanho: 0.00 MB
2024-11-02 03:50:13,950 - INFO - Removendo duplicado: backup_restaurado\completo_backup_projeto-projeto contagem de tokens-20241102_030201-aba6a2c4-versao-0003\zipar_yamls.py
2024-11-02 03:50:13,950 - INFO - Data modificação: 2024-11-02 03:50:11.354855
2024-11-02 03:50:13,951 - INFO - Tamanho: 0.00 MB
2024-11-02 03:50:13,951 - INFO - Removendo duplicado: backup_restaurado\completo_backup_projeto-projeto contagem de tokens-20241102_032136-04c27e3d-versao-0004\zipar_yamls.py
2024-11-02 03:50:13,951 - INFO - Data modificação: 2024-11-02 03:50:11.330919
2024-11-02 03:50:13,951 - INFO - Tamanho: 0.00 MB
2024-11-02 03:50:13,952 - INFO - Removendo duplicado: backup_restaurado\completo_backup_projeto-projeto contagem de tokens-20241102_032606-43e38bca-versao-0005\zipar_yamls.py
2024-11-02 03:50:13,952 - INFO - Data modificação: 2024-11-02 03:50:11.318950
2024-11-02 03:50:13,952 - INFO - Tamanho: 0.00 MB
2024-11-02 03:50:13,952 - INFO - Removendo duplicado: backup_restaurado\completo_backup_projeto-projeto contagem de tokens-20241102_034927-a6c763fc-versao-0006\zipar_yamls.py
2024-11-02 03:50:13,952 - INFO - Data modificação: 2024-11-02 03:50:11.273073
2024-11-02 03:50:13,952 - INFO - Tamanho: 0.00 MB
2024-11-02 03:50:13,953 - INFO - Removendo duplicado: backup_restaurado\completo_backup_projeto-projeto contagem de tokens-20241102_035009-b4ec8d66-versao-0007\zipar_yamls.py
2024-11-02 03:50:13,953 - INFO - Data modificação: 2024-11-02 03:50:11.222631
2024-11-02 03:50:13,953 - INFO - Tamanho: 0.00 MB
2024-11-02 03:50:13,953 - INFO - Removendo duplicado: backup_restaurado\completo_backup_projeto-projeto contagem de tokens-20241102_030201-aba6a2c4-versao-0003\backup_projeto.py
2024-11-02 03:50:13,953 - INFO - Data modificação: 2024-11-02 03:50:11.343884
2024-11-02 03:50:13,954 - INFO - Tamanho: 0.01 MB
2024-11-02 03:50:13,954 - INFO - Removendo duplicado: backup_restaurado\completo_backup_projeto-projeto contagem de tokens-20241102_032136-04c27e3d-versao-0004\backup_projeto.py
2024-11-02 03:50:13,954 - INFO - Data modificação: 2024-11-02 03:50:11.321943
2024-11-02 03:50:13,954 - INFO - Tamanho: 0.01 MB
2024-11-02 03:50:13,954 - INFO - Removendo duplicado: backup_restaurado\completo_backup_projeto-projeto contagem de tokens-20241102_032606-43e38bca-versao-0005\backup_projeto.py
2024-11-02 03:50:13,954 - INFO - Data modificação: 2024-11-02 03:50:11.307981
2024-11-02 03:50:13,955 - INFO - Tamanho: 0.01 MB
2024-11-02 03:50:13,955 - INFO - Removendo duplicado: backup_restaurado\completo_backup_projeto-projeto contagem de tokens-20241102_034927-a6c763fc-versao-0006\backup_projeto.py
2024-11-02 03:50:13,955 - INFO - Data modificação: 2024-11-02 03:50:11.260529
2024-11-02 03:50:13,955 - INFO - Tamanho: 0.01 MB
2024-11-02 03:50:13,955 - INFO - Removendo duplicado: backup_restaurado\completo_backup_projeto-projeto contagem de tokens-20241102_035009-b4ec8d66-versao-0007\backup_projeto.py
2024-11-02 03:50:13,955 - INFO - Data modificação: 2024-11-02 03:50:11.209666
2024-11-02 03:50:13,955 - INFO - Tamanho: 0.01 MB
2024-11-02 03:50:13,956 - INFO - Removendo duplicado: backup_restaurado\completo_backup_projeto-projeto contagem de tokens-20241102_032136-04c27e3d-versao-0004\gerador_yaml_embeddings-prompt-v2.py
2024-11-02 03:50:13,956 - INFO - Data modificação: 2024-11-02 03:50:11.323938
2024-11-02 03:50:13,956 - INFO - Tamanho: 0.01 MB
2024-11-02 03:50:13,956 - INFO - Removendo duplicado: backup_restaurado\completo_backup_projeto-projeto contagem de tokens-20241102_032606-43e38bca-versao-0005\gerador_yaml_embeddings-prompt-v2.py
2024-11-02 03:50:13,956 - INFO - Data modificação: 2024-11-02 03:50:11.309975
2024-11-02 03:50:13,956 - INFO - Tamanho: 0.01 MB
2024-11-02 03:50:13,957 - INFO - Removendo duplicado: backup_restaurado\completo_backup_projeto-projeto contagem de tokens-20241102_034927-a6c763fc-versao-0006\gerador_yaml_embeddings-prompt-v2.py
2024-11-02 03:50:13,957 - INFO - Data modificação: 2024-11-02 03:50:11.263100
2024-11-02 03:50:13,957 - INFO - Tamanho: 0.01 MB
2024-11-02 03:50:13,957 - INFO - Removendo duplicado: backup_restaurado\completo_backup_projeto-projeto contagem de tokens-20241102_035009-b4ec8d66-versao-0007\gerador_yaml_embeddings-prompt-v2.py
2024-11-02 03:50:13,957 - INFO - Data modificação: 2024-11-02 03:50:11.211661
2024-11-02 03:50:13,958 - INFO - Tamanho: 0.01 MB
2024-11-02 03:50:13,958 - INFO - Removendo duplicado: backup_restaurado\completo_backup_projeto-projeto contagem de tokens-20241102_034927-a6c763fc-versao-0006\backup_restaurado\completo_backup_projeto-projeto contagem de tokens-20241102_030201-aba6a2c4-versao-0003\gerador_yaml_embeddings_stream_v1.py
2024-11-02 03:50:13,958 - INFO - Data modificação: 2024-11-02 03:50:11.274070
2024-11-02 03:50:13,958 - INFO - Tamanho: 0.01 MB
2024-11-02 03:50:13,958 - INFO - Removendo duplicado: backup_restaurado\completo_backup_projeto-projeto contagem de tokens-20241102_035009-b4ec8d66-versao-0007\backup_restaurado\completo_backup_projeto-projeto contagem de tokens-20241102_030201-aba6a2c4-versao-0003\gerador_yaml_embeddings_stream_v1.py
2024-11-02 03:50:13,959 - INFO - Data modificação: 2024-11-02 03:50:11.226620
2024-11-02 03:50:13,959 - INFO - Tamanho: 0.01 MB
2024-11-02 03:50:13,959 - INFO - Removendo duplicado: backup_restaurado\completo_backup_projeto-projeto contagem de tokens-20241102_032136-04c27e3d-versao-0004\yamls_textembedding_bruto_backups_original_limpeza_20241102_024952_9dd2e439.zip
2024-11-02 03:50:13,959 - INFO - Data modificação: 2024-11-02 03:50:11.328924
2024-11-02 03:50:13,959 - INFO - Tamanho: 0.01 MB
2024-11-02 03:50:13,959 - INFO - Removendo duplicado: backup_restaurado\completo_backup_projeto-projeto contagem de tokens-20241102_032606-43e38bca-versao-0005\yamls_textembedding_bruto_backups_original_limpeza_20241102_024952_9dd2e439.zip
2024-11-02 03:50:13,960 - INFO - Data modificação: 2024-11-02 03:50:11.316956
2024-11-02 03:50:13,960 - INFO - Tamanho: 0.01 MB
2024-11-02 03:50:13,960 - INFO - Removendo duplicado: backup_restaurado\completo_backup_projeto-projeto contagem de tokens-20241102_034927-a6c763fc-versao-0006\yamls_textembedding_bruto_backups_original_limpeza_20241102_024952_9dd2e439.zip
2024-11-02 03:50:13,960 - INFO - Data modificação: 2024-11-02 03:50:11.270081
2024-11-02 03:50:13,960 - INFO - Tamanho: 0.01 MB
2024-11-02 03:50:13,961 - INFO - Removendo duplicado: backup_restaurado\completo_backup_projeto-projeto contagem de tokens-20241102_035009-b4ec8d66-versao-0007\yamls_textembedding_bruto_backups_original_limpeza_20241102_024952_9dd2e439.zip
2024-11-02 03:50:13,962 - INFO - Data modificação: 2024-11-02 03:50:11.218641
2024-11-02 03:50:13,962 - INFO - Tamanho: 0.01 MB
2024-11-02 03:50:13,963 - INFO - Removendo duplicado: backup_restaurado\completo_backup_projeto-projeto contagem de tokens-20241102_032136-04c27e3d-versao-0004\yamls_textembedding_bruto_backups_original_limpeza_20241102_025536_7fa0f8a1.zip
2024-11-02 03:50:13,963 - INFO - Data modificação: 2024-11-02 03:50:11.328924
2024-11-02 03:50:13,963 - INFO - Tamanho: 0.01 MB
2024-11-02 03:50:13,964 - INFO - Removendo duplicado: backup_restaurado\completo_backup_projeto-projeto contagem de tokens-20241102_032606-43e38bca-versao-0005\yamls_textembedding_bruto_backups_original_limpeza_20241102_025536_7fa0f8a1.zip
2024-11-02 03:50:13,964 - INFO - Data modificação: 2024-11-02 03:50:11.316956
2024-11-02 03:50:13,964 - INFO - Tamanho: 0.01 MB
2024-11-02 03:50:13,964 - INFO - Removendo duplicado: backup_restaurado\completo_backup_projeto-projeto contagem de tokens-20241102_034927-a6c763fc-versao-0006\yamls_textembedding_bruto_backups_original_limpeza_20241102_025536_7fa0f8a1.zip
2024-11-02 03:50:13,964 - INFO - Data modificação: 2024-11-02 03:50:11.270081
2024-11-02 03:50:13,964 - INFO - Tamanho: 0.01 MB
2024-11-02 03:50:13,966 - INFO - Removendo duplicado: backup_restaurado\completo_backup_projeto-projeto contagem de tokens-20241102_035009-b4ec8d66-versao-0007\yamls_textembedding_bruto_backups_original_limpeza_20241102_025536_7fa0f8a1.zip
2024-11-02 03:50:13,966 - INFO - Data modificação: 2024-11-02 03:50:11.219638
2024-11-02 03:50:13,966 - INFO - Tamanho: 0.01 MB
2024-11-02 03:50:13,966 - INFO - Removendo duplicado: backup_restaurado\completo_backup_projeto-projeto contagem de tokens-20241102_032136-04c27e3d-versao-0004\yamls_textembedding_bruto_backups_original_limpeza_20241102_030152_eac5b9a7.zip
2024-11-02 03:50:13,966 - INFO - Data modificação: 2024-11-02 03:50:11.329921
2024-11-02 03:50:13,967 - INFO - Tamanho: 0.06 MB
2024-11-02 03:50:13,967 - INFO - Removendo duplicado: backup_restaurado\completo_backup_projeto-projeto contagem de tokens-20241102_032606-43e38bca-versao-0005\yamls_textembedding_bruto_backups_original_limpeza_20241102_030152_eac5b9a7.zip
2024-11-02 03:50:13,967 - INFO - Data modificação: 2024-11-02 03:50:11.317953
2024-11-02 03:50:13,967 - INFO - Tamanho: 0.06 MB
2024-11-02 03:50:13,967 - INFO - Removendo duplicado: backup_restaurado\completo_backup_projeto-projeto contagem de tokens-20241102_034927-a6c763fc-versao-0006\yamls_textembedding_bruto_backups_original_limpeza_20241102_030152_eac5b9a7.zip
2024-11-02 03:50:13,968 - INFO - Data modificação: 2024-11-02 03:50:11.271077
2024-11-02 03:50:13,968 - INFO - Tamanho: 0.06 MB
2024-11-02 03:50:13,968 - INFO - Removendo duplicado: backup_restaurado\completo_backup_projeto-projeto contagem de tokens-20241102_035009-b4ec8d66-versao-0007\yamls_textembedding_bruto_backups_original_limpeza_20241102_030152_eac5b9a7.zip
2024-11-02 03:50:13,968 - INFO - Data modificação: 2024-11-02 03:50:11.220635
2024-11-02 03:50:13,968 - INFO - Tamanho: 0.06 MB
2024-11-02 03:50:13,969 - INFO - Removendo duplicado: backup_restaurado\completo_backup_projeto-projeto contagem de tokens-20241102_034927-a6c763fc-versao-0006\backup_restaurado\completo_backup_projeto-projeto contagem de tokens-20241102_032136-04c27e3d-versao-0004\gerador_yaml_embeddings_stream_v1.py
2024-11-02 03:50:13,969 - INFO - Data modificação: 2024-11-02 03:50:11.275068
2024-11-02 03:50:13,969 - INFO - Tamanho: 0.02 MB
2024-11-02 03:50:13,969 - INFO - Removendo duplicado: backup_restaurado\completo_backup_projeto-projeto contagem de tokens-20241102_035009-b4ec8d66-versao-0007\backup_restaurado\completo_backup_projeto-projeto contagem de tokens-20241102_032136-04c27e3d-versao-0004\gerador_yaml_embeddings_stream_v1.py
2024-11-02 03:50:13,969 - INFO - Data modificação: 2024-11-02 03:50:11.227617
2024-11-02 03:50:13,970 - INFO - Tamanho: 0.02 MB
2024-11-02 03:50:13,970 - INFO - Removendo duplicado: backup_restaurado\completo_backup_projeto-projeto contagem de tokens-20241102_034927-a6c763fc-versao-0006\backup_restaurado\completo_backup_projeto-projeto contagem de tokens-20241102_032136-04c27e3d-versao-0004\generated-yaml-text-to-embedding\embedding_stream_v1_0576f31fa9.yaml
2024-11-02 03:50:13,970 - INFO - Data modificação: 2024-11-02 03:50:11.276065
2024-11-02 03:50:13,970 - INFO - Tamanho: 0.01 MB
2024-11-02 03:50:13,970 - INFO - Removendo duplicado: backup_restaurado\completo_backup_projeto-projeto contagem de tokens-20241102_035009-b4ec8d66-versao-0007\backup_restaurado\completo_backup_projeto-projeto contagem de tokens-20241102_032136-04c27e3d-versao-0004\generated-yaml-text-to-embedding\embedding_stream_v1_0576f31fa9.yaml
2024-11-02 03:50:13,970 - INFO - Data modificação: 2024-11-02 03:50:11.228614
2024-11-02 03:50:13,970 - INFO - Tamanho: 0.01 MB
2024-11-02 03:50:13,971 - INFO - Removendo duplicado: backup_restaurado\completo_backup_projeto-projeto contagem de tokens-20241102_034927-a6c763fc-versao-0006\backup_restaurado\completo_backup_projeto-projeto contagem de tokens-20241102_032136-04c27e3d-versao-0004\generated-yaml-text-to-embedding\embedding_stream_v1_063d25dc58.yaml
2024-11-02 03:50:13,971 - INFO - Data modificação: 2024-11-02 03:50:11.276065
2024-11-02 03:50:13,971 - INFO - Tamanho: 0.01 MB
2024-11-02 03:50:13,971 - INFO - Removendo duplicado: backup_restaurado\completo_backup_projeto-projeto contagem de tokens-20241102_035009-b4ec8d66-versao-0007\backup_restaurado\completo_backup_projeto-projeto contagem de tokens-20241102_032136-04c27e3d-versao-0004\generated-yaml-text-to-embedding\embedding_stream_v1_063d25dc58.yaml
2024-11-02 03:50:13,971 - INFO - Data modificação: 2024-11-02 03:50:11.228614
2024-11-02 03:50:13,971 - INFO - Tamanho: 0.01 MB
2024-11-02 03:50:13,972 - INFO - Removendo duplicado: backup_restaurado\completo_backup_projeto-projeto contagem de tokens-20241102_034927-a6c763fc-versao-0006\backup_restaurado\completo_backup_projeto-projeto contagem de tokens-20241102_032136-04c27e3d-versao-0004\generated-yaml-text-to-embedding\embedding_stream_v1_0fd3931699.yaml
2024-11-02 03:50:13,972 - INFO - Data modificação: 2024-11-02 03:50:11.277062
2024-11-02 03:50:13,972 - INFO - Tamanho: 0.00 MB
2024-11-02 03:50:13,972 - INFO - Removendo duplicado: backup_restaurado\completo_backup_projeto-projeto contagem de tokens-20241102_035009-b4ec8d66-versao-0007\backup_restaurado\completo_backup_projeto-projeto contagem de tokens-20241102_032136-04c27e3d-versao-0004\generated-yaml-text-to-embedding\embedding_stream_v1_0fd3931699.yaml
2024-11-02 03:50:13,973 - INFO - Data modificação: 2024-11-02 03:50:11.229612
2024-11-02 03:50:13,973 - INFO - Tamanho: 0.00 MB
2024-11-02 03:50:13,973 - INFO - Removendo duplicado: backup_restaurado\completo_backup_projeto-projeto contagem de tokens-20241102_034927-a6c763fc-versao-0006\backup_restaurado\completo_backup_projeto-projeto contagem de tokens-20241102_032136-04c27e3d-versao-0004\generated-yaml-text-to-embedding\embedding_stream_v1_1588e2d1e7.yaml
2024-11-02 03:50:13,973 - INFO - Data modificação: 2024-11-02 03:50:11.277062
2024-11-02 03:50:13,973 - INFO - Tamanho: 0.00 MB
2024-11-02 03:50:13,973 - INFO - Removendo duplicado: backup_restaurado\completo_backup_projeto-projeto contagem de tokens-20241102_035009-b4ec8d66-versao-0007\backup_restaurado\completo_backup_projeto-projeto contagem de tokens-20241102_032136-04c27e3d-versao-0004\generated-yaml-text-to-embedding\embedding_stream_v1_1588e2d1e7.yaml
2024-11-02 03:50:13,974 - INFO - Data modificação: 2024-11-02 03:50:11.229612
2024-11-02 03:50:13,974 - INFO - Tamanho: 0.00 MB
2024-11-02 03:50:13,974 - INFO - Removendo duplicado: backup_restaurado\completo_backup_projeto-projeto contagem de tokens-20241102_034927-a6c763fc-versao-0006\backup_restaurado\completo_backup_projeto-projeto contagem de tokens-20241102_032136-04c27e3d-versao-0004\generated-yaml-text-to-embedding\embedding_stream_v1_164acfd1d8.yaml
2024-11-02 03:50:13,974 - INFO - Data modificação: 2024-11-02 03:50:11.278060
2024-11-02 03:50:13,974 - INFO - Tamanho: 0.00 MB
2024-11-02 03:50:13,974 - INFO - Removendo duplicado: backup_restaurado\completo_backup_projeto-projeto contagem de tokens-20241102_035009-b4ec8d66-versao-0007\backup_restaurado\completo_backup_projeto-projeto contagem de tokens-20241102_032136-04c27e3d-versao-0004\generated-yaml-text-to-embedding\embedding_stream_v1_164acfd1d8.yaml
2024-11-02 03:50:13,974 - INFO - Data modificação: 2024-11-02 03:50:11.230609
2024-11-02 03:50:13,975 - INFO - Tamanho: 0.00 MB
2024-11-02 03:50:13,975 - INFO - Removendo duplicado: backup_restaurado\completo_backup_projeto-projeto contagem de tokens-20241102_034927-a6c763fc-versao-0006\backup_restaurado\completo_backup_projeto-projeto contagem de tokens-20241102_032136-04c27e3d-versao-0004\generated-yaml-text-to-embedding\embedding_stream_v1_1a5caf07c5.yaml
2024-11-02 03:50:13,975 - INFO - Data modificação: 2024-11-02 03:50:11.278060
2024-11-02 03:50:13,975 - INFO - Tamanho: 0.00 MB
2024-11-02 03:50:13,975 - INFO - Removendo duplicado: backup_restaurado\completo_backup_projeto-projeto contagem de tokens-20241102_035009-b4ec8d66-versao-0007\backup_restaurado\completo_backup_projeto-projeto contagem de tokens-20241102_032136-04c27e3d-versao-0004\generated-yaml-text-to-embedding\embedding_stream_v1_1a5caf07c5.yaml
2024-11-02 03:50:13,976 - INFO - Data modificação: 2024-11-02 03:50:11.231608
2024-11-02 03:50:13,976 - INFO - Tamanho: 0.00 MB
2024-11-02 03:50:13,976 - INFO - Removendo duplicado: backup_restaurado\completo_backup_projeto-projeto contagem de tokens-20241102_034927-a6c763fc-versao-0006\backup_restaurado\completo_backup_projeto-projeto contagem de tokens-20241102_032136-04c27e3d-versao-0004\generated-yaml-text-to-embedding\embedding_stream_v1_30e05afd48.yaml
2024-11-02 03:50:13,976 - INFO - Data modificação: 2024-11-02 03:50:11.279057
2024-11-02 03:50:13,976 - INFO - Tamanho: 0.01 MB
2024-11-02 03:50:13,976 - INFO - Removendo duplicado: backup_restaurado\completo_backup_projeto-projeto contagem de tokens-20241102_035009-b4ec8d66-versao-0007\backup_restaurado\completo_backup_projeto-projeto contagem de tokens-20241102_032136-04c27e3d-versao-0004\generated-yaml-text-to-embedding\embedding_stream_v1_30e05afd48.yaml
2024-11-02 03:50:13,976 - INFO - Data modificação: 2024-11-02 03:50:11.232604
2024-11-02 03:50:13,977 - INFO - Tamanho: 0.01 MB
2024-11-02 03:50:13,977 - INFO - Removendo duplicado: backup_restaurado\completo_backup_projeto-projeto contagem de tokens-20241102_034927-a6c763fc-versao-0006\backup_restaurado\completo_backup_projeto-projeto contagem de tokens-20241102_032136-04c27e3d-versao-0004\generated-yaml-text-to-embedding\embedding_stream_v1_31ab824618.yaml
2024-11-02 03:50:13,977 - INFO - Data modificação: 2024-11-02 03:50:11.279057
2024-11-02 03:50:13,977 - INFO - Tamanho: 0.00 MB
2024-11-02 03:50:13,977 - INFO - Removendo duplicado: backup_restaurado\completo_backup_projeto-projeto contagem de tokens-20241102_035009-b4ec8d66-versao-0007\backup_restaurado\completo_backup_projeto-projeto contagem de tokens-20241102_032136-04c27e3d-versao-0004\generated-yaml-text-to-embedding\embedding_stream_v1_31ab824618.yaml
2024-11-02 03:50:13,977 - INFO - Data modificação: 2024-11-02 03:50:11.233601
2024-11-02 03:50:13,977 - INFO - Tamanho: 0.00 MB
2024-11-02 03:50:13,978 - INFO - Removendo duplicado: backup_restaurado\completo_backup_projeto-projeto contagem de tokens-20241102_034927-a6c763fc-versao-0006\backup_restaurado\completo_backup_projeto-projeto contagem de tokens-20241102_032136-04c27e3d-versao-0004\generated-yaml-text-to-embedding\embedding_stream_v1_3b255af689.yaml
2024-11-02 03:50:13,978 - INFO - Data modificação: 2024-11-02 03:50:11.280055
2024-11-02 03:50:13,978 - INFO - Tamanho: 0.00 MB
2024-11-02 03:50:13,978 - INFO - Removendo duplicado: backup_restaurado\completo_backup_projeto-projeto contagem de tokens-20241102_035009-b4ec8d66-versao-0007\backup_restaurado\completo_backup_projeto-projeto contagem de tokens-20241102_032136-04c27e3d-versao-0004\generated-yaml-text-to-embedding\embedding_stream_v1_3b255af689.yaml
2024-11-02 03:50:13,978 - INFO - Data modificação: 2024-11-02 03:50:11.233601
2024-11-02 03:50:13,978 - INFO - Tamanho: 0.00 MB
2024-11-02 03:50:13,979 - INFO - Removendo duplicado: backup_restaurado\completo_backup_projeto-projeto contagem de tokens-20241102_034927-a6c763fc-versao-0006\backup_restaurado\completo_backup_projeto-projeto contagem de tokens-20241102_032136-04c27e3d-versao-0004\generated-yaml-text-to-embedding\embedding_stream_v1_41cbaa4f1e.yaml
2024-11-02 03:50:13,979 - INFO - Data modificação: 2024-11-02 03:50:11.281052
2024-11-02 03:50:13,979 - INFO - Tamanho: 0.00 MB
2024-11-02 03:50:13,979 - INFO - Removendo duplicado: backup_restaurado\completo_backup_projeto-projeto contagem de tokens-20241102_035009-b4ec8d66-versao-0007\backup_restaurado\completo_backup_projeto-projeto contagem de tokens-20241102_032136-04c27e3d-versao-0004\generated-yaml-text-to-embedding\embedding_stream_v1_41cbaa4f1e.yaml
2024-11-02 03:50:13,979 - INFO - Data modificação: 2024-11-02 03:50:11.234598
2024-11-02 03:50:13,979 - INFO - Tamanho: 0.00 MB
2024-11-02 03:50:13,979 - INFO - Removendo duplicado: backup_restaurado\completo_backup_projeto-projeto contagem de tokens-20241102_034927-a6c763fc-versao-0006\backup_restaurado\completo_backup_projeto-projeto contagem de tokens-20241102_032136-04c27e3d-versao-0004\generated-yaml-text-to-embedding\embedding_stream_v1_428032746b.yaml
2024-11-02 03:50:13,980 - INFO - Data modificação: 2024-11-02 03:50:11.281052
2024-11-02 03:50:13,980 - INFO - Tamanho: 0.00 MB
2024-11-02 03:50:13,980 - INFO - Removendo duplicado: backup_restaurado\completo_backup_projeto-projeto contagem de tokens-20241102_035009-b4ec8d66-versao-0007\backup_restaurado\completo_backup_projeto-projeto contagem de tokens-20241102_032136-04c27e3d-versao-0004\generated-yaml-text-to-embedding\embedding_stream_v1_428032746b.yaml
2024-11-02 03:50:13,980 - INFO - Data modificação: 2024-11-02 03:50:11.234598
2024-11-02 03:50:13,980 - INFO - Tamanho: 0.00 MB
2024-11-02 03:50:13,980 - INFO - Removendo duplicado: backup_restaurado\completo_backup_projeto-projeto contagem de tokens-20241102_034927-a6c763fc-versao-0006\backup_restaurado\completo_backup_projeto-projeto contagem de tokens-20241102_032136-04c27e3d-versao-0004\generated-yaml-text-to-embedding\embedding_stream_v1_48ac58e7d0.yaml
2024-11-02 03:50:13,981 - INFO - Data modificação: 2024-11-02 03:50:11.282049
2024-11-02 03:50:13,981 - INFO - Tamanho: 0.01 MB
2024-11-02 03:50:13,981 - INFO - Removendo duplicado: backup_restaurado\completo_backup_projeto-projeto contagem de tokens-20241102_035009-b4ec8d66-versao-0007\backup_restaurado\completo_backup_projeto-projeto contagem de tokens-20241102_032136-04c27e3d-versao-0004\generated-yaml-text-to-embedding\embedding_stream_v1_48ac58e7d0.yaml
2024-11-02 03:50:13,981 - INFO - Data modificação: 2024-11-02 03:50:11.235595
2024-11-02 03:50:13,981 - INFO - Tamanho: 0.01 MB
2024-11-02 03:50:13,983 - INFO - Removendo duplicado: backup_restaurado\completo_backup_projeto-projeto contagem de tokens-20241102_034927-a6c763fc-versao-0006\backup_restaurado\completo_backup_projeto-projeto contagem de tokens-20241102_032136-04c27e3d-versao-0004\generated-yaml-text-to-embedding\embedding_stream_v1_5242367ba4.yaml
2024-11-02 03:50:13,983 - INFO - Data modificação: 2024-11-02 03:50:11.283047
2024-11-02 03:50:13,983 - INFO - Tamanho: 0.00 MB
2024-11-02 03:50:13,983 - INFO - Removendo duplicado: backup_restaurado\completo_backup_projeto-projeto contagem de tokens-20241102_035009-b4ec8d66-versao-0007\backup_restaurado\completo_backup_projeto-projeto contagem de tokens-20241102_032136-04c27e3d-versao-0004\generated-yaml-text-to-embedding\embedding_stream_v1_5242367ba4.yaml
2024-11-02 03:50:13,983 - INFO - Data modificação: 2024-11-02 03:50:11.235595
2024-11-02 03:50:13,983 - INFO - Tamanho: 0.00 MB
2024-11-02 03:50:13,984 - INFO - Removendo duplicado: backup_restaurado\completo_backup_projeto-projeto contagem de tokens-20241102_034927-a6c763fc-versao-0006\backup_restaurado\completo_backup_projeto-projeto contagem de tokens-20241102_032136-04c27e3d-versao-0004\generated-yaml-text-to-embedding\embedding_stream_v1_61e27e10b4.yaml
2024-11-02 03:50:13,984 - INFO - Data modificação: 2024-11-02 03:50:11.283047
2024-11-02 03:50:13,984 - INFO - Tamanho: 0.00 MB
2024-11-02 03:50:13,984 - INFO - Removendo duplicado: backup_restaurado\completo_backup_projeto-projeto contagem de tokens-20241102_035009-b4ec8d66-versao-0007\backup_restaurado\completo_backup_projeto-projeto contagem de tokens-20241102_032136-04c27e3d-versao-0004\generated-yaml-text-to-embedding\embedding_stream_v1_61e27e10b4.yaml
2024-11-02 03:50:13,984 - INFO - Data modificação: 2024-11-02 03:50:11.236593
2024-11-02 03:50:13,985 - INFO - Tamanho: 0.00 MB
2024-11-02 03:50:13,985 - INFO - Removendo duplicado: backup_restaurado\completo_backup_projeto-projeto contagem de tokens-20241102_034927-a6c763fc-versao-0006\backup_restaurado\completo_backup_projeto-projeto contagem de tokens-20241102_032136-04c27e3d-versao-0004\generated-yaml-text-to-embedding\embedding_stream_v1_745dbcc3a8.yaml
2024-11-02 03:50:13,985 - INFO - Data modificação: 2024-11-02 03:50:11.284043
2024-11-02 03:50:13,985 - INFO - Tamanho: 0.00 MB
2024-11-02 03:50:13,986 - INFO - Removendo duplicado: backup_restaurado\completo_backup_projeto-projeto contagem de tokens-20241102_035009-b4ec8d66-versao-0007\backup_restaurado\completo_backup_projeto-projeto contagem de tokens-20241102_032136-04c27e3d-versao-0004\generated-yaml-text-to-embedding\embedding_stream_v1_745dbcc3a8.yaml
2024-11-02 03:50:13,986 - INFO - Data modificação: 2024-11-02 03:50:11.236593
2024-11-02 03:50:13,986 - INFO - Tamanho: 0.00 MB
2024-11-02 03:50:13,986 - INFO - Removendo duplicado: backup_restaurado\completo_backup_projeto-projeto contagem de tokens-20241102_034927-a6c763fc-versao-0006\backup_restaurado\completo_backup_projeto-projeto contagem de tokens-20241102_032136-04c27e3d-versao-0004\generated-yaml-text-to-embedding\embedding_stream_v1_8dad440705.yaml
2024-11-02 03:50:13,986 - INFO - Data modificação: 2024-11-02 03:50:11.284043
2024-11-02 03:50:13,987 - INFO - Tamanho: 0.00 MB
2024-11-02 03:50:13,987 - INFO - Removendo duplicado: backup_restaurado\completo_backup_projeto-projeto contagem de tokens-20241102_035009-b4ec8d66-versao-0007\backup_restaurado\completo_backup_projeto-projeto contagem de tokens-20241102_032136-04c27e3d-versao-0004\generated-yaml-text-to-embedding\embedding_stream_v1_8dad440705.yaml
2024-11-02 03:50:13,987 - INFO - Data modificação: 2024-11-02 03:50:11.237590
2024-11-02 03:50:13,987 - INFO - Tamanho: 0.00 MB
2024-11-02 03:50:13,988 - INFO - Removendo duplicado: backup_restaurado\completo_backup_projeto-projeto contagem de tokens-20241102_034927-a6c763fc-versao-0006\backup_restaurado\completo_backup_projeto-projeto contagem de tokens-20241102_032136-04c27e3d-versao-0004\generated-yaml-text-to-embedding\embedding_stream_v1_8fe2b79d15.yaml
2024-11-02 03:50:13,988 - INFO - Data modificação: 2024-11-02 03:50:11.285041
2024-11-02 03:50:13,988 - INFO - Tamanho: 0.00 MB
2024-11-02 03:50:13,988 - INFO - Removendo duplicado: backup_restaurado\completo_backup_projeto-projeto contagem de tokens-20241102_035009-b4ec8d66-versao-0007\backup_restaurado\completo_backup_projeto-projeto contagem de tokens-20241102_032136-04c27e3d-versao-0004\generated-yaml-text-to-embedding\embedding_stream_v1_8fe2b79d15.yaml
2024-11-02 03:50:13,989 - INFO - Data modificação: 2024-11-02 03:50:11.238588
2024-11-02 03:50:13,989 - INFO - Tamanho: 0.00 MB
2024-11-02 03:50:13,989 - INFO - Removendo duplicado: backup_restaurado\completo_backup_projeto-projeto contagem de tokens-20241102_034927-a6c763fc-versao-0006\backup_restaurado\completo_backup_projeto-projeto contagem de tokens-20241102_032136-04c27e3d-versao-0004\generated-yaml-text-to-embedding\embedding_stream_v1_901cd1ef4e.yaml
2024-11-02 03:50:13,989 - INFO - Data modificação: 2024-11-02 03:50:11.286039
2024-11-02 03:50:13,989 - INFO - Tamanho: 0.01 MB
2024-11-02 03:50:13,990 - INFO - Removendo duplicado: backup_restaurado\completo_backup_projeto-projeto contagem de tokens-20241102_035009-b4ec8d66-versao-0007\backup_restaurado\completo_backup_projeto-projeto contagem de tokens-20241102_032136-04c27e3d-versao-0004\generated-yaml-text-to-embedding\embedding_stream_v1_901cd1ef4e.yaml
2024-11-02 03:50:13,990 - INFO - Data modificação: 2024-11-02 03:50:11.238588
2024-11-02 03:50:13,990 - INFO - Tamanho: 0.01 MB
2024-11-02 03:50:13,990 - INFO - Removendo duplicado: backup_restaurado\completo_backup_projeto-projeto contagem de tokens-20241102_034927-a6c763fc-versao-0006\backup_restaurado\completo_backup_projeto-projeto contagem de tokens-20241102_032136-04c27e3d-versao-0004\generated-yaml-text-to-embedding\embedding_stream_v1_90a43f12a9.yaml
2024-11-02 03:50:13,990 - INFO - Data modificação: 2024-11-02 03:50:11.286039
2024-11-02 03:50:13,990 - INFO - Tamanho: 0.01 MB
2024-11-02 03:50:13,991 - INFO - Removendo duplicado: backup_restaurado\completo_backup_projeto-projeto contagem de tokens-20241102_035009-b4ec8d66-versao-0007\backup_restaurado\completo_backup_projeto-projeto contagem de tokens-20241102_032136-04c27e3d-versao-0004\generated-yaml-text-to-embedding\embedding_stream_v1_90a43f12a9.yaml
2024-11-02 03:50:13,991 - INFO - Data modificação: 2024-11-02 03:50:11.239585
2024-11-02 03:50:13,991 - INFO - Tamanho: 0.01 MB
2024-11-02 03:50:13,991 - INFO - Removendo duplicado: backup_restaurado\completo_backup_projeto-projeto contagem de tokens-20241102_034927-a6c763fc-versao-0006\backup_restaurado\completo_backup_projeto-projeto contagem de tokens-20241102_032136-04c27e3d-versao-0004\generated-yaml-text-to-embedding\embedding_stream_v1_94c98019a1.yaml
2024-11-02 03:50:13,991 - INFO - Data modificação: 2024-11-02 03:50:11.287036
2024-11-02 03:50:13,991 - INFO - Tamanho: 0.00 MB
2024-11-02 03:50:13,992 - INFO - Removendo duplicado: backup_restaurado\completo_backup_projeto-projeto contagem de tokens-20241102_035009-b4ec8d66-versao-0007\backup_restaurado\completo_backup_projeto-projeto contagem de tokens-20241102_032136-04c27e3d-versao-0004\generated-yaml-text-to-embedding\embedding_stream_v1_94c98019a1.yaml
2024-11-02 03:50:13,992 - INFO - Data modificação: 2024-11-02 03:50:11.239585
2024-11-02 03:50:13,992 - INFO - Tamanho: 0.00 MB
2024-11-02 03:50:13,992 - INFO - Removendo duplicado: backup_restaurado\completo_backup_projeto-projeto contagem de tokens-20241102_034927-a6c763fc-versao-0006\backup_restaurado\completo_backup_projeto-projeto contagem de tokens-20241102_032136-04c27e3d-versao-0004\generated-yaml-text-to-embedding\embedding_stream_v1_97d1890bcb.yaml
2024-11-02 03:50:13,992 - INFO - Data modificação: 2024-11-02 03:50:11.287036
2024-11-02 03:50:13,993 - INFO - Tamanho: 0.00 MB
2024-11-02 03:50:13,993 - INFO - Removendo duplicado: backup_restaurado\completo_backup_projeto-projeto contagem de tokens-20241102_035009-b4ec8d66-versao-0007\backup_restaurado\completo_backup_projeto-projeto contagem de tokens-20241102_032136-04c27e3d-versao-0004\generated-yaml-text-to-embedding\embedding_stream_v1_97d1890bcb.yaml
2024-11-02 03:50:13,993 - INFO - Data modificação: 2024-11-02 03:50:11.240582
2024-11-02 03:50:13,993 - INFO - Tamanho: 0.00 MB
2024-11-02 03:50:13,993 - INFO - Removendo duplicado: backup_restaurado\completo_backup_projeto-projeto contagem de tokens-20241102_034927-a6c763fc-versao-0006\backup_restaurado\completo_backup_projeto-projeto contagem de tokens-20241102_032136-04c27e3d-versao-0004\generated-yaml-text-to-embedding\embedding_stream_v1_9973978c0e.yaml
2024-11-02 03:50:13,994 - INFO - Data modificação: 2024-11-02 03:50:11.288033
2024-11-02 03:50:13,994 - INFO - Tamanho: 0.00 MB
2024-11-02 03:50:13,994 - INFO - Removendo duplicado: backup_restaurado\completo_backup_projeto-projeto contagem de tokens-20241102_035009-b4ec8d66-versao-0007\backup_restaurado\completo_backup_projeto-projeto contagem de tokens-20241102_032136-04c27e3d-versao-0004\generated-yaml-text-to-embedding\embedding_stream_v1_9973978c0e.yaml
2024-11-02 03:50:13,994 - INFO - Data modificação: 2024-11-02 03:50:11.240582
2024-11-02 03:50:13,994 - INFO - Tamanho: 0.00 MB
2024-11-02 03:50:13,995 - INFO - Removendo duplicado: backup_restaurado\completo_backup_projeto-projeto contagem de tokens-20241102_034927-a6c763fc-versao-0006\backup_restaurado\completo_backup_projeto-projeto contagem de tokens-20241102_032136-04c27e3d-versao-0004\generated-yaml-text-to-embedding\embedding_stream_v1_a24a2f94ea.yaml
2024-11-02 03:50:13,995 - INFO - Data modificação: 2024-11-02 03:50:11.288033
2024-11-02 03:50:13,995 - INFO - Tamanho: 0.00 MB
2024-11-02 03:50:13,995 - INFO - Removendo duplicado: backup_restaurado\completo_backup_projeto-projeto contagem de tokens-20241102_035009-b4ec8d66-versao-0007\backup_restaurado\completo_backup_projeto-projeto contagem de tokens-20241102_032136-04c27e3d-versao-0004\generated-yaml-text-to-embedding\embedding_stream_v1_a24a2f94ea.yaml
2024-11-02 03:50:13,995 - INFO - Data modificação: 2024-11-02 03:50:11.241580
2024-11-02 03:50:13,995 - INFO - Tamanho: 0.00 MB
2024-11-02 03:50:13,996 - INFO - Removendo duplicado: backup_restaurado\completo_backup_projeto-projeto contagem de tokens-20241102_034927-a6c763fc-versao-0006\backup_restaurado\completo_backup_projeto-projeto contagem de tokens-20241102_032136-04c27e3d-versao-0004\generated-yaml-text-to-embedding\embedding_stream_v1_aaf0eb7404.yaml
2024-11-02 03:50:13,996 - INFO - Data modificação: 2024-11-02 03:50:11.289030
2024-11-02 03:50:13,996 - INFO - Tamanho: 0.00 MB
2024-11-02 03:50:13,997 - INFO - Removendo duplicado: backup_restaurado\completo_backup_projeto-projeto contagem de tokens-20241102_035009-b4ec8d66-versao-0007\backup_restaurado\completo_backup_projeto-projeto contagem de tokens-20241102_032136-04c27e3d-versao-0004\generated-yaml-text-to-embedding\embedding_stream_v1_aaf0eb7404.yaml
2024-11-02 03:50:13,997 - INFO - Data modificação: 2024-11-02 03:50:11.241580
2024-11-02 03:50:13,997 - INFO - Tamanho: 0.00 MB
2024-11-02 03:50:14,005 - INFO - Removendo duplicado: backup_restaurado\completo_backup_projeto-projeto contagem de tokens-20241102_034927-a6c763fc-versao-0006\backup_restaurado\completo_backup_projeto-projeto contagem de tokens-20241102_032136-04c27e3d-versao-0004\generated-yaml-text-to-embedding\embedding_stream_v1_b02a8aba3a.yaml
2024-11-02 03:50:14,005 - INFO - Data modificação: 2024-11-02 03:50:11.289030
2024-11-02 03:50:14,005 - INFO - Tamanho: 0.00 MB
2024-11-02 03:50:14,006 - INFO - Removendo duplicado: backup_restaurado\completo_backup_projeto-projeto contagem de tokens-20241102_035009-b4ec8d66-versao-0007\backup_restaurado\completo_backup_projeto-projeto contagem de tokens-20241102_032136-04c27e3d-versao-0004\generated-yaml-text-to-embedding\embedding_stream_v1_b02a8aba3a.yaml
2024-11-02 03:50:14,006 - INFO - Data modificação: 2024-11-02 03:50:11.242577
2024-11-02 03:50:14,006 - INFO - Tamanho: 0.00 MB
2024-11-02 03:50:14,006 - INFO - Removendo duplicado: backup_restaurado\completo_backup_projeto-projeto contagem de tokens-20241102_034927-a6c763fc-versao-0006\backup_restaurado\completo_backup_projeto-projeto contagem de tokens-20241102_032136-04c27e3d-versao-0004\generated-yaml-text-to-embedding\embedding_stream_v1_b08cb54ade.yaml
2024-11-02 03:50:14,006 - INFO - Data modificação: 2024-11-02 03:50:11.290028
2024-11-02 03:50:14,007 - INFO - Tamanho: 0.00 MB
2024-11-02 03:50:14,007 - INFO - Removendo duplicado: backup_restaurado\completo_backup_projeto-projeto contagem de tokens-20241102_035009-b4ec8d66-versao-0007\backup_restaurado\completo_backup_projeto-projeto contagem de tokens-20241102_032136-04c27e3d-versao-0004\generated-yaml-text-to-embedding\embedding_stream_v1_b08cb54ade.yaml
2024-11-02 03:50:14,007 - INFO - Data modificação: 2024-11-02 03:50:11.242577
2024-11-02 03:50:14,007 - INFO - Tamanho: 0.00 MB
2024-11-02 03:50:14,007 - INFO - Removendo duplicado: backup_restaurado\completo_backup_projeto-projeto contagem de tokens-20241102_034927-a6c763fc-versao-0006\backup_restaurado\completo_backup_projeto-projeto contagem de tokens-20241102_032136-04c27e3d-versao-0004\generated-yaml-text-to-embedding\embedding_stream_v1_b309d1ab0a.yaml
2024-11-02 03:50:14,007 - INFO - Data modificação: 2024-11-02 03:50:11.291025
2024-11-02 03:50:14,008 - INFO - Tamanho: 0.00 MB
2024-11-02 03:50:14,008 - INFO - Removendo duplicado: backup_restaurado\completo_backup_projeto-projeto contagem de tokens-20241102_035009-b4ec8d66-versao-0007\backup_restaurado\completo_backup_projeto-projeto contagem de tokens-20241102_032136-04c27e3d-versao-0004\generated-yaml-text-to-embedding\embedding_stream_v1_b309d1ab0a.yaml
2024-11-02 03:50:14,008 - INFO - Data modificação: 2024-11-02 03:50:11.243574
2024-11-02 03:50:14,008 - INFO - Tamanho: 0.00 MB
2024-11-02 03:50:14,008 - INFO - Removendo duplicado: backup_restaurado\completo_backup_projeto-projeto contagem de tokens-20241102_034927-a6c763fc-versao-0006\backup_restaurado\completo_backup_projeto-projeto contagem de tokens-20241102_032136-04c27e3d-versao-0004\generated-yaml-text-to-embedding\embedding_stream_v1_b78b8239ef.yaml
2024-11-02 03:50:14,008 - INFO - Data modificação: 2024-11-02 03:50:11.291025
2024-11-02 03:50:14,009 - INFO - Tamanho: 0.00 MB
2024-11-02 03:50:14,009 - INFO - Removendo duplicado: backup_restaurado\completo_backup_projeto-projeto contagem de tokens-20241102_035009-b4ec8d66-versao-0007\backup_restaurado\completo_backup_projeto-projeto contagem de tokens-20241102_032136-04c27e3d-versao-0004\generated-yaml-text-to-embedding\embedding_stream_v1_b78b8239ef.yaml
2024-11-02 03:50:14,009 - INFO - Data modificação: 2024-11-02 03:50:11.243574
2024-11-02 03:50:14,009 - INFO - Tamanho: 0.00 MB
2024-11-02 03:50:14,009 - INFO - Removendo duplicado: backup_restaurado\completo_backup_projeto-projeto contagem de tokens-20241102_034927-a6c763fc-versao-0006\backup_restaurado\completo_backup_projeto-projeto contagem de tokens-20241102_032136-04c27e3d-versao-0004\generated-yaml-text-to-embedding\embedding_stream_v1_c9fea8c335.yaml
2024-11-02 03:50:14,009 - INFO - Data modificação: 2024-11-02 03:50:11.292022
2024-11-02 03:50:14,009 - INFO - Tamanho: 0.00 MB
2024-11-02 03:50:14,010 - INFO - Removendo duplicado: backup_restaurado\completo_backup_projeto-projeto contagem de tokens-20241102_035009-b4ec8d66-versao-0007\backup_restaurado\completo_backup_projeto-projeto contagem de tokens-20241102_032136-04c27e3d-versao-0004\generated-yaml-text-to-embedding\embedding_stream_v1_c9fea8c335.yaml
2024-11-02 03:50:14,010 - INFO - Data modificação: 2024-11-02 03:50:11.244571
2024-11-02 03:50:14,010 - INFO - Tamanho: 0.00 MB
2024-11-02 03:50:14,010 - INFO - Removendo duplicado: backup_restaurado\completo_backup_projeto-projeto contagem de tokens-20241102_034927-a6c763fc-versao-0006\backup_restaurado\completo_backup_projeto-projeto contagem de tokens-20241102_032136-04c27e3d-versao-0004\generated-yaml-text-to-embedding\embedding_stream_v1_cbfd64a207.yaml
2024-11-02 03:50:14,010 - INFO - Data modificação: 2024-11-02 03:50:11.292022
2024-11-02 03:50:14,010 - INFO - Tamanho: 0.00 MB
2024-11-02 03:50:14,011 - INFO - Removendo duplicado: backup_restaurado\completo_backup_projeto-projeto contagem de tokens-20241102_035009-b4ec8d66-versao-0007\backup_restaurado\completo_backup_projeto-projeto contagem de tokens-20241102_032136-04c27e3d-versao-0004\generated-yaml-text-to-embedding\embedding_stream_v1_cbfd64a207.yaml
2024-11-02 03:50:14,011 - INFO - Data modificação: 2024-11-02 03:50:11.244571
2024-11-02 03:50:14,011 - INFO - Tamanho: 0.00 MB
2024-11-02 03:50:14,011 - INFO - Removendo duplicado: backup_restaurado\completo_backup_projeto-projeto contagem de tokens-20241102_034927-a6c763fc-versao-0006\backup_restaurado\completo_backup_projeto-projeto contagem de tokens-20241102_032606-43e38bca-versao-0005\gerador_yaml_embeddings_stream_v1.py
2024-11-02 03:50:14,011 - INFO - Data modificação: 2024-11-02 03:50:11.293020
2024-11-02 03:50:14,011 - INFO - Tamanho: 0.02 MB
2024-11-02 03:50:14,011 - INFO - Removendo duplicado: backup_restaurado\completo_backup_projeto-projeto contagem de tokens-20241102_035009-b4ec8d66-versao-0007\backup_restaurado\completo_backup_projeto-projeto contagem de tokens-20241102_032606-43e38bca-versao-0005\gerador_yaml_embeddings_stream_v1.py
2024-11-02 03:50:14,012 - INFO - Data modificação: 2024-11-02 03:50:11.245569
2024-11-02 03:50:14,012 - INFO - Tamanho: 0.02 MB
2024-11-02 03:50:14,012 - INFO - Removendo duplicado: backup_restaurado\completo_backup_projeto-projeto contagem de tokens-20241102_034927-a6c763fc-versao-0006\yamls_textembedding_bruto_backups_original_limpeza_20241102_032144_0f5392c2.zip
2024-11-02 03:50:14,012 - INFO - Data modificação: 2024-11-02 03:50:11.272076
2024-11-02 03:50:14,012 - INFO - Tamanho: 0.05 MB
2024-11-02 03:50:14,013 - INFO - Removendo duplicado: backup_restaurado\completo_backup_projeto-projeto contagem de tokens-20241102_035009-b4ec8d66-versao-0007\yamls_textembedding_bruto_backups_original_limpeza_20241102_032144_0f5392c2.zip
2024-11-02 03:50:14,013 - INFO - Data modificação: 2024-11-02 03:50:11.221633
2024-11-02 03:50:14,013 - INFO - Tamanho: 0.05 MB
2024-11-02 03:50:14,013 - INFO - Removendo duplicado: backup_restaurado\completo_backup_projeto-projeto contagem de tokens-20241102_034927-a6c763fc-versao-0006\backup_restaurado\completo_backup_projeto-projeto contagem de tokens-20241102_032606-43e38bca-versao-0005\generated-yaml-text-to-embedding\embedding_stream_v1_904861821f.yaml
2024-11-02 03:50:14,014 - INFO - Data modificação: 2024-11-02 03:50:11.294018
2024-11-02 03:50:14,014 - INFO - Tamanho: 0.01 MB
2024-11-02 03:50:14,014 - INFO - Removendo duplicado: backup_restaurado\completo_backup_projeto-projeto contagem de tokens-20241102_035009-b4ec8d66-versao-0007\backup_restaurado\completo_backup_projeto-projeto contagem de tokens-20241102_032606-43e38bca-versao-0005\generated-yaml-text-to-embedding\embedding_stream_v1_904861821f.yaml
2024-11-02 03:50:14,015 - INFO - Data modificação: 2024-11-02 03:50:11.246567
2024-11-02 03:50:14,015 - INFO - Tamanho: 0.01 MB
2024-11-02 03:50:14,016 - INFO - Removendo duplicado: backup_restaurado\completo_backup_projeto-projeto contagem de tokens-20241102_034927-a6c763fc-versao-0006\backup_restaurado\completo_backup_projeto-projeto contagem de tokens-20241102_032606-43e38bca-versao-0005\generated-yaml-text-to-embedding\embedding_stream_v1_b2ea85825a.yaml
2024-11-02 03:50:14,016 - INFO - Data modificação: 2024-11-02 03:50:11.295016
2024-11-02 03:50:14,017 - INFO - Tamanho: 0.00 MB
2024-11-02 03:50:14,017 - INFO - Removendo duplicado: backup_restaurado\completo_backup_projeto-projeto contagem de tokens-20241102_035009-b4ec8d66-versao-0007\backup_restaurado\completo_backup_projeto-projeto contagem de tokens-20241102_032606-43e38bca-versao-0005\generated-yaml-text-to-embedding\embedding_stream_v1_b2ea85825a.yaml
2024-11-02 03:50:14,018 - INFO - Data modificação: 2024-11-02 03:50:11.247564
2024-11-02 03:50:14,018 - INFO - Tamanho: 0.00 MB
2024-11-02 03:50:14,018 - INFO - Removendo duplicado: backup_restaurado\completo_backup_projeto-projeto contagem de tokens-20241102_034927-a6c763fc-versao-0006\backup_restaurado\completo_backup_projeto-projeto contagem de tokens-20241102_032606-43e38bca-versao-0005\generated-yaml-text-to-embedding\embedding_stream_v1_e4ed21811f.yaml
2024-11-02 03:50:14,019 - INFO - Data modificação: 2024-11-02 03:50:11.295016
2024-11-02 03:50:14,019 - INFO - Tamanho: 0.00 MB
2024-11-02 03:50:14,019 - INFO - Removendo duplicado: backup_restaurado\completo_backup_projeto-projeto contagem de tokens-20241102_035009-b4ec8d66-versao-0007\backup_restaurado\completo_backup_projeto-projeto contagem de tokens-20241102_032606-43e38bca-versao-0005\generated-yaml-text-to-embedding\embedding_stream_v1_e4ed21811f.yaml
2024-11-02 03:50:14,019 - INFO - Data modificação: 2024-11-02 03:50:11.247564
2024-11-02 03:50:14,019 - INFO - Tamanho: 0.00 MB
2024-11-02 03:50:14,020 - INFO - Removendo duplicado: backup_restaurado\completo_backup_projeto-projeto contagem de tokens-20241102_034927-a6c763fc-versao-0006\backup_restaurado\completo_backup_projeto-projeto contagem de tokens-20241102_032606-43e38bca-versao-0005\generated-yaml-text-to-embedding\embedding_stream_v1_e7bbd6ab26.yaml
2024-11-02 03:50:14,020 - INFO - Data modificação: 2024-11-02 03:50:11.296012
2024-11-02 03:50:14,020 - INFO - Tamanho: 0.00 MB
2024-11-02 03:50:14,021 - INFO - Removendo duplicado: backup_restaurado\completo_backup_projeto-projeto contagem de tokens-20241102_035009-b4ec8d66-versao-0007\backup_restaurado\completo_backup_projeto-projeto contagem de tokens-20241102_032606-43e38bca-versao-0005\generated-yaml-text-to-embedding\embedding_stream_v1_e7bbd6ab26.yaml
2024-11-02 03:50:14,021 - INFO - Data modificação: 2024-11-02 03:50:11.248561
2024-11-02 03:50:14,022 - INFO - Tamanho: 0.00 MB
2024-11-02 03:50:14,022 - INFO - Removendo duplicado: backup_restaurado\completo_backup_projeto-projeto contagem de tokens-20241102_035009-b4ec8d66-versao-0007\logs\automacao_backup.log
2024-11-02 03:50:14,022 - INFO - Data modificação: 2024-11-02 03:50:11.256540
2024-11-02 03:50:14,022 - INFO - Tamanho: 0.00 MB
2024-11-02 03:50:14,022 - INFO - Removendo duplicado: backup_restaurado\completo_backup_projeto-projeto contagem de tokens-20241102_035009-b4ec8d66-versao-0007\gerador_yaml_embeddings_stream_v1.py
2024-11-02 03:50:14,023 - INFO - Data modificação: 2024-11-02 03:50:11.212658
2024-11-02 03:50:14,023 - INFO - Tamanho: 0.03 MB
2024-11-02 03:50:14,023 - INFO - Removendo duplicado: backup_restaurado\completo_backup_projeto-projeto contagem de tokens-20241102_035009-b4ec8d66-versao-0007\limpar_duplicados_avancado.py
2024-11-02 03:50:14,023 - INFO - Data modificação: 2024-11-02 03:50:11.213655
2024-11-02 03:50:14,023 - INFO - Tamanho: 0.01 MB
2024-11-02 03:50:14,024 - INFO - Removendo duplicado: backup_restaurado\completo_backup_projeto-projeto contagem de tokens-20241102_035009-b4ec8d66-versao-0007\remover_duplicados.py
2024-11-02 03:50:14,024 - INFO - Data modificação: 2024-11-02 03:50:11.213655
2024-11-02 03:50:14,024 - INFO - Tamanho: 0.01 MB
2024-11-02 03:50:14,024 - INFO - Removendo duplicado: backup_restaurado\completo_backup_projeto-projeto contagem de tokens-20241102_035009-b4ec8d66-versao-0007\restaurar_backup.py
2024-11-02 03:50:14,024 - INFO - Data modificação: 2024-11-02 03:50:11.214652
2024-11-02 03:50:14,024 - INFO - Tamanho: 0.00 MB
2024-11-02 03:50:14,025 - INFO - Removendo duplicado: backup_restaurado\completo_backup_projeto-projeto contagem de tokens-20241102_035009-b4ec8d66-versao-0007\yamls_textembedding_bruto_backups_original_limpeza_20241102_033205_ba41b0b4.zip
2024-11-02 03:50:14,025 - INFO - Data modificação: 2024-11-02 03:50:11.221633
2024-11-02 03:50:14,025 - INFO - Tamanho: 0.03 MB
2024-11-02 03:50:14,026 - INFO - Removendo duplicado: backup_restaurado\completo_backup_projeto-projeto contagem de tokens-20241102_034927-a6c763fc-versao-0006\generated-yaml-text-to-embedding\embedding_stream_v1_f15ebcf5b4.yaml
2024-11-02 03:50:14,026 - INFO - Data modificação: 2024-11-02 03:50:11.301996
2024-11-02 03:50:14,026 - INFO - Tamanho: 0.00 MB
2024-11-02 03:50:14,026 - INFO - Removendo duplicado: backup_restaurado\completo_backup_projeto-projeto contagem de tokens-20241102_034927-a6c763fc-versao-0006\generated-yaml-text-to-embedding\embedding_stream_v1_f574b46540.yaml
2024-11-02 03:50:14,026 - INFO - Data modificação: 2024-11-02 03:50:11.301996
2024-11-02 03:50:14,027 - INFO - Tamanho: 0.00 MB
2024-11-02 03:50:14,030 - INFO - Removendo duplicado: backup_restaurado\completo_backup_projeto-projeto contagem de tokens-20241102_034927-a6c763fc-versao-0006\generated-yaml-text-to-embedding\embedding_stream_v1_f9a28c4d95.yaml
2024-11-02 03:50:14,030 - INFO - Data modificação: 2024-11-02 03:50:11.301996
2024-11-02 03:50:14,030 - INFO - Tamanho: 0.00 MB
2024-11-02 03:50:14,030 - INFO - Removendo duplicado: backup_restaurado\completo_backup_projeto-projeto contagem de tokens-20241102_034927-a6c763fc-versao-0006\generated-yaml-text-to-embedding\embedding_stream_v1_fceeecbd79.yaml
2024-11-02 03:50:14,031 - INFO - Data modificação: 2024-11-02 03:50:11.301996
2024-11-02 03:50:14,031 - INFO - Tamanho: 0.00 MB
2024-11-02 03:50:14,031 - INFO - Removendo duplicado: backup_restaurado\completo_backup_projeto-projeto contagem de tokens-20241102_034927-a6c763fc-versao-0006\generated-yaml-text-to-embedding\embedding_stream_v1_8953acc813.yaml
2024-11-02 03:50:14,031 - INFO - Data modificação: 2024-11-02 03:50:11.300998
2024-11-02 03:50:14,031 - INFO - Tamanho: 0.00 MB
2024-11-02 03:50:14,032 - INFO - Removendo duplicado: backup_restaurado\completo_backup_projeto-projeto contagem de tokens-20241102_034927-a6c763fc-versao-0006\generated-yaml-text-to-embedding\embedding_stream_v1_8ab041c6ee.yaml
2024-11-02 03:50:14,033 - INFO - Data modificação: 2024-11-02 03:50:11.300998
2024-11-02 03:50:14,033 - INFO - Tamanho: 0.00 MB
2024-11-02 03:50:14,033 - INFO - Removendo duplicado: backup_restaurado\completo_backup_projeto-projeto contagem de tokens-20241102_034927-a6c763fc-versao-0006\generated-yaml-text-to-embedding\embedding_stream_v1_e2eb8c2ade.yaml
2024-11-02 03:50:14,033 - INFO - Data modificação: 2024-11-02 03:50:11.300998
2024-11-02 03:50:14,033 - INFO - Tamanho: 0.00 MB
2024-11-02 03:50:14,033 - INFO - Removendo duplicado: backup_restaurado\completo_backup_projeto-projeto contagem de tokens-20241102_034927-a6c763fc-versao-0006\generated-yaml-text-to-embedding\embedding_stream_v1_5fd0236479.yaml
2024-11-02 03:50:14,033 - INFO - Data modificação: 2024-11-02 03:50:11.300001
2024-11-02 03:50:14,034 - INFO - Tamanho: 0.00 MB
2024-11-02 03:50:14,034 - INFO - Removendo duplicado: backup_restaurado\completo_backup_projeto-projeto contagem de tokens-20241102_034927-a6c763fc-versao-0006\generated-yaml-text-to-embedding\embedding_stream_v1_68e05b0b89.yaml
2024-11-02 03:50:14,034 - INFO - Data modificação: 2024-11-02 03:50:11.300001
2024-11-02 03:50:14,034 - INFO - Tamanho: 0.00 MB
2024-11-02 03:50:14,034 - INFO - Removendo duplicado: backup_restaurado\completo_backup_projeto-projeto contagem de tokens-20241102_034927-a6c763fc-versao-0006\generated-yaml-text-to-embedding\embedding_stream_v1_29b2a4cba2.yaml
2024-11-02 03:50:14,034 - INFO - Data modificação: 2024-11-02 03:50:11.298006
2024-11-02 03:50:14,034 - INFO - Tamanho: 0.00 MB
2024-11-02 03:50:14,035 - INFO - Removendo duplicado: backup_restaurado\completo_backup_projeto-projeto contagem de tokens-20241102_034927-a6c763fc-versao-0006\generated-yaml-text-to-embedding\embedding_stream_v1_2f7f36a9f7.yaml
2024-11-02 03:50:14,035 - INFO - Data modificação: 2024-11-02 03:50:11.298006
2024-11-02 03:50:14,035 - INFO - Tamanho: 0.00 MB
2024-11-02 03:50:14,035 - INFO - Removendo duplicado: backup_restaurado\completo_backup_projeto-projeto contagem de tokens-20241102_034927-a6c763fc-versao-0006\generated-yaml-text-to-embedding\embedding_stream_v1_090a85aacc.yaml
2024-11-02 03:50:14,035 - INFO - Data modificação: 2024-11-02 03:50:11.297009
2024-11-02 03:50:14,036 - INFO - Tamanho: 0.00 MB
2024-11-02 03:50:14,036 - INFO - Removendo duplicado: backup_restaurado\completo_backup_projeto-projeto contagem de tokens-20241102_035009-b4ec8d66-versao-0007\generated-yaml-text-to-embedding\embedding_stream_v1_f9a28c4d95.yaml
2024-11-02 03:50:14,036 - INFO - Data modificação: 2024-11-02 03:50:11.255543
2024-11-02 03:50:14,036 - INFO - Tamanho: 0.00 MB
2024-11-02 03:50:14,037 - INFO - Removendo duplicado: backup_restaurado\completo_backup_projeto-projeto contagem de tokens-20241102_035009-b4ec8d66-versao-0007\generated-yaml-text-to-embedding\embedding_stream_v1_fceeecbd79.yaml
2024-11-02 03:50:14,037 - INFO - Data modificação: 2024-11-02 03:50:11.255543
2024-11-02 03:50:14,037 - INFO - Tamanho: 0.00 MB
2024-11-02 03:50:14,037 - INFO - Removendo duplicado: backup_restaurado\completo_backup_projeto-projeto contagem de tokens-20241102_035009-b4ec8d66-versao-0007\generated-yaml-text-to-embedding\embedding_stream_v1_ebce04fc92.yaml
2024-11-02 03:50:14,037 - INFO - Data modificação: 2024-11-02 03:50:11.254545
2024-11-02 03:50:14,037 - INFO - Tamanho: 0.00 MB
2024-11-02 03:50:14,038 - INFO - Removendo duplicado: backup_restaurado\completo_backup_projeto-projeto contagem de tokens-20241102_035009-b4ec8d66-versao-0007\generated-yaml-text-to-embedding\embedding_stream_v1_f15ebcf5b4.yaml
2024-11-02 03:50:14,038 - INFO - Data modificação: 2024-11-02 03:50:11.254545
2024-11-02 03:50:14,038 - INFO - Tamanho: 0.00 MB
2024-11-02 03:50:14,038 - INFO - Removendo duplicado: backup_restaurado\completo_backup_projeto-projeto contagem de tokens-20241102_035009-b4ec8d66-versao-0007\generated-yaml-text-to-embedding\embedding_stream_v1_f574b46540.yaml
2024-11-02 03:50:14,038 - INFO - Data modificação: 2024-11-02 03:50:11.254545
2024-11-02 03:50:14,038 - INFO - Tamanho: 0.00 MB
2024-11-02 03:50:14,068 - INFO - Removendo duplicado: backup_restaurado\completo_backup_projeto-projeto contagem de tokens-20241102_035009-b4ec8d66-versao-0007\generated-yaml-text-to-embedding\embedding_stream_v1_68e05b0b89.yaml
2024-11-02 03:50:14,068 - INFO - Data modificação: 2024-11-02 03:50:11.253547
2024-11-02 03:50:14,068 - INFO - Tamanho: 0.00 MB
2024-11-02 03:50:14,068 - INFO - Removendo duplicado: backup_restaurado\completo_backup_projeto-projeto contagem de tokens-20241102_035009-b4ec8d66-versao-0007\generated-yaml-text-to-embedding\embedding_stream_v1_8953acc813.yaml
2024-11-02 03:50:14,068 - INFO - Data modificação: 2024-11-02 03:50:11.253547
2024-11-02 03:50:14,068 - INFO - Tamanho: 0.00 MB
2024-11-02 03:50:14,069 - INFO - Removendo duplicado: backup_restaurado\completo_backup_projeto-projeto contagem de tokens-20241102_035009-b4ec8d66-versao-0007\generated-yaml-text-to-embedding\embedding_stream_v1_8ab041c6ee.yaml
2024-11-02 03:50:14,069 - INFO - Data modificação: 2024-11-02 03:50:11.253547
2024-11-02 03:50:14,069 - INFO - Tamanho: 0.00 MB
2024-11-02 03:50:14,069 - INFO - Removendo duplicado: backup_restaurado\completo_backup_projeto-projeto contagem de tokens-20241102_035009-b4ec8d66-versao-0007\generated-yaml-text-to-embedding\embedding_stream_v1_e2eb8c2ade.yaml
2024-11-02 03:50:14,069 - INFO - Data modificação: 2024-11-02 03:50:11.253547
2024-11-02 03:50:14,069 - INFO - Tamanho: 0.00 MB
2024-11-02 03:50:14,070 - INFO - Removendo duplicado: backup_restaurado\completo_backup_projeto-projeto contagem de tokens-20241102_035009-b4ec8d66-versao-0007\generated-yaml-text-to-embedding\embedding_stream_v1_5fd0236479.yaml
2024-11-02 03:50:14,070 - INFO - Data modificação: 2024-11-02 03:50:11.252550
2024-11-02 03:50:14,070 - INFO - Tamanho: 0.00 MB
2024-11-02 03:50:14,070 - INFO - Removendo duplicado: backup_restaurado\completo_backup_projeto-projeto contagem de tokens-20241102_035009-b4ec8d66-versao-0007\generated-yaml-text-to-embedding\embedding_stream_v1_29b2a4cba2.yaml
2024-11-02 03:50:14,070 - INFO - Data modificação: 2024-11-02 03:50:11.251554
2024-11-02 03:50:14,070 - INFO - Tamanho: 0.00 MB
2024-11-02 03:50:14,071 - INFO - Removendo duplicado: backup_restaurado\completo_backup_projeto-projeto contagem de tokens-20241102_035009-b4ec8d66-versao-0007\generated-yaml-text-to-embedding\embedding_stream_v1_2f7f36a9f7.yaml
2024-11-02 03:50:14,071 - INFO - Data modificação: 2024-11-02 03:50:11.251554
2024-11-02 03:50:14,071 - INFO - Tamanho: 0.00 MB
2024-11-02 03:50:14,071 - INFO - Removendo duplicado: backup_restaurado\completo_backup_projeto-projeto contagem de tokens-20241102_035009-b4ec8d66-versao-0007\generated-yaml-text-to-embedding\embedding_stream_v1_090a85aacc.yaml
2024-11-02 03:50:14,071 - INFO - Data modificação: 2024-11-02 03:50:11.249559
2024-11-02 03:50:14,071 - INFO - Tamanho: 0.00 MB
2024-11-02 03:50:14,072 - INFO - Removendo duplicado: backup_restaurado\completo_backup_projeto-projeto contagem de tokens-20241102_035009-b4ec8d66-versao-0007\generated-yaml-text-to-embedding\embedding_stream_v1_17732c163f.yaml
2024-11-02 03:50:14,074 - INFO - Data modificação: 2024-11-02 03:50:11.250556
2024-11-02 03:50:14,074 - INFO - Tamanho: 0.00 MB
2024-11-02 03:50:14,075 - INFO - Removendo duplicado: backup_restaurado\completo_backup_projeto-projeto contagem de tokens-20241102_035009-b4ec8d66-versao-0007\generated-yaml-text-to-embedding\embedding_stream_v1_4ac5839973.yaml
2024-11-02 03:50:14,075 - INFO - Data modificação: 2024-11-02 03:50:11.252550
2024-11-02 03:50:14,075 - INFO - Tamanho: 0.00 MB
2024-11-02 03:50:14,075 - INFO - Removendo duplicado: backup_restaurado\completo_backup_projeto-projeto contagem de tokens-20241102_035009-b4ec8d66-versao-0007\generated-yaml-text-to-embedding\embedding_stream_v1_fe33cb89db.yaml
2024-11-02 03:50:14,075 - INFO - Data modificação: 2024-11-02 03:50:11.255543
2024-11-02 03:50:14,075 - INFO - Tamanho: 0.00 MB
2024-11-02 03:50:14,076 - INFO - Removendo pastas vazias...
2024-11-02 03:50:14,084 - INFO - Pasta vazia removida: backup_restaurado\completo_backup_projeto-projeto contagem de tokens-20241102_035009-b4ec8d66-versao-0007\txt
2024-11-02 03:50:14,085 - INFO - Pasta vazia removida: backup_restaurado\completo_backup_projeto-projeto contagem de tokens-20241102_035009-b4ec8d66-versao-0007\json
2024-11-02 03:50:14,085 - INFO - Pasta vazia removida: backup_restaurado\completo_backup_projeto-projeto contagem de tokens-20241102_035009-b4ec8d66-versao-0007\generated-yaml-text-to-embedding
2024-11-02 03:50:14,086 - INFO - Pasta vazia removida: backup_restaurado\completo_backup_projeto-projeto contagem de tokens-20241102_035009-b4ec8d66-versao-0007\backup_restaurado\completo_backup_projeto-projeto contagem de tokens-20241102_032606-43e38bca-versao-0005\generated-yaml-text-to-embedding
2024-11-02 03:50:14,086 - INFO - Pasta vazia removida: backup_restaurado\completo_backup_projeto-projeto contagem de tokens-20241102_035009-b4ec8d66-versao-0007\backup_restaurado\completo_backup_projeto-projeto contagem de tokens-20241102_032606-43e38bca-versao-0005
2024-11-02 03:50:14,086 - INFO - Pasta vazia removida: backup_restaurado\completo_backup_projeto-projeto contagem de tokens-20241102_035009-b4ec8d66-versao-0007\backup_restaurado\completo_backup_projeto-projeto contagem de tokens-20241102_032136-04c27e3d-versao-0004\generated-yaml-text-to-embedding
2024-11-02 03:50:14,087 - INFO - Pasta vazia removida: backup_restaurado\completo_backup_projeto-projeto contagem de tokens-20241102_035009-b4ec8d66-versao-0007\backup_restaurado\completo_backup_projeto-projeto contagem de tokens-20241102_032136-04c27e3d-versao-0004
2024-11-02 03:50:14,087 - INFO - Pasta vazia removida: backup_restaurado\completo_backup_projeto-projeto contagem de tokens-20241102_035009-b4ec8d66-versao-0007\backup_restaurado\completo_backup_projeto-projeto contagem de tokens-20241102_030201-aba6a2c4-versao-0003
2024-11-02 03:50:14,088 - INFO - Pasta vazia removida: backup_restaurado\completo_backup_projeto-projeto contagem de tokens-20241102_034927-a6c763fc-versao-0006\txt
2024-11-02 03:50:14,089 - INFO - Pasta vazia removida: backup_restaurado\completo_backup_projeto-projeto contagem de tokens-20241102_034927-a6c763fc-versao-0006\json
2024-11-02 03:50:14,090 - INFO - Pasta vazia removida: backup_restaurado\completo_backup_projeto-projeto contagem de tokens-20241102_034927-a6c763fc-versao-0006\backup_restaurado\completo_backup_projeto-projeto contagem de tokens-20241102_032606-43e38bca-versao-0005\generated-yaml-text-to-embedding
2024-11-02 03:50:14,090 - INFO - Pasta vazia removida: backup_restaurado\completo_backup_projeto-projeto contagem de tokens-20241102_034927-a6c763fc-versao-0006\backup_restaurado\completo_backup_projeto-projeto contagem de tokens-20241102_032606-43e38bca-versao-0005
2024-11-02 03:50:14,090 - INFO - Pasta vazia removida: backup_restaurado\completo_backup_projeto-projeto contagem de tokens-20241102_034927-a6c763fc-versao-0006\backup_restaurado\completo_backup_projeto-projeto contagem de tokens-20241102_032136-04c27e3d-versao-0004\generated-yaml-text-to-embedding
2024-11-02 03:50:14,091 - INFO - Pasta vazia removida: backup_restaurado\completo_backup_projeto-projeto contagem de tokens-20241102_034927-a6c763fc-versao-0006\backup_restaurado\completo_backup_projeto-projeto contagem de tokens-20241102_032136-04c27e3d-versao-0004
2024-11-02 03:50:14,091 - INFO - Pasta vazia removida: backup_restaurado\completo_backup_projeto-projeto contagem de tokens-20241102_034927-a6c763fc-versao-0006\backup_restaurado\completo_backup_projeto-projeto contagem de tokens-20241102_030201-aba6a2c4-versao-0003
2024-11-02 03:50:14,091 - INFO - Pasta vazia removida: backup_restaurado\completo_backup_projeto-projeto contagem de tokens-20241102_034927-a6c763fc-versao-0006\backup_restaurado\completo_backup_projeto-projeto contagem de tokens-20241102_024443-830124be-versao-0001
2024-11-02 03:50:14,091 - INFO - Pasta vazia removida: backup_restaurado\completo_backup_projeto-projeto contagem de tokens-20241102_034927-a6c763fc-versao-0006\backup_restaurado
2024-11-02 03:50:14,095 - INFO - 
Relatório Final de Limpeza:
2024-11-02 03:50:14,095 - INFO - Total de arquivos originais: 285
2024-11-02 03:50:14,095 - INFO - Arquivos removidos: 209
2024-11-02 03:50:14,095 - INFO - Espaço liberado: 2.14 MB
2024-11-02 03:50:14,095 - INFO - Arquivos únicos restantes: 76
2024-11-02 03:50:14,095 - INFO - Processo de limpeza concluído com sucesso!
