2024-11-02 04:11:26,975 - INFO - Extraindo backup\completo_backup_projeto-projeto contagem de tokens-20241102_041125-e18d332e-versao-0017.zip para backup_restaurado\completo_backup_projeto-projeto contagem de tokens-20241102_041125-e18d332e-versao-0017
2024-11-02 04:11:27,068 - INFO - Backup restaurado com sucesso: completo_backup_projeto-projeto contagem de tokens-20241102_041125-e18d332e-versao-0017.zip
2024-11-02 04:11:27,069 - INFO - Extraindo backup\completo_backup_projeto-projeto contagem de tokens-20241102_041118-b4b1b289-versao-0016.zip para backup_restaurado\completo_backup_projeto-projeto contagem de tokens-20241102_041118-b4b1b289-versao-0016
2024-11-02 04:11:27,171 - INFO - Backup restaurado com sucesso: completo_backup_projeto-projeto contagem de tokens-20241102_041118-b4b1b289-versao-0016.zip
2024-11-02 04:11:27,172 - INFO - Extraindo backup\completo_backup_projeto-projeto contagem de tokens-20241102_041100-ab332c19-versao-0015.zip para backup_restaurado\completo_backup_projeto-projeto contagem de tokens-20241102_041100-ab332c19-versao-0015
2024-11-02 04:11:27,241 - INFO - Backup restaurado com sucesso: completo_backup_projeto-projeto contagem de tokens-20241102_041100-ab332c19-versao-0015.zip
2024-11-02 04:11:27,241 - INFO - Extraindo backup\completo_backup_projeto-projeto contagem de tokens-20241102_040232-eeb1af6d-versao-0014.zip para backup_restaurado\completo_backup_projeto-projeto contagem de tokens-20241102_040232-eeb1af6d-versao-0014
2024-11-02 04:11:27,311 - INFO - Backup restaurado com sucesso: completo_backup_projeto-projeto contagem de tokens-20241102_040232-eeb1af6d-versao-0014.zip
2024-11-02 04:11:27,311 - INFO - Extraindo backup\completo_backup_projeto-projeto contagem de tokens-20241102_040222-cd3317f4-versao-0013.zip para backup_restaurado\completo_backup_projeto-projeto contagem de tokens-20241102_040222-cd3317f4-versao-0013
2024-11-02 04:11:27,374 - INFO - Backup restaurado com sucesso: completo_backup_projeto-projeto contagem de tokens-20241102_040222-cd3317f4-versao-0013.zip
2024-11-02 04:11:27,374 - INFO - Extraindo backup\completo_backup_projeto-projeto contagem de tokens-20241102_040140-747c4777-versao-0012.zip para backup_restaurado\completo_backup_projeto-projeto contagem de tokens-20241102_040140-747c4777-versao-0012
2024-11-02 04:11:27,450 - INFO - Backup restaurado com sucesso: completo_backup_projeto-projeto contagem de tokens-20241102_040140-747c4777-versao-0012.zip
2024-11-02 04:11:27,450 - INFO - Extraindo backup\completo_backup_projeto-projeto contagem de tokens-20241102_035438-04146c02-versao-0011.zip para backup_restaurado\completo_backup_projeto-projeto contagem de tokens-20241102_035438-04146c02-versao-0011
2024-11-02 04:11:27,531 - INFO - Backup restaurado com sucesso: completo_backup_projeto-projeto contagem de tokens-20241102_035438-04146c02-versao-0011.zip
2024-11-02 04:11:27,531 - INFO - Extraindo backup\completo_backup_projeto-projeto contagem de tokens-20241102_035433-25962567-versao-0010.zip para backup_restaurado\completo_backup_projeto-projeto contagem de tokens-20241102_035433-25962567-versao-0010
2024-11-02 04:11:27,606 - INFO - Backup restaurado com sucesso: completo_backup_projeto-projeto contagem de tokens-20241102_035433-25962567-versao-0010.zip
2024-11-02 04:11:27,607 - INFO - Extraindo backup\completo_backup_projeto-projeto contagem de tokens-20241102_035331-034e861b-versao-0009.zip para backup_restaurado\completo_backup_projeto-projeto contagem de tokens-20241102_035331-034e861b-versao-0009
2024-11-02 04:11:27,681 - INFO - Backup restaurado com sucesso: completo_backup_projeto-projeto contagem de tokens-20241102_035331-034e861b-versao-0009.zip
2024-11-02 04:11:27,681 - INFO - Extraindo backup\completo_backup_projeto-projeto contagem de tokens-20241102_035201-c4fd0ef7-versao-0008.zip para backup_restaurado\completo_backup_projeto-projeto contagem de tokens-20241102_035201-c4fd0ef7-versao-0008
2024-11-02 04:11:27,825 - INFO - Backup restaurado com sucesso: completo_backup_projeto-projeto contagem de tokens-20241102_035201-c4fd0ef7-versao-0008.zip
2024-11-02 04:11:27,825 - INFO - 
Resumo da restauração:
2024-11-02 04:11:27,825 - INFO - Total de arquivos processados: 10
2024-11-02 04:11:27,825 - INFO - Restaurações bem-sucedidas: 10
2024-11-02 04:11:27,825 - INFO - Falhas: 0
2024-11-02 04:14:32,106 - INFO - Extraindo backup\completo_backup_projeto-projeto contagem de tokens-20241102_041125-e18d332e-versao-0017.zip para backup_restaurado\completo_backup_projeto-projeto contagem de tokens-20241102_041125-e18d332e-versao-0017
2024-11-02 04:14:32,188 - INFO - Backup restaurado com sucesso: completo_backup_projeto-projeto contagem de tokens-20241102_041125-e18d332e-versao-0017.zip
2024-11-02 04:14:32,189 - INFO - Extraindo backup\completo_backup_projeto-projeto contagem de tokens-20241102_041118-b4b1b289-versao-0016.zip para backup_restaurado\completo_backup_projeto-projeto contagem de tokens-20241102_041118-b4b1b289-versao-0016
2024-11-02 04:14:32,280 - INFO - Backup restaurado com sucesso: completo_backup_projeto-projeto contagem de tokens-20241102_041118-b4b1b289-versao-0016.zip
2024-11-02 04:14:32,281 - INFO - Extraindo backup\completo_backup_projeto-projeto contagem de tokens-20241102_041100-ab332c19-versao-0015.zip para backup_restaurado\completo_backup_projeto-projeto contagem de tokens-20241102_041100-ab332c19-versao-0015
2024-11-02 04:14:32,357 - INFO - Backup restaurado com sucesso: completo_backup_projeto-projeto contagem de tokens-20241102_041100-ab332c19-versao-0015.zip
2024-11-02 04:14:32,358 - INFO - Extraindo backup\completo_backup_projeto-projeto contagem de tokens-20241102_040232-eeb1af6d-versao-0014.zip para backup_restaurado\completo_backup_projeto-projeto contagem de tokens-20241102_040232-eeb1af6d-versao-0014
2024-11-02 04:14:32,425 - INFO - Backup restaurado com sucesso: completo_backup_projeto-projeto contagem de tokens-20241102_040232-eeb1af6d-versao-0014.zip
2024-11-02 04:14:32,426 - INFO - Extraindo backup\completo_backup_projeto-projeto contagem de tokens-20241102_040222-cd3317f4-versao-0013.zip para backup_restaurado\completo_backup_projeto-projeto contagem de tokens-20241102_040222-cd3317f4-versao-0013
2024-11-02 04:14:32,487 - INFO - Backup restaurado com sucesso: completo_backup_projeto-projeto contagem de tokens-20241102_040222-cd3317f4-versao-0013.zip
2024-11-02 04:14:32,488 - INFO - Extraindo backup\completo_backup_projeto-projeto contagem de tokens-20241102_040140-747c4777-versao-0012.zip para backup_restaurado\completo_backup_projeto-projeto contagem de tokens-20241102_040140-747c4777-versao-0012
2024-11-02 04:14:32,555 - INFO - Backup restaurado com sucesso: completo_backup_projeto-projeto contagem de tokens-20241102_040140-747c4777-versao-0012.zip
2024-11-02 04:14:32,555 - INFO - Extraindo backup\completo_backup_projeto-projeto contagem de tokens-20241102_035438-04146c02-versao-0011.zip para backup_restaurado\completo_backup_projeto-projeto contagem de tokens-20241102_035438-04146c02-versao-0011
2024-11-02 04:14:32,617 - INFO - Backup restaurado com sucesso: completo_backup_projeto-projeto contagem de tokens-20241102_035438-04146c02-versao-0011.zip
2024-11-02 04:14:32,618 - INFO - Extraindo backup\completo_backup_projeto-projeto contagem de tokens-20241102_035433-25962567-versao-0010.zip para backup_restaurado\completo_backup_projeto-projeto contagem de tokens-20241102_035433-25962567-versao-0010
2024-11-02 04:14:32,683 - INFO - Backup restaurado com sucesso: completo_backup_projeto-projeto contagem de tokens-20241102_035433-25962567-versao-0010.zip
2024-11-02 04:14:32,684 - INFO - Extraindo backup\completo_backup_projeto-projeto contagem de tokens-20241102_035331-034e861b-versao-0009.zip para backup_restaurado\completo_backup_projeto-projeto contagem de tokens-20241102_035331-034e861b-versao-0009
2024-11-02 04:14:32,759 - INFO - Backup restaurado com sucesso: completo_backup_projeto-projeto contagem de tokens-20241102_035331-034e861b-versao-0009.zip
2024-11-02 04:14:32,760 - INFO - Extraindo backup\completo_backup_projeto-projeto contagem de tokens-20241102_035201-c4fd0ef7-versao-0008.zip para backup_restaurado\completo_backup_projeto-projeto contagem de tokens-20241102_035201-c4fd0ef7-versao-0008
2024-11-02 04:14:32,812 - INFO - Backup restaurado com sucesso: completo_backup_projeto-projeto contagem de tokens-20241102_035201-c4fd0ef7-versao-0008.zip
2024-11-02 04:14:32,813 - INFO - 
Resumo da restauração:
2024-11-02 04:14:32,813 - INFO - Total de arquivos processados: 10
2024-11-02 04:14:32,813 - INFO - Restaurações bem-sucedidas: 10
2024-11-02 04:14:32,813 - INFO - Falhas: 0
