2024-11-02 04:15:40,375 - INFO - Extraindo backup\completo_backup_projeto-projeto contagem de tokens-20241102_041536-df73a0f2-versao-0018.zip para backup_restaurado\completo_backup_projeto-projeto contagem de tokens-20241102_041536-df73a0f2-versao-0018
2024-11-02 04:15:41,191 - INFO - Backup restaurado com sucesso: completo_backup_projeto-projeto contagem de tokens-20241102_041536-df73a0f2-versao-0018.zip
2024-11-02 04:15:41,192 - INFO - Extraindo backup\completo_backup_projeto-projeto contagem de tokens-20241102_041125-e18d332e-versao-0017.zip para backup_restaurado\completo_backup_projeto-projeto contagem de tokens-20241102_041125-e18d332e-versao-0017
2024-11-02 04:15:41,246 - INFO - Backup restaurado com sucesso: completo_backup_projeto-projeto contagem de tokens-20241102_041125-e18d332e-versao-0017.zip
2024-11-02 04:15:41,247 - INFO - Extraindo backup\completo_backup_projeto-projeto contagem de tokens-20241102_041118-b4b1b289-versao-0016.zip para backup_restaurado\completo_backup_projeto-projeto contagem de tokens-20241102_041118-b4b1b289-versao-0016
2024-11-02 04:15:41,313 - INFO - Backup restaurado com sucesso: completo_backup_projeto-projeto contagem de tokens-20241102_041118-b4b1b289-versao-0016.zip
2024-11-02 04:15:41,313 - INFO - Extraindo backup\completo_backup_projeto-projeto contagem de tokens-20241102_041100-ab332c19-versao-0015.zip para backup_restaurado\completo_backup_projeto-projeto contagem de tokens-20241102_041100-ab332c19-versao-0015
2024-11-02 04:15:41,365 - INFO - Backup restaurado com sucesso: completo_backup_projeto-projeto contagem de tokens-20241102_041100-ab332c19-versao-0015.zip
2024-11-02 04:15:41,365 - INFO - Extraindo backup\completo_backup_projeto-projeto contagem de tokens-20241102_040232-eeb1af6d-versao-0014.zip para backup_restaurado\completo_backup_projeto-projeto contagem de tokens-20241102_040232-eeb1af6d-versao-0014
2024-11-02 04:15:41,431 - INFO - Backup restaurado com sucesso: completo_backup_projeto-projeto contagem de tokens-20241102_040232-eeb1af6d-versao-0014.zip
2024-11-02 04:15:41,432 - INFO - Extraindo backup\completo_backup_projeto-projeto contagem de tokens-20241102_040222-cd3317f4-versao-0013.zip para backup_restaurado\completo_backup_projeto-projeto contagem de tokens-20241102_040222-cd3317f4-versao-0013
2024-11-02 04:15:41,500 - INFO - Backup restaurado com sucesso: completo_backup_projeto-projeto contagem de tokens-20241102_040222-cd3317f4-versao-0013.zip
2024-11-02 04:15:41,500 - INFO - Extraindo backup\completo_backup_projeto-projeto contagem de tokens-20241102_040140-747c4777-versao-0012.zip para backup_restaurado\completo_backup_projeto-projeto contagem de tokens-20241102_040140-747c4777-versao-0012
2024-11-02 04:15:41,557 - INFO - Backup restaurado com sucesso: completo_backup_projeto-projeto contagem de tokens-20241102_040140-747c4777-versao-0012.zip
2024-11-02 04:15:41,558 - INFO - Extraindo backup\completo_backup_projeto-projeto contagem de tokens-20241102_035438-04146c02-versao-0011.zip para backup_restaurado\completo_backup_projeto-projeto contagem de tokens-20241102_035438-04146c02-versao-0011
2024-11-02 04:15:41,607 - INFO - Backup restaurado com sucesso: completo_backup_projeto-projeto contagem de tokens-20241102_035438-04146c02-versao-0011.zip
2024-11-02 04:15:41,608 - INFO - Extraindo backup\completo_backup_projeto-projeto contagem de tokens-20241102_035433-25962567-versao-0010.zip para backup_restaurado\completo_backup_projeto-projeto contagem de tokens-20241102_035433-25962567-versao-0010
2024-11-02 04:15:41,656 - INFO - Backup restaurado com sucesso: completo_backup_projeto-projeto contagem de tokens-20241102_035433-25962567-versao-0010.zip
2024-11-02 04:15:41,656 - INFO - Extraindo backup\completo_backup_projeto-projeto contagem de tokens-20241102_035331-034e861b-versao-0009.zip para backup_restaurado\completo_backup_projeto-projeto contagem de tokens-20241102_035331-034e861b-versao-0009
2024-11-02 04:15:41,701 - INFO - Backup restaurado com sucesso: completo_backup_projeto-projeto contagem de tokens-20241102_035331-034e861b-versao-0009.zip
2024-11-02 04:15:41,701 - INFO - 
Resumo da restauração:
2024-11-02 04:15:41,702 - INFO - Total de arquivos processados: 10
2024-11-02 04:15:41,702 - INFO - Restaurações bem-sucedidas: 10
2024-11-02 04:15:41,702 - INFO - Falhas: 0
2024-11-02 04:16:31,570 - INFO - Extraindo backup\completo_backup_projeto-projeto contagem de tokens-20241102_041536-df73a0f2-versao-0018.zip para backup_restaurado\completo_backup_projeto-projeto contagem de tokens-20241102_041536-df73a0f2-versao-0018
2024-11-02 04:16:32,414 - INFO - Backup restaurado com sucesso: completo_backup_projeto-projeto contagem de tokens-20241102_041536-df73a0f2-versao-0018.zip
2024-11-02 04:16:32,415 - INFO - Extraindo backup\completo_backup_projeto-projeto contagem de tokens-20241102_041125-e18d332e-versao-0017.zip para backup_restaurado\completo_backup_projeto-projeto contagem de tokens-20241102_041125-e18d332e-versao-0017
2024-11-02 04:16:32,496 - INFO - Backup restaurado com sucesso: completo_backup_projeto-projeto contagem de tokens-20241102_041125-e18d332e-versao-0017.zip
2024-11-02 04:16:32,497 - INFO - Extraindo backup\completo_backup_projeto-projeto contagem de tokens-20241102_041118-b4b1b289-versao-0016.zip para backup_restaurado\completo_backup_projeto-projeto contagem de tokens-20241102_041118-b4b1b289-versao-0016
2024-11-02 04:16:32,611 - INFO - Backup restaurado com sucesso: completo_backup_projeto-projeto contagem de tokens-20241102_041118-b4b1b289-versao-0016.zip
2024-11-02 04:16:32,612 - INFO - Extraindo backup\completo_backup_projeto-projeto contagem de tokens-20241102_041100-ab332c19-versao-0015.zip para backup_restaurado\completo_backup_projeto-projeto contagem de tokens-20241102_041100-ab332c19-versao-0015
2024-11-02 04:16:33,433 - INFO - Backup restaurado com sucesso: completo_backup_projeto-projeto contagem de tokens-20241102_041100-ab332c19-versao-0015.zip
2024-11-02 04:16:33,434 - INFO - Extraindo backup\completo_backup_projeto-projeto contagem de tokens-20241102_040232-eeb1af6d-versao-0014.zip para backup_restaurado\completo_backup_projeto-projeto contagem de tokens-20241102_040232-eeb1af6d-versao-0014
2024-11-02 04:16:33,517 - INFO - Backup restaurado com sucesso: completo_backup_projeto-projeto contagem de tokens-20241102_040232-eeb1af6d-versao-0014.zip
2024-11-02 04:16:33,517 - INFO - Extraindo backup\completo_backup_projeto-projeto contagem de tokens-20241102_040222-cd3317f4-versao-0013.zip para backup_restaurado\completo_backup_projeto-projeto contagem de tokens-20241102_040222-cd3317f4-versao-0013
2024-11-02 04:16:33,602 - INFO - Backup restaurado com sucesso: completo_backup_projeto-projeto contagem de tokens-20241102_040222-cd3317f4-versao-0013.zip
2024-11-02 04:16:33,602 - INFO - Extraindo backup\completo_backup_projeto-projeto contagem de tokens-20241102_040140-747c4777-versao-0012.zip para backup_restaurado\completo_backup_projeto-projeto contagem de tokens-20241102_040140-747c4777-versao-0012
2024-11-02 04:16:33,669 - INFO - Backup restaurado com sucesso: completo_backup_projeto-projeto contagem de tokens-20241102_040140-747c4777-versao-0012.zip
2024-11-02 04:16:33,670 - INFO - Extraindo backup\completo_backup_projeto-projeto contagem de tokens-20241102_035438-04146c02-versao-0011.zip para backup_restaurado\completo_backup_projeto-projeto contagem de tokens-20241102_035438-04146c02-versao-0011
2024-11-02 04:16:33,756 - INFO - Backup restaurado com sucesso: completo_backup_projeto-projeto contagem de tokens-20241102_035438-04146c02-versao-0011.zip
2024-11-02 04:16:33,756 - INFO - Extraindo backup\completo_backup_projeto-projeto contagem de tokens-20241102_035433-25962567-versao-0010.zip para backup_restaurado\completo_backup_projeto-projeto contagem de tokens-20241102_035433-25962567-versao-0010
2024-11-02 04:16:33,857 - INFO - Backup restaurado com sucesso: completo_backup_projeto-projeto contagem de tokens-20241102_035433-25962567-versao-0010.zip
2024-11-02 04:16:33,858 - INFO - Extraindo backup\completo_backup_projeto-projeto contagem de tokens-20241102_035331-034e861b-versao-0009.zip para backup_restaurado\completo_backup_projeto-projeto contagem de tokens-20241102_035331-034e861b-versao-0009
2024-11-02 04:16:33,976 - INFO - Backup restaurado com sucesso: completo_backup_projeto-projeto contagem de tokens-20241102_035331-034e861b-versao-0009.zip
2024-11-02 04:16:33,976 - INFO - 
Resumo da restauração:
2024-11-02 04:16:33,977 - INFO - Total de arquivos processados: 10
2024-11-02 04:16:33,977 - INFO - Restaurações bem-sucedidas: 10
2024-11-02 04:16:33,977 - INFO - Falhas: 0
2024-11-02 04:17:25,698 - INFO - Extraindo backup\completo_backup_projeto-projeto contagem de tokens-20241102_041536-df73a0f2-versao-0018.zip para backup_restaurado\completo_backup_projeto-projeto contagem de tokens-20241102_041536-df73a0f2-versao-0018
2024-11-02 04:17:26,298 - INFO - Backup restaurado com sucesso: completo_backup_projeto-projeto contagem de tokens-20241102_041536-df73a0f2-versao-0018.zip
2024-11-02 04:17:26,299 - INFO - Extraindo backup\completo_backup_projeto-projeto contagem de tokens-20241102_041125-e18d332e-versao-0017.zip para backup_restaurado\completo_backup_projeto-projeto contagem de tokens-20241102_041125-e18d332e-versao-0017
2024-11-02 04:17:26,369 - INFO - Backup restaurado com sucesso: completo_backup_projeto-projeto contagem de tokens-20241102_041125-e18d332e-versao-0017.zip
2024-11-02 04:17:26,370 - INFO - Extraindo backup\completo_backup_projeto-projeto contagem de tokens-20241102_041118-b4b1b289-versao-0016.zip para backup_restaurado\completo_backup_projeto-projeto contagem de tokens-20241102_041118-b4b1b289-versao-0016
2024-11-02 04:17:26,437 - INFO - Backup restaurado com sucesso: completo_backup_projeto-projeto contagem de tokens-20241102_041118-b4b1b289-versao-0016.zip
2024-11-02 04:17:26,437 - INFO - Extraindo backup\completo_backup_projeto-projeto contagem de tokens-20241102_041100-ab332c19-versao-0015.zip para backup_restaurado\completo_backup_projeto-projeto contagem de tokens-20241102_041100-ab332c19-versao-0015
2024-11-02 04:17:26,494 - INFO - Backup restaurado com sucesso: completo_backup_projeto-projeto contagem de tokens-20241102_041100-ab332c19-versao-0015.zip
2024-11-02 04:17:26,495 - INFO - Extraindo backup\completo_backup_projeto-projeto contagem de tokens-20241102_040232-eeb1af6d-versao-0014.zip para backup_restaurado\completo_backup_projeto-projeto contagem de tokens-20241102_040232-eeb1af6d-versao-0014
2024-11-02 04:17:26,550 - INFO - Backup restaurado com sucesso: completo_backup_projeto-projeto contagem de tokens-20241102_040232-eeb1af6d-versao-0014.zip
2024-11-02 04:17:26,551 - INFO - Extraindo backup\completo_backup_projeto-projeto contagem de tokens-20241102_040222-cd3317f4-versao-0013.zip para backup_restaurado\completo_backup_projeto-projeto contagem de tokens-20241102_040222-cd3317f4-versao-0013
2024-11-02 04:17:26,601 - INFO - Backup restaurado com sucesso: completo_backup_projeto-projeto contagem de tokens-20241102_040222-cd3317f4-versao-0013.zip
2024-11-02 04:17:26,602 - INFO - Extraindo backup\completo_backup_projeto-projeto contagem de tokens-20241102_040140-747c4777-versao-0012.zip para backup_restaurado\completo_backup_projeto-projeto contagem de tokens-20241102_040140-747c4777-versao-0012
2024-11-02 04:17:26,655 - INFO - Backup restaurado com sucesso: completo_backup_projeto-projeto contagem de tokens-20241102_040140-747c4777-versao-0012.zip
2024-11-02 04:17:26,656 - INFO - Extraindo backup\completo_backup_projeto-projeto contagem de tokens-20241102_035438-04146c02-versao-0011.zip para backup_restaurado\completo_backup_projeto-projeto contagem de tokens-20241102_035438-04146c02-versao-0011
2024-11-02 04:17:26,717 - INFO - Backup restaurado com sucesso: completo_backup_projeto-projeto contagem de tokens-20241102_035438-04146c02-versao-0011.zip
2024-11-02 04:17:26,717 - INFO - Extraindo backup\completo_backup_projeto-projeto contagem de tokens-20241102_035433-25962567-versao-0010.zip para backup_restaurado\completo_backup_projeto-projeto contagem de tokens-20241102_035433-25962567-versao-0010
2024-11-02 04:17:26,798 - INFO - Backup restaurado com sucesso: completo_backup_projeto-projeto contagem de tokens-20241102_035433-25962567-versao-0010.zip
2024-11-02 04:17:26,798 - INFO - Extraindo backup\completo_backup_projeto-projeto contagem de tokens-20241102_035331-034e861b-versao-0009.zip para backup_restaurado\completo_backup_projeto-projeto contagem de tokens-20241102_035331-034e861b-versao-0009
2024-11-02 04:17:26,859 - INFO - Backup restaurado com sucesso: completo_backup_projeto-projeto contagem de tokens-20241102_035331-034e861b-versao-0009.zip
2024-11-02 04:17:26,860 - INFO - Extraindo backup\completo_backup_projeto-projeto contagem de tokens-20241102_035201-c4fd0ef7-versao-0008.zip para backup_restaurado\completo_backup_projeto-projeto contagem de tokens-20241102_035201-c4fd0ef7-versao-0008
2024-11-02 04:17:26,926 - INFO - Backup restaurado com sucesso: completo_backup_projeto-projeto contagem de tokens-20241102_035201-c4fd0ef7-versao-0008.zip
2024-11-02 04:17:26,927 - INFO - Extraindo backup\completo_backup_projeto-projeto contagem de tokens-20241102_035009-b4ec8d66-versao-0007.zip para backup_restaurado\completo_backup_projeto-projeto contagem de tokens-20241102_035009-b4ec8d66-versao-0007
2024-11-02 04:17:26,984 - INFO - Backup restaurado com sucesso: completo_backup_projeto-projeto contagem de tokens-20241102_035009-b4ec8d66-versao-0007.zip
2024-11-02 04:17:26,984 - INFO - Extraindo backup\completo_backup_projeto-projeto contagem de tokens-20241102_034927-a6c763fc-versao-0006.zip para backup_restaurado\completo_backup_projeto-projeto contagem de tokens-20241102_034927-a6c763fc-versao-0006
2024-11-02 04:17:27,028 - INFO - Backup restaurado com sucesso: completo_backup_projeto-projeto contagem de tokens-20241102_034927-a6c763fc-versao-0006.zip
2024-11-02 04:17:27,028 - INFO - Extraindo backup\completo_backup_projeto-projeto contagem de tokens-20241102_032606-43e38bca-versao-0005.zip para backup_restaurado\completo_backup_projeto-projeto contagem de tokens-20241102_032606-43e38bca-versao-0005
2024-11-02 04:17:27,045 - INFO - Backup restaurado com sucesso: completo_backup_projeto-projeto contagem de tokens-20241102_032606-43e38bca-versao-0005.zip
2024-11-02 04:17:27,046 - INFO - Extraindo backup\completo_backup_projeto-projeto contagem de tokens-20241102_032136-04c27e3d-versao-0004.zip para backup_restaurado\completo_backup_projeto-projeto contagem de tokens-20241102_032136-04c27e3d-versao-0004
2024-11-02 04:17:27,070 - INFO - Backup restaurado com sucesso: completo_backup_projeto-projeto contagem de tokens-20241102_032136-04c27e3d-versao-0004.zip
2024-11-02 04:17:27,071 - INFO - Extraindo backup\completo_backup_projeto-projeto contagem de tokens-20241102_030201-aba6a2c4-versao-0003.zip para backup_restaurado\completo_backup_projeto-projeto contagem de tokens-20241102_030201-aba6a2c4-versao-0003
2024-11-02 04:17:27,083 - INFO - Backup restaurado com sucesso: completo_backup_projeto-projeto contagem de tokens-20241102_030201-aba6a2c4-versao-0003.zip
2024-11-02 04:17:27,083 - INFO - Extraindo backup\completo_backup_projeto-projeto contagem de tokens-20241102_024615-12074e44-versao-0002.zip para backup_restaurado\completo_backup_projeto-projeto contagem de tokens-20241102_024615-12074e44-versao-0002
2024-11-02 04:17:27,091 - INFO - Backup restaurado com sucesso: completo_backup_projeto-projeto contagem de tokens-20241102_024615-12074e44-versao-0002.zip
2024-11-02 04:17:27,091 - INFO - Extraindo backup\completo_backup_projeto-projeto contagem de tokens-20241102_024443-830124be-versao-0001.zip para backup_restaurado\completo_backup_projeto-projeto contagem de tokens-20241102_024443-830124be-versao-0001
2024-11-02 04:17:27,100 - INFO - Backup restaurado com sucesso: completo_backup_projeto-projeto contagem de tokens-20241102_024443-830124be-versao-0001.zip
2024-11-02 04:17:27,101 - INFO - 
Resumo da restauração:
2024-11-02 04:17:27,101 - INFO - Total de arquivos processados: 18
2024-11-02 04:17:27,101 - INFO - Restaurações bem-sucedidas: 18
2024-11-02 04:17:27,101 - INFO - Falhas: 0
