2024-11-02 07:09:01,512 - INFO - Extraindo backup\completo_backup_projeto-projeto contagem de tokens-20241102_070900-970241e0-versao-0024.zip para backup_restaurado\completo_backup_projeto-projeto contagem de tokens-20241102_070900-970241e0-versao-0024
2024-11-02 07:09:01,653 - INFO - Backup restaurado com sucesso: completo_backup_projeto-projeto contagem de tokens-20241102_070900-970241e0-versao-0024.zip
2024-11-02 07:09:01,655 - INFO - Extraindo backup\completo_backup_projeto-projeto contagem de tokens-20241102_063221-173587dc-versao-0023.zip para backup_restaurado\completo_backup_projeto-projeto contagem de tokens-20241102_063221-173587dc-versao-0023
2024-11-02 07:09:01,786 - INFO - Backup restaurado com sucesso: completo_backup_projeto-projeto contagem de tokens-20241102_063221-173587dc-versao-0023.zip
2024-11-02 07:09:01,787 - INFO - Extraindo backup\completo_backup_projeto-projeto contagem de tokens-20241102_061438-68f0ed8a-versao-0022.zip para backup_restaurado\completo_backup_projeto-projeto contagem de tokens-20241102_061438-68f0ed8a-versao-0022
2024-11-02 07:09:01,920 - INFO - Backup restaurado com sucesso: completo_backup_projeto-projeto contagem de tokens-20241102_061438-68f0ed8a-versao-0022.zip
2024-11-02 07:09:01,921 - INFO - Extraindo backup\completo_backup_projeto-projeto contagem de tokens-20241102_045223-169322eb-versao-0021.zip para backup_restaurado\completo_backup_projeto-projeto contagem de tokens-20241102_045223-169322eb-versao-0021
2024-11-02 07:09:02,098 - INFO - Backup restaurado com sucesso: completo_backup_projeto-projeto contagem de tokens-20241102_045223-169322eb-versao-0021.zip
2024-11-02 07:09:02,098 - INFO - Extraindo backup\completo_backup_projeto-projeto contagem de tokens-20241102_042603-ffff2066-versao-0020.zip para backup_restaurado\completo_backup_projeto-projeto contagem de tokens-20241102_042603-ffff2066-versao-0020
2024-11-02 07:09:02,229 - INFO - Backup restaurado com sucesso: completo_backup_projeto-projeto contagem de tokens-20241102_042603-ffff2066-versao-0020.zip
2024-11-02 07:09:02,230 - INFO - Extraindo backup\completo_backup_projeto-projeto contagem de tokens-20241102_041743-dfb13754-versao-0019.zip para backup_restaurado\completo_backup_projeto-projeto contagem de tokens-20241102_041743-dfb13754-versao-0019
2024-11-02 07:09:07,962 - INFO - Backup restaurado com sucesso: completo_backup_projeto-projeto contagem de tokens-20241102_041743-dfb13754-versao-0019.zip
2024-11-02 07:09:07,962 - INFO - Extraindo backup\completo_backup_projeto-projeto contagem de tokens-20241102_041536-df73a0f2-versao-0018.zip para backup_restaurado\completo_backup_projeto-projeto contagem de tokens-20241102_041536-df73a0f2-versao-0018
2024-11-02 07:09:09,449 - INFO - Backup restaurado com sucesso: completo_backup_projeto-projeto contagem de tokens-20241102_041536-df73a0f2-versao-0018.zip
2024-11-02 07:09:09,449 - INFO - Extraindo backup\completo_backup_projeto-projeto contagem de tokens-20241102_041125-e18d332e-versao-0017.zip para backup_restaurado\completo_backup_projeto-projeto contagem de tokens-20241102_041125-e18d332e-versao-0017
2024-11-02 07:09:09,575 - INFO - Backup restaurado com sucesso: completo_backup_projeto-projeto contagem de tokens-20241102_041125-e18d332e-versao-0017.zip
2024-11-02 07:09:09,575 - INFO - Extraindo backup\completo_backup_projeto-projeto contagem de tokens-20241102_041118-b4b1b289-versao-0016.zip para backup_restaurado\completo_backup_projeto-projeto contagem de tokens-20241102_041118-b4b1b289-versao-0016
2024-11-02 07:09:09,760 - INFO - Backup restaurado com sucesso: completo_backup_projeto-projeto contagem de tokens-20241102_041118-b4b1b289-versao-0016.zip
2024-11-02 07:09:09,761 - INFO - Extraindo backup\completo_backup_projeto-projeto contagem de tokens-20241102_041100-ab332c19-versao-0015.zip para backup_restaurado\completo_backup_projeto-projeto contagem de tokens-20241102_041100-ab332c19-versao-0015
2024-11-02 07:09:11,770 - INFO - Backup restaurado com sucesso: completo_backup_projeto-projeto contagem de tokens-20241102_041100-ab332c19-versao-0015.zip
2024-11-02 07:09:11,771 - INFO - Extraindo backup\completo_backup_projeto-projeto contagem de tokens-20241102_040232-eeb1af6d-versao-0014.zip para backup_restaurado\completo_backup_projeto-projeto contagem de tokens-20241102_040232-eeb1af6d-versao-0014
2024-11-02 07:09:11,943 - INFO - Backup restaurado com sucesso: completo_backup_projeto-projeto contagem de tokens-20241102_040232-eeb1af6d-versao-0014.zip
2024-11-02 07:09:11,943 - INFO - Extraindo backup\completo_backup_projeto-projeto contagem de tokens-20241102_040222-cd3317f4-versao-0013.zip para backup_restaurado\completo_backup_projeto-projeto contagem de tokens-20241102_040222-cd3317f4-versao-0013
2024-11-02 07:09:12,134 - INFO - Backup restaurado com sucesso: completo_backup_projeto-projeto contagem de tokens-20241102_040222-cd3317f4-versao-0013.zip
2024-11-02 07:09:12,134 - INFO - Extraindo backup\completo_backup_projeto-projeto contagem de tokens-20241102_040140-747c4777-versao-0012.zip para backup_restaurado\completo_backup_projeto-projeto contagem de tokens-20241102_040140-747c4777-versao-0012
2024-11-02 07:09:12,343 - INFO - Backup restaurado com sucesso: completo_backup_projeto-projeto contagem de tokens-20241102_040140-747c4777-versao-0012.zip
2024-11-02 07:09:12,344 - INFO - Extraindo backup\completo_backup_projeto-projeto contagem de tokens-20241102_035438-04146c02-versao-0011.zip para backup_restaurado\completo_backup_projeto-projeto contagem de tokens-20241102_035438-04146c02-versao-0011
2024-11-02 07:09:12,502 - INFO - Backup restaurado com sucesso: completo_backup_projeto-projeto contagem de tokens-20241102_035438-04146c02-versao-0011.zip
2024-11-02 07:09:12,503 - INFO - Extraindo backup\completo_backup_projeto-projeto contagem de tokens-20241102_035433-25962567-versao-0010.zip para backup_restaurado\completo_backup_projeto-projeto contagem de tokens-20241102_035433-25962567-versao-0010
2024-11-02 07:09:12,681 - INFO - Backup restaurado com sucesso: completo_backup_projeto-projeto contagem de tokens-20241102_035433-25962567-versao-0010.zip
2024-11-02 07:09:12,697 - INFO - Extraindo backup\completo_backup_projeto-projeto contagem de tokens-20241102_035331-034e861b-versao-0009.zip para backup_restaurado\completo_backup_projeto-projeto contagem de tokens-20241102_035331-034e861b-versao-0009
2024-11-02 07:09:12,877 - INFO - Backup restaurado com sucesso: completo_backup_projeto-projeto contagem de tokens-20241102_035331-034e861b-versao-0009.zip
2024-11-02 07:09:12,878 - INFO - Extraindo backup\completo_backup_projeto-projeto contagem de tokens-20241102_035201-c4fd0ef7-versao-0008.zip para backup_restaurado\completo_backup_projeto-projeto contagem de tokens-20241102_035201-c4fd0ef7-versao-0008
2024-11-02 07:09:13,038 - INFO - Backup restaurado com sucesso: completo_backup_projeto-projeto contagem de tokens-20241102_035201-c4fd0ef7-versao-0008.zip
2024-11-02 07:09:13,039 - INFO - Extraindo backup\completo_backup_projeto-projeto contagem de tokens-20241102_035009-b4ec8d66-versao-0007.zip para backup_restaurado\completo_backup_projeto-projeto contagem de tokens-20241102_035009-b4ec8d66-versao-0007
2024-11-02 07:09:13,215 - INFO - Backup restaurado com sucesso: completo_backup_projeto-projeto contagem de tokens-20241102_035009-b4ec8d66-versao-0007.zip
2024-11-02 07:09:13,215 - INFO - Extraindo backup\completo_backup_projeto-projeto contagem de tokens-20241102_034927-a6c763fc-versao-0006.zip para backup_restaurado\completo_backup_projeto-projeto contagem de tokens-20241102_034927-a6c763fc-versao-0006
2024-11-02 07:09:13,402 - INFO - Backup restaurado com sucesso: completo_backup_projeto-projeto contagem de tokens-20241102_034927-a6c763fc-versao-0006.zip
2024-11-02 07:09:13,402 - INFO - Extraindo backup\completo_backup_projeto-projeto contagem de tokens-20241102_032606-43e38bca-versao-0005.zip para backup_restaurado\completo_backup_projeto-projeto contagem de tokens-20241102_032606-43e38bca-versao-0005
2024-11-02 07:09:13,448 - INFO - Backup restaurado com sucesso: completo_backup_projeto-projeto contagem de tokens-20241102_032606-43e38bca-versao-0005.zip
2024-11-02 07:09:13,449 - INFO - Extraindo backup\completo_backup_projeto-projeto contagem de tokens-20241102_032136-04c27e3d-versao-0004.zip para backup_restaurado\completo_backup_projeto-projeto contagem de tokens-20241102_032136-04c27e3d-versao-0004
2024-11-02 07:09:13,539 - INFO - Backup restaurado com sucesso: completo_backup_projeto-projeto contagem de tokens-20241102_032136-04c27e3d-versao-0004.zip
2024-11-02 07:09:13,539 - INFO - Extraindo backup\completo_backup_projeto-projeto contagem de tokens-20241102_030201-aba6a2c4-versao-0003.zip para backup_restaurado\completo_backup_projeto-projeto contagem de tokens-20241102_030201-aba6a2c4-versao-0003
2024-11-02 07:09:13,569 - INFO - Backup restaurado com sucesso: completo_backup_projeto-projeto contagem de tokens-20241102_030201-aba6a2c4-versao-0003.zip
2024-11-02 07:09:13,570 - INFO - Extraindo backup\completo_backup_projeto-projeto contagem de tokens-20241102_024615-12074e44-versao-0002.zip para backup_restaurado\completo_backup_projeto-projeto contagem de tokens-20241102_024615-12074e44-versao-0002
2024-11-02 07:09:13,596 - INFO - Backup restaurado com sucesso: completo_backup_projeto-projeto contagem de tokens-20241102_024615-12074e44-versao-0002.zip
2024-11-02 07:09:13,627 - INFO - Extraindo backup\completo_backup_projeto-projeto contagem de tokens-20241102_024443-830124be-versao-0001.zip para backup_restaurado\completo_backup_projeto-projeto contagem de tokens-20241102_024443-830124be-versao-0001
2024-11-02 07:09:13,663 - INFO - Backup restaurado com sucesso: completo_backup_projeto-projeto contagem de tokens-20241102_024443-830124be-versao-0001.zip
2024-11-02 07:09:13,663 - INFO - 
Resumo da restauração:
2024-11-02 07:09:13,663 - INFO - Total de arquivos processados: 24
2024-11-02 07:09:13,664 - INFO - Restaurações bem-sucedidas: 24
2024-11-02 07:09:13,664 - INFO - Falhas: 0
