2024-11-02 04:17:53,776 - INFO - Extraindo backup\completo_backup_projeto-projeto contagem de tokens-20241102_041743-dfb13754-versao-0019.zip para backup_restaurado\completo_backup_projeto-projeto contagem de tokens-20241102_041743-dfb13754-versao-0019
2024-11-02 04:17:56,932 - INFO - Backup restaurado com sucesso: completo_backup_projeto-projeto contagem de tokens-20241102_041743-dfb13754-versao-0019.zip
2024-11-02 04:17:56,932 - INFO - Extraindo backup\completo_backup_projeto-projeto contagem de tokens-20241102_041536-df73a0f2-versao-0018.zip para backup_restaurado\completo_backup_projeto-projeto contagem de tokens-20241102_041536-df73a0f2-versao-0018
2024-11-02 04:17:58,521 - INFO - Backup restaurado com sucesso: completo_backup_projeto-projeto contagem de tokens-20241102_041536-df73a0f2-versao-0018.zip
2024-11-02 04:17:58,640 - INFO - Extraindo backup\completo_backup_projeto-projeto contagem de tokens-20241102_041125-e18d332e-versao-0017.zip para backup_restaurado\completo_backup_projeto-projeto contagem de tokens-20241102_041125-e18d332e-versao-0017
2024-11-02 04:17:58,703 - INFO - Backup restaurado com sucesso: completo_backup_projeto-projeto contagem de tokens-20241102_041125-e18d332e-versao-0017.zip
2024-11-02 04:17:58,703 - INFO - Extraindo backup\completo_backup_projeto-projeto contagem de tokens-20241102_041118-b4b1b289-versao-0016.zip para backup_restaurado\completo_backup_projeto-projeto contagem de tokens-20241102_041118-b4b1b289-versao-0016
2024-11-02 04:17:58,755 - INFO - Backup restaurado com sucesso: completo_backup_projeto-projeto contagem de tokens-20241102_041118-b4b1b289-versao-0016.zip
2024-11-02 04:17:58,755 - INFO - Extraindo backup\completo_backup_projeto-projeto contagem de tokens-20241102_041100-ab332c19-versao-0015.zip para backup_restaurado\completo_backup_projeto-projeto contagem de tokens-20241102_041100-ab332c19-versao-0015
2024-11-02 04:17:58,805 - INFO - Backup restaurado com sucesso: completo_backup_projeto-projeto contagem de tokens-20241102_041100-ab332c19-versao-0015.zip
2024-11-02 04:17:58,805 - INFO - Extraindo backup\completo_backup_projeto-projeto contagem de tokens-20241102_040232-eeb1af6d-versao-0014.zip para backup_restaurado\completo_backup_projeto-projeto contagem de tokens-20241102_040232-eeb1af6d-versao-0014
2024-11-02 04:17:58,846 - INFO - Backup restaurado com sucesso: completo_backup_projeto-projeto contagem de tokens-20241102_040232-eeb1af6d-versao-0014.zip
2024-11-02 04:17:58,846 - INFO - Extraindo backup\completo_backup_projeto-projeto contagem de tokens-20241102_040222-cd3317f4-versao-0013.zip para backup_restaurado\completo_backup_projeto-projeto contagem de tokens-20241102_040222-cd3317f4-versao-0013
2024-11-02 04:17:58,891 - INFO - Backup restaurado com sucesso: completo_backup_projeto-projeto contagem de tokens-20241102_040222-cd3317f4-versao-0013.zip
2024-11-02 04:17:58,891 - INFO - Extraindo backup\completo_backup_projeto-projeto contagem de tokens-20241102_040140-747c4777-versao-0012.zip para backup_restaurado\completo_backup_projeto-projeto contagem de tokens-20241102_040140-747c4777-versao-0012
2024-11-02 04:17:58,929 - INFO - Backup restaurado com sucesso: completo_backup_projeto-projeto contagem de tokens-20241102_040140-747c4777-versao-0012.zip
2024-11-02 04:17:58,929 - INFO - Extraindo backup\completo_backup_projeto-projeto contagem de tokens-20241102_035438-04146c02-versao-0011.zip para backup_restaurado\completo_backup_projeto-projeto contagem de tokens-20241102_035438-04146c02-versao-0011
2024-11-02 04:17:58,966 - INFO - Backup restaurado com sucesso: completo_backup_projeto-projeto contagem de tokens-20241102_035438-04146c02-versao-0011.zip
2024-11-02 04:17:58,966 - INFO - Extraindo backup\completo_backup_projeto-projeto contagem de tokens-20241102_035433-25962567-versao-0010.zip para backup_restaurado\completo_backup_projeto-projeto contagem de tokens-20241102_035433-25962567-versao-0010
2024-11-02 04:17:59,004 - INFO - Backup restaurado com sucesso: completo_backup_projeto-projeto contagem de tokens-20241102_035433-25962567-versao-0010.zip
2024-11-02 04:17:59,004 - INFO - Extraindo backup\completo_backup_projeto-projeto contagem de tokens-20241102_035331-034e861b-versao-0009.zip para backup_restaurado\completo_backup_projeto-projeto contagem de tokens-20241102_035331-034e861b-versao-0009
2024-11-02 04:17:59,040 - INFO - Backup restaurado com sucesso: completo_backup_projeto-projeto contagem de tokens-20241102_035331-034e861b-versao-0009.zip
2024-11-02 04:17:59,040 - INFO - Extraindo backup\completo_backup_projeto-projeto contagem de tokens-20241102_035201-c4fd0ef7-versao-0008.zip para backup_restaurado\completo_backup_projeto-projeto contagem de tokens-20241102_035201-c4fd0ef7-versao-0008
2024-11-02 04:17:59,070 - INFO - Backup restaurado com sucesso: completo_backup_projeto-projeto contagem de tokens-20241102_035201-c4fd0ef7-versao-0008.zip
2024-11-02 04:17:59,070 - INFO - Extraindo backup\completo_backup_projeto-projeto contagem de tokens-20241102_035009-b4ec8d66-versao-0007.zip para backup_restaurado\completo_backup_projeto-projeto contagem de tokens-20241102_035009-b4ec8d66-versao-0007
2024-11-02 04:17:59,099 - INFO - Backup restaurado com sucesso: completo_backup_projeto-projeto contagem de tokens-20241102_035009-b4ec8d66-versao-0007.zip
2024-11-02 04:17:59,100 - INFO - Extraindo backup\completo_backup_projeto-projeto contagem de tokens-20241102_034927-a6c763fc-versao-0006.zip para backup_restaurado\completo_backup_projeto-projeto contagem de tokens-20241102_034927-a6c763fc-versao-0006
2024-11-02 04:17:59,128 - INFO - Backup restaurado com sucesso: completo_backup_projeto-projeto contagem de tokens-20241102_034927-a6c763fc-versao-0006.zip
2024-11-02 04:17:59,128 - INFO - Extraindo backup\completo_backup_projeto-projeto contagem de tokens-20241102_032606-43e38bca-versao-0005.zip para backup_restaurado\completo_backup_projeto-projeto contagem de tokens-20241102_032606-43e38bca-versao-0005
2024-11-02 04:17:59,137 - INFO - Backup restaurado com sucesso: completo_backup_projeto-projeto contagem de tokens-20241102_032606-43e38bca-versao-0005.zip
2024-11-02 04:17:59,137 - INFO - Extraindo backup\completo_backup_projeto-projeto contagem de tokens-20241102_032136-04c27e3d-versao-0004.zip para backup_restaurado\completo_backup_projeto-projeto contagem de tokens-20241102_032136-04c27e3d-versao-0004
2024-11-02 04:17:59,155 - INFO - Backup restaurado com sucesso: completo_backup_projeto-projeto contagem de tokens-20241102_032136-04c27e3d-versao-0004.zip
2024-11-02 04:17:59,155 - INFO - Extraindo backup\completo_backup_projeto-projeto contagem de tokens-20241102_030201-aba6a2c4-versao-0003.zip para backup_restaurado\completo_backup_projeto-projeto contagem de tokens-20241102_030201-aba6a2c4-versao-0003
2024-11-02 04:17:59,163 - INFO - Backup restaurado com sucesso: completo_backup_projeto-projeto contagem de tokens-20241102_030201-aba6a2c4-versao-0003.zip
2024-11-02 04:17:59,163 - INFO - Extraindo backup\completo_backup_projeto-projeto contagem de tokens-20241102_024615-12074e44-versao-0002.zip para backup_restaurado\completo_backup_projeto-projeto contagem de tokens-20241102_024615-12074e44-versao-0002
2024-11-02 04:17:59,169 - INFO - Backup restaurado com sucesso: completo_backup_projeto-projeto contagem de tokens-20241102_024615-12074e44-versao-0002.zip
2024-11-02 04:17:59,169 - INFO - Extraindo backup\completo_backup_projeto-projeto contagem de tokens-20241102_024443-830124be-versao-0001.zip para backup_restaurado\completo_backup_projeto-projeto contagem de tokens-20241102_024443-830124be-versao-0001
2024-11-02 04:17:59,175 - INFO - Backup restaurado com sucesso: completo_backup_projeto-projeto contagem de tokens-20241102_024443-830124be-versao-0001.zip
2024-11-02 04:17:59,175 - INFO - 
Resumo da restauração:
2024-11-02 04:17:59,175 - INFO - Total de arquivos processados: 19
2024-11-02 04:17:59,175 - INFO - Restaurações bem-sucedidas: 19
2024-11-02 04:17:59,175 - INFO - Falhas: 0
2024-11-02 04:19:04,705 - INFO - Extraindo backup\completo_backup_projeto-projeto contagem de tokens-20241102_041743-dfb13754-versao-0019.zip para backup_restaurado\completo_backup_projeto-projeto contagem de tokens-20241102_041743-dfb13754-versao-0019
2024-11-02 04:19:06,983 - INFO - Backup restaurado com sucesso: completo_backup_projeto-projeto contagem de tokens-20241102_041743-dfb13754-versao-0019.zip
2024-11-02 04:19:06,984 - INFO - Extraindo backup\completo_backup_projeto-projeto contagem de tokens-20241102_041536-df73a0f2-versao-0018.zip para backup_restaurado\completo_backup_projeto-projeto contagem de tokens-20241102_041536-df73a0f2-versao-0018
2024-11-02 04:19:08,836 - INFO - Backup restaurado com sucesso: completo_backup_projeto-projeto contagem de tokens-20241102_041536-df73a0f2-versao-0018.zip
2024-11-02 04:19:08,837 - INFO - Extraindo backup\completo_backup_projeto-projeto contagem de tokens-20241102_041125-e18d332e-versao-0017.zip para backup_restaurado\completo_backup_projeto-projeto contagem de tokens-20241102_041125-e18d332e-versao-0017
2024-11-02 04:19:08,918 - INFO - Backup restaurado com sucesso: completo_backup_projeto-projeto contagem de tokens-20241102_041125-e18d332e-versao-0017.zip
2024-11-02 04:19:08,919 - INFO - Extraindo backup\completo_backup_projeto-projeto contagem de tokens-20241102_041118-b4b1b289-versao-0016.zip para backup_restaurado\completo_backup_projeto-projeto contagem de tokens-20241102_041118-b4b1b289-versao-0016
2024-11-02 04:19:08,997 - INFO - Backup restaurado com sucesso: completo_backup_projeto-projeto contagem de tokens-20241102_041118-b4b1b289-versao-0016.zip
2024-11-02 04:19:08,998 - INFO - Extraindo backup\completo_backup_projeto-projeto contagem de tokens-20241102_041100-ab332c19-versao-0015.zip para backup_restaurado\completo_backup_projeto-projeto contagem de tokens-20241102_041100-ab332c19-versao-0015
2024-11-02 04:19:09,071 - INFO - Backup restaurado com sucesso: completo_backup_projeto-projeto contagem de tokens-20241102_041100-ab332c19-versao-0015.zip
2024-11-02 04:19:09,072 - INFO - Extraindo backup\completo_backup_projeto-projeto contagem de tokens-20241102_040232-eeb1af6d-versao-0014.zip para backup_restaurado\completo_backup_projeto-projeto contagem de tokens-20241102_040232-eeb1af6d-versao-0014
2024-11-02 04:19:09,278 - INFO - Backup restaurado com sucesso: completo_backup_projeto-projeto contagem de tokens-20241102_040232-eeb1af6d-versao-0014.zip
2024-11-02 04:19:09,279 - INFO - Extraindo backup\completo_backup_projeto-projeto contagem de tokens-20241102_040222-cd3317f4-versao-0013.zip para backup_restaurado\completo_backup_projeto-projeto contagem de tokens-20241102_040222-cd3317f4-versao-0013
2024-11-02 04:19:09,475 - INFO - Backup restaurado com sucesso: completo_backup_projeto-projeto contagem de tokens-20241102_040222-cd3317f4-versao-0013.zip
2024-11-02 04:19:09,476 - INFO - Extraindo backup\completo_backup_projeto-projeto contagem de tokens-20241102_040140-747c4777-versao-0012.zip para backup_restaurado\completo_backup_projeto-projeto contagem de tokens-20241102_040140-747c4777-versao-0012
2024-11-02 04:19:09,611 - INFO - Backup restaurado com sucesso: completo_backup_projeto-projeto contagem de tokens-20241102_040140-747c4777-versao-0012.zip
2024-11-02 04:19:09,612 - INFO - Extraindo backup\completo_backup_projeto-projeto contagem de tokens-20241102_035438-04146c02-versao-0011.zip para backup_restaurado\completo_backup_projeto-projeto contagem de tokens-20241102_035438-04146c02-versao-0011
2024-11-02 04:19:09,736 - INFO - Backup restaurado com sucesso: completo_backup_projeto-projeto contagem de tokens-20241102_035438-04146c02-versao-0011.zip
2024-11-02 04:19:09,737 - INFO - Extraindo backup\completo_backup_projeto-projeto contagem de tokens-20241102_035433-25962567-versao-0010.zip para backup_restaurado\completo_backup_projeto-projeto contagem de tokens-20241102_035433-25962567-versao-0010
2024-11-02 04:19:09,895 - INFO - Backup restaurado com sucesso: completo_backup_projeto-projeto contagem de tokens-20241102_035433-25962567-versao-0010.zip
2024-11-02 04:19:09,896 - INFO - Extraindo backup\completo_backup_projeto-projeto contagem de tokens-20241102_035331-034e861b-versao-0009.zip para backup_restaurado\completo_backup_projeto-projeto contagem de tokens-20241102_035331-034e861b-versao-0009
2024-11-02 04:19:10,073 - INFO - Backup restaurado com sucesso: completo_backup_projeto-projeto contagem de tokens-20241102_035331-034e861b-versao-0009.zip
2024-11-02 04:19:10,074 - INFO - Extraindo backup\completo_backup_projeto-projeto contagem de tokens-20241102_035201-c4fd0ef7-versao-0008.zip para backup_restaurado\completo_backup_projeto-projeto contagem de tokens-20241102_035201-c4fd0ef7-versao-0008
2024-11-02 04:19:10,255 - INFO - Backup restaurado com sucesso: completo_backup_projeto-projeto contagem de tokens-20241102_035201-c4fd0ef7-versao-0008.zip
2024-11-02 04:19:10,256 - INFO - Extraindo backup\completo_backup_projeto-projeto contagem de tokens-20241102_035009-b4ec8d66-versao-0007.zip para backup_restaurado\completo_backup_projeto-projeto contagem de tokens-20241102_035009-b4ec8d66-versao-0007
2024-11-02 04:19:10,378 - INFO - Backup restaurado com sucesso: completo_backup_projeto-projeto contagem de tokens-20241102_035009-b4ec8d66-versao-0007.zip
2024-11-02 04:19:10,379 - INFO - Extraindo backup\completo_backup_projeto-projeto contagem de tokens-20241102_034927-a6c763fc-versao-0006.zip para backup_restaurado\completo_backup_projeto-projeto contagem de tokens-20241102_034927-a6c763fc-versao-0006
2024-11-02 04:19:10,458 - INFO - Backup restaurado com sucesso: completo_backup_projeto-projeto contagem de tokens-20241102_034927-a6c763fc-versao-0006.zip
2024-11-02 04:19:10,458 - INFO - Extraindo backup\completo_backup_projeto-projeto contagem de tokens-20241102_032606-43e38bca-versao-0005.zip para backup_restaurado\completo_backup_projeto-projeto contagem de tokens-20241102_032606-43e38bca-versao-0005
2024-11-02 04:19:10,471 - INFO - Backup restaurado com sucesso: completo_backup_projeto-projeto contagem de tokens-20241102_032606-43e38bca-versao-0005.zip
2024-11-02 04:19:10,472 - INFO - Extraindo backup\completo_backup_projeto-projeto contagem de tokens-20241102_032136-04c27e3d-versao-0004.zip para backup_restaurado\completo_backup_projeto-projeto contagem de tokens-20241102_032136-04c27e3d-versao-0004
2024-11-02 04:19:10,500 - INFO - Backup restaurado com sucesso: completo_backup_projeto-projeto contagem de tokens-20241102_032136-04c27e3d-versao-0004.zip
2024-11-02 04:19:10,501 - INFO - Extraindo backup\completo_backup_projeto-projeto contagem de tokens-20241102_030201-aba6a2c4-versao-0003.zip para backup_restaurado\completo_backup_projeto-projeto contagem de tokens-20241102_030201-aba6a2c4-versao-0003
2024-11-02 04:19:10,519 - INFO - Backup restaurado com sucesso: completo_backup_projeto-projeto contagem de tokens-20241102_030201-aba6a2c4-versao-0003.zip
2024-11-02 04:19:10,520 - INFO - Extraindo backup\completo_backup_projeto-projeto contagem de tokens-20241102_024615-12074e44-versao-0002.zip para backup_restaurado\completo_backup_projeto-projeto contagem de tokens-20241102_024615-12074e44-versao-0002
2024-11-02 04:19:10,542 - INFO - Backup restaurado com sucesso: completo_backup_projeto-projeto contagem de tokens-20241102_024615-12074e44-versao-0002.zip
2024-11-02 04:19:10,542 - INFO - Extraindo backup\completo_backup_projeto-projeto contagem de tokens-20241102_024443-830124be-versao-0001.zip para backup_restaurado\completo_backup_projeto-projeto contagem de tokens-20241102_024443-830124be-versao-0001
2024-11-02 04:19:10,563 - INFO - Backup restaurado com sucesso: completo_backup_projeto-projeto contagem de tokens-20241102_024443-830124be-versao-0001.zip
2024-11-02 04:19:10,564 - INFO - 
Resumo da restauração:
2024-11-02 04:19:10,564 - INFO - Total de arquivos processados: 19
2024-11-02 04:19:10,565 - INFO - Restaurações bem-sucedidas: 19
2024-11-02 04:19:10,565 - INFO - Falhas: 0
2024-11-02 04:21:21,940 - INFO - Extraindo backup\completo_backup_projeto-projeto contagem de tokens-20241102_041743-dfb13754-versao-0019.zip para backup_restaurado\completo_backup_projeto-projeto contagem de tokens-20241102_041743-dfb13754-versao-0019
2024-11-02 04:21:24,053 - INFO - Backup restaurado com sucesso: completo_backup_projeto-projeto contagem de tokens-20241102_041743-dfb13754-versao-0019.zip
2024-11-02 04:21:24,054 - INFO - Extraindo backup\completo_backup_projeto-projeto contagem de tokens-20241102_041536-df73a0f2-versao-0018.zip para backup_restaurado\completo_backup_projeto-projeto contagem de tokens-20241102_041536-df73a0f2-versao-0018
2024-11-02 04:21:25,251 - INFO - Backup restaurado com sucesso: completo_backup_projeto-projeto contagem de tokens-20241102_041536-df73a0f2-versao-0018.zip
2024-11-02 04:21:25,252 - INFO - Extraindo backup\completo_backup_projeto-projeto contagem de tokens-20241102_041125-e18d332e-versao-0017.zip para backup_restaurado\completo_backup_projeto-projeto contagem de tokens-20241102_041125-e18d332e-versao-0017
2024-11-02 04:21:25,361 - INFO - Backup restaurado com sucesso: completo_backup_projeto-projeto contagem de tokens-20241102_041125-e18d332e-versao-0017.zip
2024-11-02 04:21:25,361 - INFO - Extraindo backup\completo_backup_projeto-projeto contagem de tokens-20241102_041118-b4b1b289-versao-0016.zip para backup_restaurado\completo_backup_projeto-projeto contagem de tokens-20241102_041118-b4b1b289-versao-0016
2024-11-02 04:21:25,461 - INFO - Backup restaurado com sucesso: completo_backup_projeto-projeto contagem de tokens-20241102_041118-b4b1b289-versao-0016.zip
2024-11-02 04:21:25,462 - INFO - Extraindo backup\completo_backup_projeto-projeto contagem de tokens-20241102_041100-ab332c19-versao-0015.zip para backup_restaurado\completo_backup_projeto-projeto contagem de tokens-20241102_041100-ab332c19-versao-0015
2024-11-02 04:21:26,338 - INFO - Backup restaurado com sucesso: completo_backup_projeto-projeto contagem de tokens-20241102_041100-ab332c19-versao-0015.zip
2024-11-02 04:21:26,349 - INFO - Extraindo backup\completo_backup_projeto-projeto contagem de tokens-20241102_040232-eeb1af6d-versao-0014.zip para backup_restaurado\completo_backup_projeto-projeto contagem de tokens-20241102_040232-eeb1af6d-versao-0014
2024-11-02 04:21:26,535 - INFO - Backup restaurado com sucesso: completo_backup_projeto-projeto contagem de tokens-20241102_040232-eeb1af6d-versao-0014.zip
2024-11-02 04:21:26,536 - INFO - Extraindo backup\completo_backup_projeto-projeto contagem de tokens-20241102_040222-cd3317f4-versao-0013.zip para backup_restaurado\completo_backup_projeto-projeto contagem de tokens-20241102_040222-cd3317f4-versao-0013
2024-11-02 04:21:26,682 - INFO - Backup restaurado com sucesso: completo_backup_projeto-projeto contagem de tokens-20241102_040222-cd3317f4-versao-0013.zip
2024-11-02 04:21:26,683 - INFO - Extraindo backup\completo_backup_projeto-projeto contagem de tokens-20241102_040140-747c4777-versao-0012.zip para backup_restaurado\completo_backup_projeto-projeto contagem de tokens-20241102_040140-747c4777-versao-0012
2024-11-02 04:21:26,840 - INFO - Backup restaurado com sucesso: completo_backup_projeto-projeto contagem de tokens-20241102_040140-747c4777-versao-0012.zip
2024-11-02 04:21:26,841 - INFO - Extraindo backup\completo_backup_projeto-projeto contagem de tokens-20241102_035438-04146c02-versao-0011.zip para backup_restaurado\completo_backup_projeto-projeto contagem de tokens-20241102_035438-04146c02-versao-0011
2024-11-02 04:21:27,931 - INFO - Backup restaurado com sucesso: completo_backup_projeto-projeto contagem de tokens-20241102_035438-04146c02-versao-0011.zip
2024-11-02 04:21:27,932 - INFO - Extraindo backup\completo_backup_projeto-projeto contagem de tokens-20241102_035433-25962567-versao-0010.zip para backup_restaurado\completo_backup_projeto-projeto contagem de tokens-20241102_035433-25962567-versao-0010
2024-11-02 04:21:29,802 - INFO - Backup restaurado com sucesso: completo_backup_projeto-projeto contagem de tokens-20241102_035433-25962567-versao-0010.zip
2024-11-02 04:21:29,803 - INFO - Extraindo backup\completo_backup_projeto-projeto contagem de tokens-20241102_035331-034e861b-versao-0009.zip para backup_restaurado\completo_backup_projeto-projeto contagem de tokens-20241102_035331-034e861b-versao-0009
2024-11-02 04:21:29,984 - INFO - Backup restaurado com sucesso: completo_backup_projeto-projeto contagem de tokens-20241102_035331-034e861b-versao-0009.zip
2024-11-02 04:21:29,985 - INFO - Extraindo backup\completo_backup_projeto-projeto contagem de tokens-20241102_035201-c4fd0ef7-versao-0008.zip para backup_restaurado\completo_backup_projeto-projeto contagem de tokens-20241102_035201-c4fd0ef7-versao-0008
2024-11-02 04:21:30,123 - INFO - Backup restaurado com sucesso: completo_backup_projeto-projeto contagem de tokens-20241102_035201-c4fd0ef7-versao-0008.zip
2024-11-02 04:21:30,123 - INFO - Extraindo backup\completo_backup_projeto-projeto contagem de tokens-20241102_035009-b4ec8d66-versao-0007.zip para backup_restaurado\completo_backup_projeto-projeto contagem de tokens-20241102_035009-b4ec8d66-versao-0007
2024-11-02 04:21:30,243 - INFO - Backup restaurado com sucesso: completo_backup_projeto-projeto contagem de tokens-20241102_035009-b4ec8d66-versao-0007.zip
2024-11-02 04:21:30,243 - INFO - Extraindo backup\completo_backup_projeto-projeto contagem de tokens-20241102_034927-a6c763fc-versao-0006.zip para backup_restaurado\completo_backup_projeto-projeto contagem de tokens-20241102_034927-a6c763fc-versao-0006
2024-11-02 04:21:30,340 - INFO - Backup restaurado com sucesso: completo_backup_projeto-projeto contagem de tokens-20241102_034927-a6c763fc-versao-0006.zip
2024-11-02 04:21:30,341 - INFO - Extraindo backup\completo_backup_projeto-projeto contagem de tokens-20241102_032606-43e38bca-versao-0005.zip para backup_restaurado\completo_backup_projeto-projeto contagem de tokens-20241102_032606-43e38bca-versao-0005
2024-11-02 04:21:30,353 - INFO - Backup restaurado com sucesso: completo_backup_projeto-projeto contagem de tokens-20241102_032606-43e38bca-versao-0005.zip
2024-11-02 04:21:30,354 - INFO - Extraindo backup\completo_backup_projeto-projeto contagem de tokens-20241102_032136-04c27e3d-versao-0004.zip para backup_restaurado\completo_backup_projeto-projeto contagem de tokens-20241102_032136-04c27e3d-versao-0004
2024-11-02 04:21:30,379 - INFO - Backup restaurado com sucesso: completo_backup_projeto-projeto contagem de tokens-20241102_032136-04c27e3d-versao-0004.zip
2024-11-02 04:21:30,380 - INFO - Extraindo backup\completo_backup_projeto-projeto contagem de tokens-20241102_030201-aba6a2c4-versao-0003.zip para backup_restaurado\completo_backup_projeto-projeto contagem de tokens-20241102_030201-aba6a2c4-versao-0003
2024-11-02 04:21:30,465 - INFO - Backup restaurado com sucesso: completo_backup_projeto-projeto contagem de tokens-20241102_030201-aba6a2c4-versao-0003.zip
2024-11-02 04:21:30,466 - INFO - Extraindo backup\completo_backup_projeto-projeto contagem de tokens-20241102_024615-12074e44-versao-0002.zip para backup_restaurado\completo_backup_projeto-projeto contagem de tokens-20241102_024615-12074e44-versao-0002
2024-11-02 04:21:30,478 - INFO - Backup restaurado com sucesso: completo_backup_projeto-projeto contagem de tokens-20241102_024615-12074e44-versao-0002.zip
2024-11-02 04:21:30,479 - INFO - Extraindo backup\completo_backup_projeto-projeto contagem de tokens-20241102_024443-830124be-versao-0001.zip para backup_restaurado\completo_backup_projeto-projeto contagem de tokens-20241102_024443-830124be-versao-0001
2024-11-02 04:21:30,509 - INFO - Backup restaurado com sucesso: completo_backup_projeto-projeto contagem de tokens-20241102_024443-830124be-versao-0001.zip
2024-11-02 04:21:30,510 - INFO - 
Resumo da restauração:
2024-11-02 04:21:30,510 - INFO - Total de arquivos processados: 19
2024-11-02 04:21:30,510 - INFO - Restaurações bem-sucedidas: 19
2024-11-02 04:21:30,511 - INFO - Falhas: 0
2024-11-02 04:22:29,633 - INFO - Extraindo backup\completo_backup_projeto-projeto contagem de tokens-20241102_041743-dfb13754-versao-0019.zip para backup_restaurado\completo_backup_projeto-projeto contagem de tokens-20241102_041743-dfb13754-versao-0019
2024-11-02 04:22:31,402 - INFO - Backup restaurado com sucesso: completo_backup_projeto-projeto contagem de tokens-20241102_041743-dfb13754-versao-0019.zip
2024-11-02 04:22:31,403 - INFO - Extraindo backup\completo_backup_projeto-projeto contagem de tokens-20241102_041536-df73a0f2-versao-0018.zip para backup_restaurado\completo_backup_projeto-projeto contagem de tokens-20241102_041536-df73a0f2-versao-0018
2024-11-02 04:22:32,717 - INFO - Backup restaurado com sucesso: completo_backup_projeto-projeto contagem de tokens-20241102_041536-df73a0f2-versao-0018.zip
2024-11-02 04:22:32,718 - INFO - Extraindo backup\completo_backup_projeto-projeto contagem de tokens-20241102_041125-e18d332e-versao-0017.zip para backup_restaurado\completo_backup_projeto-projeto contagem de tokens-20241102_041125-e18d332e-versao-0017
2024-11-02 04:22:32,800 - INFO - Backup restaurado com sucesso: completo_backup_projeto-projeto contagem de tokens-20241102_041125-e18d332e-versao-0017.zip
2024-11-02 04:22:32,801 - INFO - Extraindo backup\completo_backup_projeto-projeto contagem de tokens-20241102_041118-b4b1b289-versao-0016.zip para backup_restaurado\completo_backup_projeto-projeto contagem de tokens-20241102_041118-b4b1b289-versao-0016
2024-11-02 04:22:32,880 - INFO - Backup restaurado com sucesso: completo_backup_projeto-projeto contagem de tokens-20241102_041118-b4b1b289-versao-0016.zip
2024-11-02 04:22:32,881 - INFO - Extraindo backup\completo_backup_projeto-projeto contagem de tokens-20241102_041100-ab332c19-versao-0015.zip para backup_restaurado\completo_backup_projeto-projeto contagem de tokens-20241102_041100-ab332c19-versao-0015
2024-11-02 04:22:32,964 - INFO - Backup restaurado com sucesso: completo_backup_projeto-projeto contagem de tokens-20241102_041100-ab332c19-versao-0015.zip
2024-11-02 04:22:32,965 - INFO - Extraindo backup\completo_backup_projeto-projeto contagem de tokens-20241102_040232-eeb1af6d-versao-0014.zip para backup_restaurado\completo_backup_projeto-projeto contagem de tokens-20241102_040232-eeb1af6d-versao-0014
2024-11-02 04:22:33,037 - INFO - Backup restaurado com sucesso: completo_backup_projeto-projeto contagem de tokens-20241102_040232-eeb1af6d-versao-0014.zip
2024-11-02 04:22:33,038 - INFO - Extraindo backup\completo_backup_projeto-projeto contagem de tokens-20241102_040222-cd3317f4-versao-0013.zip para backup_restaurado\completo_backup_projeto-projeto contagem de tokens-20241102_040222-cd3317f4-versao-0013
2024-11-02 04:22:33,144 - INFO - Backup restaurado com sucesso: completo_backup_projeto-projeto contagem de tokens-20241102_040222-cd3317f4-versao-0013.zip
2024-11-02 04:22:33,147 - INFO - Extraindo backup\completo_backup_projeto-projeto contagem de tokens-20241102_040140-747c4777-versao-0012.zip para backup_restaurado\completo_backup_projeto-projeto contagem de tokens-20241102_040140-747c4777-versao-0012
2024-11-02 04:22:33,249 - INFO - Backup restaurado com sucesso: completo_backup_projeto-projeto contagem de tokens-20241102_040140-747c4777-versao-0012.zip
2024-11-02 04:22:33,250 - INFO - Extraindo backup\completo_backup_projeto-projeto contagem de tokens-20241102_035438-04146c02-versao-0011.zip para backup_restaurado\completo_backup_projeto-projeto contagem de tokens-20241102_035438-04146c02-versao-0011
2024-11-02 04:22:33,295 - INFO - Backup restaurado com sucesso: completo_backup_projeto-projeto contagem de tokens-20241102_035438-04146c02-versao-0011.zip
2024-11-02 04:22:33,296 - INFO - Extraindo backup\completo_backup_projeto-projeto contagem de tokens-20241102_035433-25962567-versao-0010.zip para backup_restaurado\completo_backup_projeto-projeto contagem de tokens-20241102_035433-25962567-versao-0010
2024-11-02 04:22:33,350 - INFO - Backup restaurado com sucesso: completo_backup_projeto-projeto contagem de tokens-20241102_035433-25962567-versao-0010.zip
2024-11-02 04:22:33,351 - INFO - Extraindo backup\completo_backup_projeto-projeto contagem de tokens-20241102_035331-034e861b-versao-0009.zip para backup_restaurado\completo_backup_projeto-projeto contagem de tokens-20241102_035331-034e861b-versao-0009
2024-11-02 04:22:33,407 - INFO - Backup restaurado com sucesso: completo_backup_projeto-projeto contagem de tokens-20241102_035331-034e861b-versao-0009.zip
2024-11-02 04:22:33,407 - INFO - Extraindo backup\completo_backup_projeto-projeto contagem de tokens-20241102_035201-c4fd0ef7-versao-0008.zip para backup_restaurado\completo_backup_projeto-projeto contagem de tokens-20241102_035201-c4fd0ef7-versao-0008
2024-11-02 04:22:33,453 - INFO - Backup restaurado com sucesso: completo_backup_projeto-projeto contagem de tokens-20241102_035201-c4fd0ef7-versao-0008.zip
2024-11-02 04:22:33,454 - INFO - Extraindo backup\completo_backup_projeto-projeto contagem de tokens-20241102_035009-b4ec8d66-versao-0007.zip para backup_restaurado\completo_backup_projeto-projeto contagem de tokens-20241102_035009-b4ec8d66-versao-0007
2024-11-02 04:22:33,500 - INFO - Backup restaurado com sucesso: completo_backup_projeto-projeto contagem de tokens-20241102_035009-b4ec8d66-versao-0007.zip
2024-11-02 04:22:33,501 - INFO - Extraindo backup\completo_backup_projeto-projeto contagem de tokens-20241102_034927-a6c763fc-versao-0006.zip para backup_restaurado\completo_backup_projeto-projeto contagem de tokens-20241102_034927-a6c763fc-versao-0006
2024-11-02 04:22:33,535 - INFO - Backup restaurado com sucesso: completo_backup_projeto-projeto contagem de tokens-20241102_034927-a6c763fc-versao-0006.zip
2024-11-02 04:22:33,536 - INFO - Extraindo backup\completo_backup_projeto-projeto contagem de tokens-20241102_032606-43e38bca-versao-0005.zip para backup_restaurado\completo_backup_projeto-projeto contagem de tokens-20241102_032606-43e38bca-versao-0005
2024-11-02 04:22:33,546 - INFO - Backup restaurado com sucesso: completo_backup_projeto-projeto contagem de tokens-20241102_032606-43e38bca-versao-0005.zip
2024-11-02 04:22:33,547 - INFO - Extraindo backup\completo_backup_projeto-projeto contagem de tokens-20241102_032136-04c27e3d-versao-0004.zip para backup_restaurado\completo_backup_projeto-projeto contagem de tokens-20241102_032136-04c27e3d-versao-0004
2024-11-02 04:22:33,569 - INFO - Backup restaurado com sucesso: completo_backup_projeto-projeto contagem de tokens-20241102_032136-04c27e3d-versao-0004.zip
2024-11-02 04:22:33,569 - INFO - Extraindo backup\completo_backup_projeto-projeto contagem de tokens-20241102_030201-aba6a2c4-versao-0003.zip para backup_restaurado\completo_backup_projeto-projeto contagem de tokens-20241102_030201-aba6a2c4-versao-0003
2024-11-02 04:22:33,579 - INFO - Backup restaurado com sucesso: completo_backup_projeto-projeto contagem de tokens-20241102_030201-aba6a2c4-versao-0003.zip
2024-11-02 04:22:33,580 - INFO - Extraindo backup\completo_backup_projeto-projeto contagem de tokens-20241102_024615-12074e44-versao-0002.zip para backup_restaurado\completo_backup_projeto-projeto contagem de tokens-20241102_024615-12074e44-versao-0002
2024-11-02 04:22:33,588 - INFO - Backup restaurado com sucesso: completo_backup_projeto-projeto contagem de tokens-20241102_024615-12074e44-versao-0002.zip
2024-11-02 04:22:33,589 - INFO - Extraindo backup\completo_backup_projeto-projeto contagem de tokens-20241102_024443-830124be-versao-0001.zip para backup_restaurado\completo_backup_projeto-projeto contagem de tokens-20241102_024443-830124be-versao-0001
2024-11-02 04:22:33,597 - INFO - Backup restaurado com sucesso: completo_backup_projeto-projeto contagem de tokens-20241102_024443-830124be-versao-0001.zip
2024-11-02 04:22:33,597 - INFO - 
Resumo da restauração:
2024-11-02 04:22:33,598 - INFO - Total de arquivos processados: 19
2024-11-02 04:22:33,598 - INFO - Restaurações bem-sucedidas: 19
2024-11-02 04:22:33,599 - INFO - Falhas: 0
2024-11-02 04:24:27,692 - INFO - Extraindo backup\completo_backup_projeto-projeto contagem de tokens-20241102_041743-dfb13754-versao-0019.zip para backup_restaurado\completo_backup_projeto-projeto contagem de tokens-20241102_041743-dfb13754-versao-0019
2024-11-02 04:24:29,781 - INFO - Backup restaurado com sucesso: completo_backup_projeto-projeto contagem de tokens-20241102_041743-dfb13754-versao-0019.zip
2024-11-02 04:24:29,782 - INFO - Extraindo backup\completo_backup_projeto-projeto contagem de tokens-20241102_041536-df73a0f2-versao-0018.zip para backup_restaurado\completo_backup_projeto-projeto contagem de tokens-20241102_041536-df73a0f2-versao-0018
2024-11-02 04:24:31,241 - INFO - Backup restaurado com sucesso: completo_backup_projeto-projeto contagem de tokens-20241102_041536-df73a0f2-versao-0018.zip
2024-11-02 04:24:31,245 - INFO - Extraindo backup\completo_backup_projeto-projeto contagem de tokens-20241102_041125-e18d332e-versao-0017.zip para backup_restaurado\completo_backup_projeto-projeto contagem de tokens-20241102_041125-e18d332e-versao-0017
2024-11-02 04:24:31,452 - INFO - Backup restaurado com sucesso: completo_backup_projeto-projeto contagem de tokens-20241102_041125-e18d332e-versao-0017.zip
2024-11-02 04:24:31,452 - INFO - Extraindo backup\completo_backup_projeto-projeto contagem de tokens-20241102_041118-b4b1b289-versao-0016.zip para backup_restaurado\completo_backup_projeto-projeto contagem de tokens-20241102_041118-b4b1b289-versao-0016
2024-11-02 04:24:31,679 - INFO - Backup restaurado com sucesso: completo_backup_projeto-projeto contagem de tokens-20241102_041118-b4b1b289-versao-0016.zip
2024-11-02 04:24:31,680 - INFO - Extraindo backup\completo_backup_projeto-projeto contagem de tokens-20241102_041100-ab332c19-versao-0015.zip para backup_restaurado\completo_backup_projeto-projeto contagem de tokens-20241102_041100-ab332c19-versao-0015
2024-11-02 04:24:31,897 - INFO - Backup restaurado com sucesso: completo_backup_projeto-projeto contagem de tokens-20241102_041100-ab332c19-versao-0015.zip
2024-11-02 04:24:31,897 - INFO - Extraindo backup\completo_backup_projeto-projeto contagem de tokens-20241102_040232-eeb1af6d-versao-0014.zip para backup_restaurado\completo_backup_projeto-projeto contagem de tokens-20241102_040232-eeb1af6d-versao-0014
2024-11-02 04:24:32,089 - INFO - Backup restaurado com sucesso: completo_backup_projeto-projeto contagem de tokens-20241102_040232-eeb1af6d-versao-0014.zip
2024-11-02 04:24:32,090 - INFO - Extraindo backup\completo_backup_projeto-projeto contagem de tokens-20241102_040222-cd3317f4-versao-0013.zip para backup_restaurado\completo_backup_projeto-projeto contagem de tokens-20241102_040222-cd3317f4-versao-0013
2024-11-02 04:24:34,601 - INFO - Backup restaurado com sucesso: completo_backup_projeto-projeto contagem de tokens-20241102_040222-cd3317f4-versao-0013.zip
2024-11-02 04:24:34,601 - INFO - Extraindo backup\completo_backup_projeto-projeto contagem de tokens-20241102_040140-747c4777-versao-0012.zip para backup_restaurado\completo_backup_projeto-projeto contagem de tokens-20241102_040140-747c4777-versao-0012
2024-11-02 04:24:34,886 - INFO - Backup restaurado com sucesso: completo_backup_projeto-projeto contagem de tokens-20241102_040140-747c4777-versao-0012.zip
2024-11-02 04:24:34,887 - INFO - Extraindo backup\completo_backup_projeto-projeto contagem de tokens-20241102_035438-04146c02-versao-0011.zip para backup_restaurado\completo_backup_projeto-projeto contagem de tokens-20241102_035438-04146c02-versao-0011
2024-11-02 04:24:35,035 - INFO - Backup restaurado com sucesso: completo_backup_projeto-projeto contagem de tokens-20241102_035438-04146c02-versao-0011.zip
2024-11-02 04:24:35,035 - INFO - Extraindo backup\completo_backup_projeto-projeto contagem de tokens-20241102_035433-25962567-versao-0010.zip para backup_restaurado\completo_backup_projeto-projeto contagem de tokens-20241102_035433-25962567-versao-0010
2024-11-02 04:24:35,197 - INFO - Backup restaurado com sucesso: completo_backup_projeto-projeto contagem de tokens-20241102_035433-25962567-versao-0010.zip
2024-11-02 04:24:35,198 - INFO - Extraindo backup\completo_backup_projeto-projeto contagem de tokens-20241102_035331-034e861b-versao-0009.zip para backup_restaurado\completo_backup_projeto-projeto contagem de tokens-20241102_035331-034e861b-versao-0009
2024-11-02 04:24:35,330 - INFO - Backup restaurado com sucesso: completo_backup_projeto-projeto contagem de tokens-20241102_035331-034e861b-versao-0009.zip
2024-11-02 04:24:35,331 - INFO - Extraindo backup\completo_backup_projeto-projeto contagem de tokens-20241102_035201-c4fd0ef7-versao-0008.zip para backup_restaurado\completo_backup_projeto-projeto contagem de tokens-20241102_035201-c4fd0ef7-versao-0008
2024-11-02 04:24:35,478 - INFO - Backup restaurado com sucesso: completo_backup_projeto-projeto contagem de tokens-20241102_035201-c4fd0ef7-versao-0008.zip
2024-11-02 04:24:35,479 - INFO - Extraindo backup\completo_backup_projeto-projeto contagem de tokens-20241102_035009-b4ec8d66-versao-0007.zip para backup_restaurado\completo_backup_projeto-projeto contagem de tokens-20241102_035009-b4ec8d66-versao-0007
2024-11-02 04:24:35,616 - INFO - Backup restaurado com sucesso: completo_backup_projeto-projeto contagem de tokens-20241102_035009-b4ec8d66-versao-0007.zip
2024-11-02 04:24:35,616 - INFO - Extraindo backup\completo_backup_projeto-projeto contagem de tokens-20241102_034927-a6c763fc-versao-0006.zip para backup_restaurado\completo_backup_projeto-projeto contagem de tokens-20241102_034927-a6c763fc-versao-0006
2024-11-02 04:24:35,773 - INFO - Backup restaurado com sucesso: completo_backup_projeto-projeto contagem de tokens-20241102_034927-a6c763fc-versao-0006.zip
2024-11-02 04:24:35,773 - INFO - Extraindo backup\completo_backup_projeto-projeto contagem de tokens-20241102_032606-43e38bca-versao-0005.zip para backup_restaurado\completo_backup_projeto-projeto contagem de tokens-20241102_032606-43e38bca-versao-0005
2024-11-02 04:24:35,808 - INFO - Backup restaurado com sucesso: completo_backup_projeto-projeto contagem de tokens-20241102_032606-43e38bca-versao-0005.zip
2024-11-02 04:24:35,827 - INFO - Extraindo backup\completo_backup_projeto-projeto contagem de tokens-20241102_032136-04c27e3d-versao-0004.zip para backup_restaurado\completo_backup_projeto-projeto contagem de tokens-20241102_032136-04c27e3d-versao-0004
2024-11-02 04:24:35,883 - INFO - Backup restaurado com sucesso: completo_backup_projeto-projeto contagem de tokens-20241102_032136-04c27e3d-versao-0004.zip
2024-11-02 04:24:35,884 - INFO - Extraindo backup\completo_backup_projeto-projeto contagem de tokens-20241102_030201-aba6a2c4-versao-0003.zip para backup_restaurado\completo_backup_projeto-projeto contagem de tokens-20241102_030201-aba6a2c4-versao-0003
2024-11-02 04:24:35,911 - INFO - Backup restaurado com sucesso: completo_backup_projeto-projeto contagem de tokens-20241102_030201-aba6a2c4-versao-0003.zip
2024-11-02 04:24:35,912 - INFO - Extraindo backup\completo_backup_projeto-projeto contagem de tokens-20241102_024615-12074e44-versao-0002.zip para backup_restaurado\completo_backup_projeto-projeto contagem de tokens-20241102_024615-12074e44-versao-0002
2024-11-02 04:24:35,942 - INFO - Backup restaurado com sucesso: completo_backup_projeto-projeto contagem de tokens-20241102_024615-12074e44-versao-0002.zip
2024-11-02 04:24:35,943 - INFO - Extraindo backup\completo_backup_projeto-projeto contagem de tokens-20241102_024443-830124be-versao-0001.zip para backup_restaurado\completo_backup_projeto-projeto contagem de tokens-20241102_024443-830124be-versao-0001
2024-11-02 04:24:35,962 - INFO - Backup restaurado com sucesso: completo_backup_projeto-projeto contagem de tokens-20241102_024443-830124be-versao-0001.zip
2024-11-02 04:24:35,962 - INFO - 
Resumo da restauração:
2024-11-02 04:24:35,963 - INFO - Total de arquivos processados: 19
2024-11-02 04:24:35,963 - INFO - Restaurações bem-sucedidas: 19
2024-11-02 04:24:35,963 - INFO - Falhas: 0
