2024-11-02 04:01:41,436 - INFO - Extraindo backup\completo_backup_projeto-projeto contagem de tokens-20241102_040140-747c4777-versao-0012.zip para backup_restaurado\completo_backup_projeto-projeto contagem de tokens-20241102_040140-747c4777-versao-0012
2024-11-02 04:01:41,512 - INFO - Backup restaurado com sucesso: completo_backup_projeto-projeto contagem de tokens-20241102_040140-747c4777-versao-0012.zip
2024-11-02 04:01:41,513 - INFO - Extraindo backup\completo_backup_projeto-projeto contagem de tokens-20241102_035438-04146c02-versao-0011.zip para backup_restaurado\completo_backup_projeto-projeto contagem de tokens-20241102_035438-04146c02-versao-0011
2024-11-02 04:01:41,583 - INFO - Backup restaurado com sucesso: completo_backup_projeto-projeto contagem de tokens-20241102_035438-04146c02-versao-0011.zip
2024-11-02 04:01:41,584 - INFO - Extraindo backup\completo_backup_projeto-projeto contagem de tokens-20241102_035433-25962567-versao-0010.zip para backup_restaurado\completo_backup_projeto-projeto contagem de tokens-20241102_035433-25962567-versao-0010
2024-11-02 04:01:41,649 - INFO - Backup restaurado com sucesso: completo_backup_projeto-projeto contagem de tokens-20241102_035433-25962567-versao-0010.zip
2024-11-02 04:01:41,649 - INFO - Extraindo backup\completo_backup_projeto-projeto contagem de tokens-20241102_035331-034e861b-versao-0009.zip para backup_restaurado\completo_backup_projeto-projeto contagem de tokens-20241102_035331-034e861b-versao-0009
2024-11-02 04:01:41,720 - INFO - Backup restaurado com sucesso: completo_backup_projeto-projeto contagem de tokens-20241102_035331-034e861b-versao-0009.zip
2024-11-02 04:01:41,721 - INFO - Extraindo backup\completo_backup_projeto-projeto contagem de tokens-20241102_035201-c4fd0ef7-versao-0008.zip para backup_restaurado\completo_backup_projeto-projeto contagem de tokens-20241102_035201-c4fd0ef7-versao-0008
2024-11-02 04:01:41,778 - INFO - Backup restaurado com sucesso: completo_backup_projeto-projeto contagem de tokens-20241102_035201-c4fd0ef7-versao-0008.zip
2024-11-02 04:01:41,779 - INFO - Extraindo backup\completo_backup_projeto-projeto contagem de tokens-20241102_035009-b4ec8d66-versao-0007.zip para backup_restaurado\completo_backup_projeto-projeto contagem de tokens-20241102_035009-b4ec8d66-versao-0007
2024-11-02 04:01:41,843 - INFO - Backup restaurado com sucesso: completo_backup_projeto-projeto contagem de tokens-20241102_035009-b4ec8d66-versao-0007.zip
2024-11-02 04:01:41,843 - INFO - Extraindo backup\completo_backup_projeto-projeto contagem de tokens-20241102_034927-a6c763fc-versao-0006.zip para backup_restaurado\completo_backup_projeto-projeto contagem de tokens-20241102_034927-a6c763fc-versao-0006
2024-11-02 04:01:41,896 - INFO - Backup restaurado com sucesso: completo_backup_projeto-projeto contagem de tokens-20241102_034927-a6c763fc-versao-0006.zip
2024-11-02 04:01:41,897 - INFO - Extraindo backup\completo_backup_projeto-projeto contagem de tokens-20241102_032606-43e38bca-versao-0005.zip para backup_restaurado\completo_backup_projeto-projeto contagem de tokens-20241102_032606-43e38bca-versao-0005
2024-11-02 04:01:41,916 - INFO - Backup restaurado com sucesso: completo_backup_projeto-projeto contagem de tokens-20241102_032606-43e38bca-versao-0005.zip
2024-11-02 04:01:41,916 - INFO - Extraindo backup\completo_backup_projeto-projeto contagem de tokens-20241102_032136-04c27e3d-versao-0004.zip para backup_restaurado\completo_backup_projeto-projeto contagem de tokens-20241102_032136-04c27e3d-versao-0004
2024-11-02 04:01:41,939 - INFO - Backup restaurado com sucesso: completo_backup_projeto-projeto contagem de tokens-20241102_032136-04c27e3d-versao-0004.zip
2024-11-02 04:01:41,940 - INFO - Extraindo backup\completo_backup_projeto-projeto contagem de tokens-20241102_030201-aba6a2c4-versao-0003.zip para backup_restaurado\completo_backup_projeto-projeto contagem de tokens-20241102_030201-aba6a2c4-versao-0003
2024-11-02 04:01:41,953 - INFO - Backup restaurado com sucesso: completo_backup_projeto-projeto contagem de tokens-20241102_030201-aba6a2c4-versao-0003.zip
2024-11-02 04:01:41,953 - INFO - 
Resumo da restauração:
2024-11-02 04:01:41,953 - INFO - Total de arquivos processados: 10
2024-11-02 04:01:41,953 - INFO - Restaurações bem-sucedidas: 10
2024-11-02 04:01:41,953 - INFO - Falhas: 0
